This file contains any messages produced by compilers while
running configure, to aid debugging if configure makes a mistake.

It was created by configure, which was
generated by GNU Autoconf 2.58.  Invocation command line was

  $ ./configure --target=mips

## --------- ##
## Platform. ##
## --------- ##

hostname = itgserver200
uname -m = i686
uname -r = 2.4.25-1-686
uname -s = Linux
uname -v = #1 Tue Feb 24 10:55:59 EST 2004

/usr/bin/uname -p = unknown
/bin/uname -X     = unknown

/bin/arch              = i686
/usr/bin/arch -k       = unknown
/usr/convex/getsysinfo = unknown
hostinfo               = unknown
/bin/machine           = unknown
/usr/bin/oslevel       = unknown
/bin/universe          = unknown

PATH: /usr/local/sbin
PATH: /usr/local/bin
PATH: /usr/sbin
PATH: /usr/bin
PATH: /sbin
PATH: /bin
PATH: /usr/bin/X11
PATH: /home/vincent/bin


## ----------- ##
## Core tests. ##
## ----------- ##

configure:1304: checking for binaries in
configure:1306: result: /usr/bin:/bin:/usr/sbin:/sbin
configure:1316: checking for mount
configure:1334: found /bin/mount
configure:1346: result: /bin/mount
configure:1375: checking for umount
configure:1393: found /bin/umount
configure:1405: result: /bin/umount
configure:1434: checking for fsck.ext2
configure:1452: found /sbin/fsck.ext2
configure:1464: result: /sbin/fsck.ext2
configure:1492: checking for fsck.ext3
configure:1510: found /sbin/fsck.ext3
configure:1522: result: /sbin/fsck.ext3
configure:1552: checking if mount accepts the -s option
configure:1562: result: no
configure:1616: checking for gcc
configure:1632: found /usr/bin/gcc
configure:1642: result: gcc
configure:1886: checking for C compiler version
configure:1889: gcc --version </dev/null >&5
gcc (GCC) 3.3.5 (Debian 1:3.3.5-13)
Copyright (C) 2003 Free Software Foundation, Inc.
This is free software; see the source for copying conditions.  There is NO
warranty; not even for MERCHANTABILITY or FITNESS FOR A PARTICULAR PURPOSE.

configure:1892: $? = 0
configure:1894: gcc -v </dev/null >&5
Reading specs from /usr/lib/gcc-lib/i486-linux/3.3.5/specs
Configured with: ../src/configure -v --enable-languages=c,c++,java,f77,pascal,objc,ada,treelang --prefix=/usr --mandir=/usr/share/man --infodir=/usr/share/info --with-gxx-include-dir=/usr/include/c++/3.3 --enable-shared --enable-__cxa_atexit --with-system-zlib --enable-nls --without-included-gettext --enable-clocale=gnu --enable-debug --enable-java-gc=boehm --enable-java-awt=xlib --enable-objc-gc i486-linux
Thread model: posix
gcc version 3.3.5 (Debian 1:3.3.5-13)
configure:1897: $? = 0
configure:1899: gcc -V </dev/null >&5
gcc: `-V' option must have argument
configure:1902: $? = 1
configure:1925: checking for C compiler default output file name
configure:1928: gcc    conftest.c  >&5
configure:1931: $? = 0
configure:1977: result: a.out
configure:1982: checking whether the C compiler works
configure:1988: ./a.out
configure:1991: $? = 0
configure:2008: result: yes
configure:2015: checking whether we are cross compiling
configure:2017: result: no
configure:2020: checking for suffix of executables
configure:2022: gcc -o conftest    conftest.c  >&5
configure:2025: $? = 0
configure:2050: result: 
configure:2056: checking for suffix of object files
configure:2077: gcc -c   conftest.c >&5
configure:2080: $? = 0
configure:2102: result: o
configure:2106: checking whether we are using the GNU C compiler
configure:2130: gcc -c   conftest.c >&5
configure:2136: $? = 0
configure:2140: test -z 
			 || test ! -s conftest.err
configure:2143: $? = 0
configure:2146: test -s conftest.o
configure:2149: $? = 0
configure:2162: result: yes
configure:2168: checking whether gcc accepts -g
configure:2189: gcc -c -g  conftest.c >&5
configure:2195: $? = 0
configure:2199: test -z 
			 || test ! -s conftest.err
configure:2202: $? = 0
configure:2205: test -s conftest.o
configure:2208: $? = 0
configure:2219: result: yes
configure:2236: checking for gcc option to accept ANSI C
configure:2306: gcc  -c -g -O2  conftest.c >&5
configure:2312: $? = 0
configure:2316: test -z 
			 || test ! -s conftest.err
configure:2319: $? = 0
configure:2322: test -s conftest.o
configure:2325: $? = 0
configure:2343: result: none needed
configure:2361: gcc -c -g -O2  conftest.c >&5
conftest.c:2: error: syntax error before "me"
configure:2367: $? = 1
configure: failed program was:
| #ifndef __cplusplus
|   choke me
| #endif
configure:2501: checking for yp_match in -lnsl
configure:2531: gcc -o conftest -g -O2   conftest.c -lnsl   >&5
configure:2537: $? = 0
configure:2541: test -z 
			 || test ! -s conftest.err
configure:2544: $? = 0
configure:2547: test -s conftest
configure:2550: $? = 0
configure:2563: result: yes
configure:2571: checking for res_query in -lresolv
configure:2601: gcc -o conftest -g -O2   conftest.c -lresolv   >&5
configure:2607: $? = 0
configure:2611: test -z 
			 || test ! -s conftest.err
configure:2614: $? = 0
configure:2617: test -s conftest
configure:2620: $? = 0
configure:2633: result: yes
configure:2669: checking for hes_resolve in -lhesiod
configure:2699: gcc -o conftest -g -O2   conftest.c -lhesiod -lresolv  >&5
/usr/bin/ld: cannot find -lhesiod
collect2: ld returned 1 exit status
configure:2705: $? = 1
configure: failed program was:
| /* confdefs.h.  */
| 
| #define PACKAGE_NAME ""
| #define PACKAGE_TARNAME ""
| #define PACKAGE_VERSION ""
| #define PACKAGE_STRING ""
| #define PACKAGE_BUGREPORT ""
| #define HAVE_MOUNT 1
| #define PATH_MOUNT "/bin/mount"
| #define HAVE_UMOUNT 1
| #define PATH_UMOUNT "/bin/umount"
| #define HAVE_E2FSCK 1
| #define PATH_E2FSCK "/sbin/fsck.ext2"
| #define HAVE_E3FSCK 1
| #define PATH_E3FSCK "/sbin/fsck.ext3"
| /* end confdefs.h.  */
| 
| /* Override any gcc2 internal prototype to avoid an error.  */
| #ifdef __cplusplus
| extern "C"
| #endif
| /* We use char because int might match the return type of a gcc2
|    builtin and then its argument prototype would still apply.  */
| char hes_resolve ();
| int
| main ()
| {
| hes_resolve ();
|   ;
|   return 0;
| }
configure:2731: result: no
configure:2750: checking how to run the C preprocessor
configure:2785: gcc -E  conftest.c
configure:2791: $? = 0
configure:2823: gcc -E  conftest.c
conftest.c:17:28: ac_nonexistent.h: No such file or directory
configure:2829: $? = 1
configure: failed program was:
| /* confdefs.h.  */
| 
| #define PACKAGE_NAME ""
| #define PACKAGE_TARNAME ""
| #define PACKAGE_VERSION ""
| #define PACKAGE_STRING ""
| #define PACKAGE_BUGREPORT ""
| #define HAVE_MOUNT 1
| #define PATH_MOUNT "/bin/mount"
| #define HAVE_UMOUNT 1
| #define PATH_UMOUNT "/bin/umount"
| #define HAVE_E2FSCK 1
| #define PATH_E2FSCK "/sbin/fsck.ext2"
| #define HAVE_E3FSCK 1
| #define PATH_E3FSCK "/sbin/fsck.ext3"
| /* end confdefs.h.  */
| #include <ac_nonexistent.h>
configure:2868: result: gcc -E
configure:2892: gcc -E  conftest.c
configure:2898: $? = 0
configure:2930: gcc -E  conftest.c
conftest.c:17:28: ac_nonexistent.h: No such file or directory
configure:2936: $? = 1
configure: failed program was:
| /* confdefs.h.  */
| 
| #define PACKAGE_NAME ""
| #define PACKAGE_TARNAME ""
| #define PACKAGE_VERSION ""
| #define PACKAGE_STRING ""
| #define PACKAGE_BUGREPORT ""
| #define HAVE_MOUNT 1
| #define PATH_MOUNT "/bin/mount"
| #define HAVE_UMOUNT 1
| #define PATH_UMOUNT "/bin/umount"
| #define HAVE_E2FSCK 1
| #define PATH_E2FSCK "/sbin/fsck.ext2"
| #define HAVE_E3FSCK 1
| #define PATH_E3FSCK "/sbin/fsck.ext3"
| /* end confdefs.h.  */
| #include <ac_nonexistent.h>
configure:2980: checking for egrep
configure:2990: result: grep -E
configure:2995: checking for ANSI C header files
configure:3020: gcc -c -g -O2  conftest.c >&5
configure:3026: $? = 0
configure:3030: test -z 
			 || test ! -s conftest.err
configure:3033: $? = 0
configure:3036: test -s conftest.o
configure:3039: $? = 0
configure:3125: gcc -o conftest -g -O2   conftest.c  >&5
configure:3128: $? = 0
configure:3130: ./conftest
configure:3133: $? = 0
configure:3148: result: yes
configure:3172: checking for sys/types.h
configure:3188: gcc -c -g -O2  conftest.c >&5
configure:3194: $? = 0
configure:3198: test -z 
			 || test ! -s conftest.err
configure:3201: $? = 0
configure:3204: test -s conftest.o
configure:3207: $? = 0
configure:3218: result: yes
configure:3172: checking for sys/stat.h
configure:3188: gcc -c -g -O2  conftest.c >&5
configure:3194: $? = 0
configure:3198: test -z 
			 || test ! -s conftest.err
configure:3201: $? = 0
configure:3204: test -s conftest.o
configure:3207: $? = 0
configure:3218: result: yes
configure:3172: checking for stdlib.h
configure:3188: gcc -c -g -O2  conftest.c >&5
configure:3194: $? = 0
configure:3198: test -z 
			 || test ! -s conftest.err
configure:3201: $? = 0
configure:3204: test -s conftest.o
configure:3207: $? = 0
configure:3218: result: yes
configure:3172: checking for string.h
configure:3188: gcc -c -g -O2  conftest.c >&5
configure:3194: $? = 0
configure:3198: test -z 
			 || test ! -s conftest.err
configure:3201: $? = 0
configure:3204: test -s conftest.o
configure:3207: $? = 0
configure:3218: result: yes
configure:3172: checking for memory.h
configure:3188: gcc -c -g -O2  conftest.c >&5
configure:3194: $? = 0
configure:3198: test -z 
			 || test ! -s conftest.err
configure:3201: $? = 0
configure:3204: test -s conftest.o
configure:3207: $? = 0
configure:3218: result: yes
configure:3172: checking for strings.h
configure:3188: gcc -c -g -O2  conftest.c >&5
configure:3194: $? = 0
configure:3198: test -z 
			 || test ! -s conftest.err
configure:3201: $? = 0
configure:3204: test -s conftest.o
configure:3207: $? = 0
configure:3218: result: yes
configure:3172: checking for inttypes.h
configure:3188: gcc -c -g -O2  conftest.c >&5
configure:3194: $? = 0
configure:3198: test -z 
			 || test ! -s conftest.err
configure:3201: $? = 0
configure:3204: test -s conftest.o
configure:3207: $? = 0
configure:3218: result: yes
configure:3172: checking for stdint.h
configure:3188: gcc -c -g -O2  conftest.c >&5
configure:3194: $? = 0
configure:3198: test -z 
			 || test ! -s conftest.err
configure:3201: $? = 0
configure:3204: test -s conftest.o
configure:3207: $? = 0
configure:3218: result: yes
configure:3172: checking for unistd.h
configure:3188: gcc -c -g -O2  conftest.c >&5
configure:3194: $? = 0
configure:3198: test -z 
			 || test ! -s conftest.err
configure:3201: $? = 0
configure:3204: test -s conftest.o
configure:3207: $? = 0
configure:3218: result: yes
configure:3240: checking rpcsvc/nis.h usability
configure:3252: gcc -c -g -O2  conftest.c >&5
configure:3258: $? = 0
configure:3262: test -z 
			 || test ! -s conftest.err
configure:3265: $? = 0
configure:3268: test -s conftest.o
configure:3271: $? = 0
configure:3281: result: yes
configure:3285: checking rpcsvc/nis.h presence
configure:3295: gcc -E  conftest.c
configure:3301: $? = 0
configure:3321: result: yes
configure:3356: checking for rpcsvc/nis.h
configure:3363: result: yes
configure:3399: checking for ldap_init in -lldap
configure:3429: gcc -o conftest -g -O2   conftest.c -lldap -llber -lresolv   >&5
/usr/bin/ld: cannot find -lldap
collect2: ld returned 1 exit status
configure:3435: $? = 1
configure: failed program was:
| /* confdefs.h.  */
| 
| #define PACKAGE_NAME ""
| #define PACKAGE_TARNAME ""
| #define PACKAGE_VERSION ""
| #define PACKAGE_STRING ""
| #define PACKAGE_BUGREPORT ""
| #define HAVE_MOUNT 1
| #define PATH_MOUNT "/bin/mount"
| #define HAVE_UMOUNT 1
| #define PATH_UMOUNT "/bin/umount"
| #define HAVE_E2FSCK 1
| #define PATH_E2FSCK "/sbin/fsck.ext2"
| #define HAVE_E3FSCK 1
| #define PATH_E3FSCK "/sbin/fsck.ext3"
| #define STDC_HEADERS 1
| #define HAVE_SYS_TYPES_H 1
| #define HAVE_SYS_STAT_H 1
| #define HAVE_STDLIB_H 1
| #define HAVE_STRING_H 1
| #define HAVE_MEMORY_H 1
| #define HAVE_STRINGS_H 1
| #define HAVE_INTTYPES_H 1
| #define HAVE_STDINT_H 1
| #define HAVE_UNISTD_H 1
| /* end confdefs.h.  */
| 
| /* Override any gcc2 internal prototype to avoid an error.  */
| #ifdef __cplusplus
| extern "C"
| #endif
| /* We use char because int might match the return type of a gcc2
|    builtin and then its argument prototype would still apply.  */
| char ldap_init ();
| int
| main ()
| {
| ldap_init ();
|   ;
|   return 0;
| }
configure:3461: result: no
configure:3523: checking for gcc
configure:3549: result: gcc
configure:3793: checking for C compiler version
configure:3796: gcc --version </dev/null >&5
gcc (GCC) 3.3.5 (Debian 1:3.3.5-13)
Copyright (C) 2003 Free Software Foundation, Inc.
This is free software; see the source for copying conditions.  There is NO
warranty; not even for MERCHANTABILITY or FITNESS FOR A PARTICULAR PURPOSE.

configure:3799: $? = 0
configure:3801: gcc -v </dev/null >&5
Reading specs from /usr/lib/gcc-lib/i486-linux/3.3.5/specs
Configured with: ../src/configure -v --enable-languages=c,c++,java,f77,pascal,objc,ada,treelang --prefix=/usr --mandir=/usr/share/man --infodir=/usr/share/info --with-gxx-include-dir=/usr/include/c++/3.3 --enable-shared --enable-__cxa_atexit --with-system-zlib --enable-nls --without-included-gettext --enable-clocale=gnu --enable-debug --enable-java-gc=boehm --enable-java-awt=xlib --enable-objc-gc i486-linux
Thread model: posix
gcc version 3.3.5 (Debian 1:3.3.5-13)
configure:3804: $? = 0
configure:3806: gcc -V </dev/null >&5
gcc: `-V' option must have argument
configure:3809: $? = 1
configure:3812: checking whether we are using the GNU C compiler
configure:3868: result: yes
configure:3874: checking whether gcc accepts -g
configure:3925: result: yes
configure:3942: checking for gcc option to accept ANSI C
configure:4049: result: none needed
configure:4067: gcc -c -g -O2  conftest.c >&5
conftest.c:2: error: syntax error before "me"
configure:4073: $? = 1
configure: failed program was:
| #ifndef __cplusplus
|   choke me
| #endif
configure:4213: checking whether gcc -fPIE works
configure:4238: gcc -o conftest -fPIE  -pie conftest.c  >&5
gcc: unrecognized option `-pie'
cc1: error: unrecognized option `-fPIE'
configure:4241: $? = 1
configure: program exited with status 1
configure: failed program was:
| /* confdefs.h.  */
| 
| #define PACKAGE_NAME ""
| #define PACKAGE_TARNAME ""
| #define PACKAGE_VERSION ""
| #define PACKAGE_STRING ""
| #define PACKAGE_BUGREPORT ""
| #define HAVE_MOUNT 1
| #define PATH_MOUNT "/bin/mount"
| #define HAVE_UMOUNT 1
| #define PATH_UMOUNT "/bin/umount"
| #define HAVE_E2FSCK 1
| #define PATH_E2FSCK "/sbin/fsck.ext2"
| #define HAVE_E3FSCK 1
| #define PATH_E3FSCK "/sbin/fsck.ext3"
| #define STDC_HEADERS 1
| #define HAVE_SYS_TYPES_H 1
| #define HAVE_SYS_STAT_H 1
| #define HAVE_STDLIB_H 1
| #define HAVE_STRING_H 1
| #define HAVE_MEMORY_H 1
| #define HAVE_STRINGS_H 1
| #define HAVE_INTTYPES_H 1
| #define HAVE_STDINT_H 1
| #define HAVE_UNISTD_H 1
| /* end confdefs.h.  */
| 
| int
| main ()
| {
| int main(void) {return 0;}
|   ;
|   return 0;
| }
configure:4259: result: no
configure:4273: checking location of the init.d directory
configure:4279: result: /etc/init.d
configure:4352: creating ./config.status

## ---------------------- ##
## Running config.status. ##
## ---------------------- ##

This file was extended by config.status, which was
generated by GNU Autoconf 2.58.  Invocation command line was

  CONFIG_FILES    = 
  CONFIG_HEADERS  = 
  CONFIG_LINKS    = 
  CONFIG_COMMANDS = 
  $ ./config.status 

on itgserver200

config.status:658: creating Makefile.conf
config.status:761: creating include/config.h

## ---------------- ##
## Cache variables. ##
## ---------------- ##

ac_cv_c_compiler_gnu=yes
ac_cv_env_CC_set=
ac_cv_env_CC_value=
ac_cv_env_CFLAGS_set=
ac_cv_env_CFLAGS_value=
ac_cv_env_CPPFLAGS_set=
ac_cv_env_CPPFLAGS_value=
ac_cv_env_CPP_set=
ac_cv_env_CPP_value=
ac_cv_env_LDFLAGS_set=
ac_cv_env_LDFLAGS_value=
ac_cv_env_build_alias_set=
ac_cv_env_build_alias_value=
ac_cv_env_host_alias_set=
ac_cv_env_host_alias_value=
ac_cv_env_target_alias_set=set
ac_cv_env_target_alias_value=mips
ac_cv_exeext=
ac_cv_header_inttypes_h=yes
ac_cv_header_memory_h=yes
ac_cv_header_rpcsvc_nis_h=yes
ac_cv_header_stdc=yes
ac_cv_header_stdint_h=yes
ac_cv_header_stdlib_h=yes
ac_cv_header_string_h=yes
ac_cv_header_strings_h=yes
ac_cv_header_sys_stat_h=yes
ac_cv_header_sys_types_h=yes
ac_cv_header_unistd_h=yes
ac_cv_lib_hesiod_hes_resolve=no
ac_cv_lib_ldap_ldap_init=no
ac_cv_lib_nsl_yp_match=yes
ac_cv_lib_resolv_res_query=yes
ac_cv_objext=o
ac_cv_path_E2FSCK=/sbin/fsck.ext2
ac_cv_path_E3FSCK=/sbin/fsck.ext3
ac_cv_path_MOUNT=/bin/mount
ac_cv_path_UMOUNT=/bin/umount
ac_cv_prog_CPP='gcc -E'
ac_cv_prog_ac_ct_CC=gcc
ac_cv_prog_cc_g=yes
ac_cv_prog_cc_stdc=
ac_cv_prog_egrep='grep -E'

## ----------------- ##
## Output variables. ##
## ----------------- ##

CC='gcc'
CFLAGS='-fPIE'
CPP='gcc -E'
CPPFLAGS=''
DAEMON_CFLAGS=''
DAEMON_LDFLAGS=''
DEFS='-DHAVE_CONFIG_H'
E2FSCK='/sbin/fsck.ext2'
E3FSCK='/sbin/fsck.ext3'
ECHO_C=''
ECHO_N='-n'
ECHO_T=''
EGREP='grep -E'
EXEEXT=''
HAVE_E2FSCK='1'
HAVE_E3FSCK='1'
HAVE_HESIOD='0'
HAVE_LDAP='0'
HAVE_MOUNT='1'
HAVE_NISPLUS='1'
HAVE_UMOUNT='1'
HESIOD_FLAGS=''
LDAP_FLAGS=''
LDFLAGS='-pie'
LIBHESIOD=''
LIBLDAP=''
LIBNSL='-lnsl'
LIBOBJS=''
LIBRESOLV='-lresolv'
LIBS=''
LTLIBOBJS=''
MOUNT='/bin/mount'
OBJEXT='o'
PACKAGE_BUGREPORT=''
PACKAGE_NAME=''
PACKAGE_STRING=''
PACKAGE_TARNAME=''
PACKAGE_VERSION=''
PATH_SEPARATOR=':'
SHELL='/bin/sh'
UMOUNT='/bin/umount'
ac_ct_CC='gcc'
bindir='${exec_prefix}/bin'
build_alias=''
datadir='${prefix}/share'
exec_prefix='${prefix}'
host_alias=''
includedir='${prefix}/include'
infodir='${prefix}/info'
initdir='/etc/init.d'
libdir='${exec_prefix}/lib'
libexecdir='${exec_prefix}/libexec'
localstatedir='${prefix}/var'
mandir='${prefix}/man'
oldincludedir='/usr/include'
prefix='/usr'
program_transform_name='s,x,x,'
sbindir='${exec_prefix}/sbin'
sharedstatedir='${prefix}/com'
sysconfdir='${prefix}/etc'
target_alias='mips'

## ----------- ##
## confdefs.h. ##
## ----------- ##

#define HAVE_E2FSCK 1
#define HAVE_E3FSCK 1
#define HAVE_INTTYPES_H 1
#define HAVE_MEMORY_H 1
#define HAVE_MOUNT 1
#define HAVE_STDINT_H 1
#define HAVE_STDLIB_H 1
#define HAVE_STRINGS_H 1
#define HAVE_STRING_H 1
#define HAVE_SYS_STAT_H 1
#define HAVE_SYS_TYPES_H 1
#define HAVE_UMOUNT 1
#define HAVE_UNISTD_H 1
#define PACKAGE_BUGREPORT ""
#define PACKAGE_NAME ""
#define PACKAGE_STRING ""
#define PACKAGE_TARNAME ""
#define PACKAGE_VERSION ""
#define PATH_E2FSCK "/sbin/fsck.ext2"
#define PATH_E3FSCK "/sbin/fsck.ext3"
#define PATH_MOUNT "/bin/mount"
#define PATH_UMOUNT "/bin/umount"
#define STDC_HEADERS 1

configure: exit 0
