This file contains any messages produced by compilers while
running configure, to aid debugging if configure makes a mistake.

It was created by configure, which was
generated by GNU Autoconf 2.52.  Invocation command line was

  $ ./configure --enable-pam=no

## ---------- ##
## Platform.  ##
## ---------- ##

hostname = artup
uname -m = i686
uname -r = 2.4.20-8
uname -s = Linux
uname -v = #1 Thu Mar 13 17:54:28 EST 2003

/usr/bin/uname -p = unknown
/bin/uname -X     = unknown

/bin/arch              = i686
/usr/bin/arch -k       = unknown
/usr/convex/getsysinfo = unknown
hostinfo               = unknown
/bin/machine           = unknown
/usr/bin/oslevel       = unknown
/bin/universe          = unknown

PATH = /projects/ntsw-sw/bcm47xx/brcm/hndtools-mipsel-linux-3.0/bin/:/usr/kerberos/sbin:/usr/kerberos/bin:/usr/local/sbin:/usr/local/bin:/sbin:/bin:/usr/sbin:/usr/bin:/usr/X11R6/bin:/root/bin

## ------------ ##
## Core tests.  ##
## ------------ ##

configure:978: PATH=".;."; conftest.sh
./configure: line 979: conftest.sh: command not found
configure:981: $? = 127
configure:1024: checking build system type
configure:1042: result: i686-pc-linux-gnu
configure:1049: checking host system type
configure:1063: result: i686-pc-linux-gnu
configure:1070: checking target system type
configure:1084: result: i686-pc-linux-gnu
configure:1158: checking for gcc
configure:1173: found /usr/bin/gcc
configure:1181: result: gcc
configure:1409: checking for C compiler version
configure:1412: gcc --version </dev/null >&5
gcc (GCC) 3.2.2 20030222 (Red Hat Linux 3.2.2-5)
Copyright (C) 2002 Free Software Foundation, Inc.
This is free software; see the source for copying conditions.  There is NO
warranty; not even for MERCHANTABILITY or FITNESS FOR A PARTICULAR PURPOSE.

configure:1415: $? = 0
configure:1417: gcc -v </dev/null >&5
Reading specs from /usr/lib/gcc-lib/i386-redhat-linux/3.2.2/specs
Configured with: ../configure --prefix=/usr --mandir=/usr/share/man --infodir=/usr/share/info --enable-shared --enable-threads=posix --disable-checking --with-system-zlib --enable-__cxa_atexit --host=i386-redhat-linux
Thread model: posix
gcc version 3.2.2 20030222 (Red Hat Linux 3.2.2-5)
configure:1420: $? = 0
configure:1422: gcc -V </dev/null >&5
gcc: argument to `-V' is missing
configure:1425: $? = 1
configure:1445: checking for C compiler default output
configure:1448: gcc    conftest.c  >&5
configure:1451: $? = 0
configure:1480: result: a.out
configure:1485: checking whether the C compiler works
configure:1491: ./a.out
configure:1494: $? = 0
configure:1509: result: yes
configure:1516: checking whether we are cross compiling
configure:1518: result: no
configure:1521: checking for executable suffix
configure:1523: gcc -o conftest    conftest.c  >&5
configure:1526: $? = 0
configure:1548: result: 
configure:1554: checking for object suffix
configure:1572: gcc -c   conftest.c >&5
configure:1575: $? = 0
configure:1594: result: o
configure:1598: checking whether we are using the GNU C compiler
configure:1619: gcc -c   conftest.c >&5
configure:1622: $? = 0
configure:1625: test -s conftest.o
configure:1628: $? = 0
configure:1640: result: yes
configure:1646: checking whether gcc accepts -g
configure:1664: gcc -c -g  conftest.c >&5
configure:1667: $? = 0
configure:1670: test -s conftest.o
configure:1673: $? = 0
configure:1683: result: yes
configure:1710: gcc -c -g -O2  conftest.c >&5
conftest.c:2: parse error before "me"
configure:1713: $? = 1
configure: failed program was:
#ifndef __cplusplus
  choke me
#endif
configure:1811: checking whether make sets ${MAKE}
configure:1831: result: yes
configure:1852: checking for a BSD compatible install
configure:1901: result: /usr/bin/install -c
configure:1950: checking for ranlib
configure:1965: found /usr/bin/ranlib
configure:1974: result: ranlib
configure:2041: checking whether the C compiler accepts -Wall
configure:2057: gcc -c -Wall  conftest.c >&5
configure:2060: $? = 0
configure:2063: test -s conftest.o
configure:2066: $? = 0
configure:2068: result: yes
configure:2160: checking for standalone crypt
configure:2178: gcc -o conftest -O2 -Wall  -Llib  conftest.c  >&5
configure: In function `main':
configure:2171: warning: implicit declaration of function `crypt'
/tmp/ccqH0vne.o(.text+0xa): In function `main':
: undefined reference to `crypt'
collect2: ld returned 1 exit status
configure:2181: $? = 1
configure: failed program was:
#line 2166 "configure"
#include "confdefs.h"

int
main ()
{
crypt();
  ;
  return 0;
}
configure:2197: result: no
configure:2202: checking for crypt in -lcrypt
configure:2229: gcc -o conftest -O2 -Wall  -Llib  conftest.c -lcrypt   >&5
configure:2232: $? = 0
configure:2235: test -s conftest
configure:2238: $? = 0
configure:2249: result: yes
configure:2262: checking for standalone gethostbyname
configure:2280: gcc -o conftest -O2 -Wall  -Llib  conftest.c -lcrypt  >&5
configure: In function `main':
configure:2273: warning: implicit declaration of function `gethostbyname'
configure:2283: $? = 0
configure:2286: test -s conftest
configure:2289: $? = 0
configure:2299: result: yes
configure:2422: checking for standalone inet_aton
configure:2440: gcc -o conftest -O2 -Wall  -Llib  conftest.c -lcrypt  >&5
configure: In function `main':
configure:2433: warning: implicit declaration of function `inet_aton'
configure:2443: $? = 0
configure:2446: test -s conftest
configure:2449: $? = 0
configure:2459: result: yes
configure:2524: checking for standalone nsl functions
configure:2543: gcc -o conftest -O2 -Wall  -Llib  conftest.c -lcrypt  >&5
configure: In function `main':
configure:2536: warning: implicit declaration of function `gethostent'
configure:2546: $? = 0
configure:2549: test -s conftest
configure:2552: $? = 0
configure:2562: result: yes
configure:2627: checking for standalone socket functions
configure:2645: gcc -o conftest -O2 -Wall  -Llib  conftest.c -lcrypt  >&5
configure: In function `main':
configure:2638: warning: implicit declaration of function `bind'
configure:2648: $? = 0
configure:2651: test -s conftest
configure:2654: $? = 0
configure:2664: result: yes
configure:2729: checking for _pw_stayopen variable
configure:2747: gcc -o conftest -O2 -Wall  -Llib  conftest.c -lcrypt  >&5
/tmp/cc0FWtR9.o(.text+0xb): In function `main':
: undefined reference to `_pw_stayopen'
collect2: ld returned 1 exit status
configure:2750: $? = 1
configure: failed program was:
#line 2735 "configure"
#include "confdefs.h"
extern int _pw_stayopen;
int
main ()
{
_pw_stayopen = 1;
  ;
  return 0;
}
configure:2766: result: no
configure:2776: checking for set_auth_parameters in -lsecurity
configure:2803: gcc -o conftest -O2 -Wall  -Llib  conftest.c -lsecurity  -lcrypt  >&5
/usr/bin/ld: cannot find -lsecurity
collect2: ld returned 1 exit status
configure:2806: $? = 1
configure: failed program was:
#line 2784 "configure"
#include "confdefs.h"

/* Override any gcc2 internal prototype to avoid an error.  */
#ifdef __cplusplus
extern "C"
#endif
/* We use char because int might match the return type of a gcc2
   builtin and then its argument prototype would still apply.  */
char set_auth_parameters ();
int
main ()
{
set_auth_parameters ();
  ;
  return 0;
}
configure:2823: result: no
configure:2839: checking how to run the C preprocessor
configure:2865: gcc -E  conftest.c
configure:2871: $? = 0
configure:2898: gcc -E  conftest.c
configure:2895:28: ac_nonexistent.h: No such file or directory
configure:2904: $? = 1
configure: failed program was:
#line 2894 "configure"
#include "confdefs.h"
#include <ac_nonexistent.h>
configure:2941: result: gcc -E
configure:2956: gcc -E  conftest.c
configure:2962: $? = 0
configure:2989: gcc -E  conftest.c
configure:2986:28: ac_nonexistent.h: No such file or directory
configure:2995: $? = 1
configure: failed program was:
#line 2985 "configure"
#include "confdefs.h"
#include <ac_nonexistent.h>
configure:3037: checking for sys/security.h
configure:3047: gcc -E  conftest.c
configure:3044:26: sys/security.h: No such file or directory
configure:3053: $? = 1
configure: failed program was:
#line 3043 "configure"
#include "confdefs.h"
#include <sys/security.h>
configure:3072: result: no
configure:3085: checking for krb.h
configure:3095: gcc -E  conftest.c
configure:3092:17: krb.h: No such file or directory
configure:3101: $? = 1
configure: failed program was:
#line 3091 "configure"
#include "confdefs.h"
#include <krb.h>
configure:3120: result: no
configure:3133: checking for prot.h
configure:3143: gcc -E  conftest.c
configure:3140:18: prot.h: No such file or directory
configure:3149: $? = 1
configure: failed program was:
#line 3139 "configure"
#include "confdefs.h"
#include <prot.h>
configure:3168: result: no
configure:3181: checking for set_auth_parameters
configure:3218: gcc -o conftest -O2 -Wall  -Llib  conftest.c -lcrypt  >&5
/tmp/ccQYFxtq.o(.text+0xf): In function `main':
: undefined reference to `set_auth_parameters'
collect2: ld returned 1 exit status
configure:3221: $? = 1
configure: failed program was:
#line 3187 "configure"
#include "confdefs.h"
/* System header to define __stub macros and hopefully few prototypes,
    which can conflict with char set_auth_parameters (); below.  */
#include <assert.h>
/* Override any gcc2 internal prototype to avoid an error.  */
#ifdef __cplusplus
extern "C"
#endif
/* We use char because int might match the return type of a gcc2
   builtin and then its argument prototype would still apply.  */
char set_auth_parameters ();
char (*f) ();

int
main ()
{
/* The GNU C library defines this for functions which it implements
    to always fail with ENOSYS.  Some functions are actually named
    something starting with __ and the normal name is an alias.  */
#if defined (__stub_set_auth_parameters) || defined (__stub___set_auth_parameters)
choke me
#else
f = set_auth_parameters;
#endif

  ;
  return 0;
}
configure:3237: result: no
configure:3181: checking for getprpwent
configure:3218: gcc -o conftest -O2 -Wall  -Llib  conftest.c -lcrypt  >&5
/tmp/ccAE0bs6.o(.text+0xf): In function `main':
: undefined reference to `getprpwent'
collect2: ld returned 1 exit status
configure:3221: $? = 1
configure: failed program was:
#line 3187 "configure"
#include "confdefs.h"
/* System header to define __stub macros and hopefully few prototypes,
    which can conflict with char getprpwent (); below.  */
#include <assert.h>
/* Override any gcc2 internal prototype to avoid an error.  */
#ifdef __cplusplus
extern "C"
#endif
/* We use char because int might match the return type of a gcc2
   builtin and then its argument prototype would still apply.  */
char getprpwent ();
char (*f) ();

int
main ()
{
/* The GNU C library defines this for functions which it implements
    to always fail with ENOSYS.  Some functions are actually named
    something starting with __ and the normal name is an alias.  */
#if defined (__stub_getprpwent) || defined (__stub___getprpwent)
choke me
#else
f = getprpwent;
#endif

  ;
  return 0;
}
configure:3237: result: no
configure:3250: checking for hpsecurity.h
configure:3260: gcc -E  conftest.c
configure:3257:24: hpsecurity.h: No such file or directory
configure:3266: $? = 1
configure: failed program was:
#line 3256 "configure"
#include "confdefs.h"
#include <hpsecurity.h>
configure:3285: result: no
configure:3294: checking for hpsecurity.h workaround
configure:3313: gcc -c -O2 -Wall  conftest.c >&5
configure:3301:24: hpsecurity.h: No such file or directory
configure:3316: $? = 1
configure: failed program was:
#line 3297 "configure"
#include "confdefs.h"

#include <values.h>
#undef MAXINT
#include <hpsecurity.h>

int
main ()
{

  ;
  return 0;
}
configure:3338: result: no
configure:3353: checking for dirent.h that defines DIR
configure:3374: gcc -c -O2 -Wall  conftest.c >&5
configure:3377: $? = 0
configure:3380: test -s conftest.o
configure:3383: $? = 0
configure:3393: result: yes
configure:3406: checking for opendir in -ldir
configure:3433: gcc -o conftest -O2 -Wall  -Llib  conftest.c -ldir  -lcrypt  >&5
/usr/bin/ld: cannot find -ldir
collect2: ld returned 1 exit status
configure:3436: $? = 1
configure: failed program was:
#line 3414 "configure"
#include "confdefs.h"

/* Override any gcc2 internal prototype to avoid an error.  */
#ifdef __cplusplus
extern "C"
#endif
/* We use char because int might match the return type of a gcc2
   builtin and then its argument prototype would still apply.  */
char opendir ();
int
main ()
{
opendir ();
  ;
  return 0;
}
configure:3453: result: no
configure:3515: checking for ANSI C header files
configure:3529: gcc -E  conftest.c
configure:3535: $? = 0
configure:3622: gcc -o conftest -O2 -Wall  -Llib  conftest.c -lcrypt  >&5
configure: In function `main':
configure:3614: warning: implicit declaration of function `exit'
configure:3625: $? = 0
configure:3627: ./conftest
configure:3630: $? = 0
configure:3643: result: yes
configure:3653: checking for sys/wait.h that is POSIX.1 compatible
configure:3681: gcc -c -O2 -Wall  conftest.c >&5
configure:3684: $? = 0
configure:3687: test -s conftest.o
configure:3690: $? = 0
configure:3700: result: yes
configure:3713: checking for fcntl.h
configure:3723: gcc -E  conftest.c
configure:3729: $? = 0
configure:3748: result: yes
configure:3713: checking for sys/ioctl.h
configure:3723: gcc -E  conftest.c
configure:3729: $? = 0
configure:3748: result: yes
configure:3713: checking for sys/time.h
configure:3723: gcc -E  conftest.c
configure:3729: $? = 0
configure:3748: result: yes
configure:3713: checking for unistd.h
configure:3723: gcc -E  conftest.c
configure:3729: $? = 0
configure:3748: result: yes
configure:3713: checking for memory.h
configure:3723: gcc -E  conftest.c
configure:3729: $? = 0
configure:3748: result: yes
configure:3763: checking for shadow.h
configure:3773: gcc -E  conftest.c
configure:3779: $? = 0
configure:3798: result: yes
configure:3988: checking for ctype.h
configure:3998: gcc -E  conftest.c
configure:4004: $? = 0
configure:4023: result: yes
configure:3988: checking for getopt.h
configure:3998: gcc -E  conftest.c
configure:4004: $? = 0
configure:4023: result: yes
configure:3988: checking for crypt.h
configure:3998: gcc -E  conftest.c
configure:4004: $? = 0
configure:4023: result: yes
configure:3988: checking for bstring.h
configure:3998: gcc -E  conftest.c
configure:3995:21: bstring.h: No such file or directory
configure:4004: $? = 1
configure: failed program was:
#line 3994 "configure"
#include "confdefs.h"
#include <bstring.h>
configure:4023: result: no
configure:3988: checking for strings.h
configure:3998: gcc -E  conftest.c
configure:4004: $? = 0
configure:4023: result: yes
configure:3988: checking for limits.h
configure:3998: gcc -E  conftest.c
configure:4004: $? = 0
configure:4023: result: yes
configure:4036: checking for sys/types.h
configure:4046: gcc -E  conftest.c
configure:4052: $? = 0
configure:4071: result: yes
configure:4036: checking for sys/param.h
configure:4046: gcc -E  conftest.c
configure:4052: $? = 0
configure:4071: result: yes
configure:4036: checking for sys/file.h
configure:4046: gcc -E  conftest.c
configure:4052: $? = 0
configure:4071: result: yes
configure:4036: checking for sys/uio.h
configure:4046: gcc -E  conftest.c
configure:4052: $? = 0
configure:4071: result: yes
configure:4084: checking for netdb.h
configure:4094: gcc -E  conftest.c
configure:4100: $? = 0
configure:4119: result: yes
configure:4084: checking for netinet/in.h
configure:4094: gcc -E  conftest.c
configure:4100: $? = 0
configure:4119: result: yes
configure:4084: checking for netinet/tcp.h
configure:4094: gcc -E  conftest.c
configure:4100: $? = 0
configure:4119: result: yes
configure:4084: checking for arpa/inet.h
configure:4094: gcc -E  conftest.c
configure:4100: $? = 0
configure:4119: result: yes
configure:4084: checking for sys/stat.h
configure:4094: gcc -E  conftest.c
configure:4100: $? = 0
configure:4119: result: yes
configure:4132: checking for errno.h
configure:4142: gcc -E  conftest.c
configure:4148: $? = 0
configure:4167: result: yes
configure:4132: checking for sys/socket.h
configure:4142: gcc -E  conftest.c
configure:4148: $? = 0
configure:4167: result: yes
configure:4132: checking for sys/termios.h
configure:4142: gcc -E  conftest.c
configure:4148: $? = 0
configure:4167: result: yes
configure:4132: checking for sys/termio.h
configure:4142: gcc -E  conftest.c
configure:4139:24: sys/termio.h: No such file or directory
configure:4148: $? = 1
configure: failed program was:
#line 4138 "configure"
#include "confdefs.h"
#include <sys/termio.h>
configure:4167: result: no
configure:4180: checking for sys/statvfs.h
configure:4190: gcc -E  conftest.c
configure:4196: $? = 0
configure:4215: result: yes
configure:4180: checking for sys/vfs.h
configure:4190: gcc -E  conftest.c
configure:4196: $? = 0
configure:4215: result: yes
configure:4180: checking for sys/select.h
configure:4190: gcc -E  conftest.c
configure:4196: $? = 0
configure:4215: result: yes
configure:4228: checking for dirent.h
configure:4238: gcc -E  conftest.c
configure:4244: $? = 0
configure:4263: result: yes
configure:4228: checking for ndir.h
configure:4238: gcc -E  conftest.c
configure:4235:18: ndir.h: No such file or directory
configure:4244: $? = 1
configure: failed program was:
#line 4234 "configure"
#include "confdefs.h"
#include <ndir.h>
configure:4263: result: no
configure:4228: checking for sys/ndir.h
configure:4238: gcc -E  conftest.c
configure:4235:22: sys/ndir.h: No such file or directory
configure:4244: $? = 1
configure: failed program was:
#line 4234 "configure"
#include "confdefs.h"
#include <sys/ndir.h>
configure:4263: result: no
configure:4228: checking for sys/dir.h
configure:4238: gcc -E  conftest.c
configure:4244: $? = 0
configure:4263: result: yes
configure:4228: checking for vmsdir.h
configure:4238: gcc -E  conftest.c
configure:4235:20: vmsdir.h: No such file or directory
configure:4244: $? = 1
configure: failed program was:
#line 4234 "configure"
#include "confdefs.h"
#include <vmsdir.h>
configure:4263: result: no
configure:4276: checking for utmpx.h
configure:4286: gcc -E  conftest.c
configure:4292: $? = 0
configure:4311: result: yes
configure:4324: checking for regex.h
configure:4334: gcc -E  conftest.c
configure:4340: $? = 0
configure:4359: result: yes
configure:4369: checking for syslog.h
configure:4379: gcc -E  conftest.c
configure:4385: $? = 0
configure:4404: result: yes
configure:4410: checking for gcc option to accept ANSI C
configure:4467: gcc  -c -O2 -Wall  conftest.c >&5
configure:4470: $? = 0
configure:4473: test -s conftest.o
configure:4476: $? = 0
configure:4493: result: none needed
configure:4501: checking for an ANSI C-conforming const
configure:4565: gcc -c -O2 -Wall  conftest.c >&5
configure: In function `main':
configure:4535: warning: unused variable `s'
configure:4555: warning: unused variable `foo'
configure:4516: warning: unused variable `x'
configure:4522: warning: unused variable `zero'
configure:4534: warning: `t' might be used uninitialized in this function
configure:4552: warning: `b' might be used uninitialized in this function
configure:4568: $? = 0
configure:4571: test -s conftest.o
configure:4574: $? = 0
configure:4584: result: yes
configure:4594: checking for inline
configure:4611: gcc -c -O2 -Wall  conftest.c >&5
configure:4614: $? = 0
configure:4617: test -s conftest.o
configure:4620: $? = 0
configure:4631: result: inline
configure:4646: checking for uid_t in sys/types.h
configure:4666: result: yes
configure:4686: checking for sys/types.h
configure:4717: result: yes
configure:4686: checking for sys/stat.h
configure:4717: result: yes
configure:4686: checking for stdlib.h
configure:4698: gcc -c -O2 -Wall  conftest.c >&5
configure:4701: $? = 0
configure:4704: test -s conftest.o
configure:4707: $? = 0
configure:4717: result: yes
configure:4686: checking for string.h
configure:4698: gcc -c -O2 -Wall  conftest.c >&5
configure:4701: $? = 0
configure:4704: test -s conftest.o
configure:4707: $? = 0
configure:4717: result: yes
configure:4686: checking for memory.h
configure:4717: result: yes
configure:4686: checking for strings.h
configure:4717: result: yes
configure:4686: checking for inttypes.h
configure:4698: gcc -c -O2 -Wall  conftest.c >&5
configure:4701: $? = 0
configure:4704: test -s conftest.o
configure:4707: $? = 0
configure:4717: result: yes
configure:4686: checking for stdint.h
configure:4698: gcc -c -O2 -Wall  conftest.c >&5
configure:4701: $? = 0
configure:4704: test -s conftest.o
configure:4707: $? = 0
configure:4717: result: yes
configure:4686: checking for unistd.h
configure:4717: result: yes
configure:4727: checking for pid_t
configure:4748: gcc -c -O2 -Wall  conftest.c >&5
configure:4751: $? = 0
configure:4754: test -s conftest.o
configure:4757: $? = 0
configure:4767: result: yes
configure:4779: checking for size_t
configure:4800: gcc -c -O2 -Wall  conftest.c >&5
configure:4803: $? = 0
configure:4806: test -s conftest.o
configure:4809: $? = 0
configure:4819: result: yes
configure:4831: checking for mode_t
configure:4852: gcc -c -O2 -Wall  conftest.c >&5
configure:4855: $? = 0
configure:4858: test -s conftest.o
configure:4861: $? = 0
configure:4871: result: yes
configure:4883: checking for off_t
configure:4904: gcc -c -O2 -Wall  conftest.c >&5
configure:4907: $? = 0
configure:4910: test -s conftest.o
configure:4913: $? = 0
configure:4923: result: yes
configure:4935: checking type of array argument to getgroups
configure:4970: gcc -o conftest -O2 -Wall  -Llib  conftest.c -lcrypt  >&5
configure: In function `main':
configure:4961: warning: implicit declaration of function `getgroups'
configure:4965: warning: implicit declaration of function `exit'
configure:4973: $? = 0
configure:4975: ./conftest
configure:4978: $? = 0
configure:5006: result: gid_t
configure:5013: checking for timer_t
configure:5046: result: yes
configure:5056: checking for long long
configure:5077: gcc -c -O2 -Wall  conftest.c >&5
configure:5080: $? = 0
configure:5083: test -s conftest.o
configure:5086: $? = 0
configure:5096: result: yes
configure:5099: checking size of long long
configure:5263: gcc -o conftest -O2 -Wall  -Llib  conftest.c -lcrypt  >&5
configure:5266: $? = 0
configure:5268: ./conftest
configure:5271: $? = 0
configure:5287: result: 8
configure:5293: checking for unsigned long long
configure:5314: gcc -c -O2 -Wall  conftest.c >&5
configure:5317: $? = 0
configure:5320: test -s conftest.o
configure:5323: $? = 0
configure:5333: result: yes
configure:5336: checking size of unsigned long long
configure:5500: gcc -o conftest -O2 -Wall  -Llib  conftest.c -lcrypt  >&5
configure:5503: $? = 0
configure:5505: ./conftest
configure:5508: $? = 0
configure:5524: result: 8
configure:5530: checking whether time.h and sys/time.h may both be included
configure:5552: gcc -c -O2 -Wall  conftest.c >&5
configure:5555: $? = 0
configure:5558: test -s conftest.o
configure:5561: $? = 0
configure:5571: result: yes
configure:5581: checking whether struct tm is in sys/time.h or time.h
configure:5601: gcc -c -O2 -Wall  conftest.c >&5
configure: In function `main':
configure:5594: warning: statement with no effect
configure:5604: $? = 0
configure:5607: test -s conftest.o
configure:5610: $? = 0
configure:5620: result: time.h
configure:5630: checking for umode_t
configure:5651: gcc -c -O2 -Wall  conftest.c >&5
configure: In function `main':
configure:5674: `umode_t' undeclared (first use in this function)
configure:5674: (Each undeclared identifier is reported only once
configure:5674: for each function it appears in.)
configure:5674: parse error before ')' token
configure:5654: $? = 1
configure: failed program was:
#line 5636 "configure"
#include "confdefs.h"
#include <stdio.h>
#if HAVE_SYS_TYPES_H
# include <sys/types.h>
#endif
#if HAVE_SYS_STAT_H
# include <sys/stat.h>
#endif
#if STDC_HEADERS
# include <stdlib.h>
# include <stddef.h>
#else
# if HAVE_STDLIB_H
#  include <stdlib.h>
# endif
#endif
#if HAVE_STRING_H
# if !STDC_HEADERS && HAVE_MEMORY_H
#  include <memory.h>
# endif
# include <string.h>
#endif
#if HAVE_STRINGS_H
# include <strings.h>
#endif
#if HAVE_INTTYPES_H
# include <inttypes.h>
#else
# if HAVE_STDINT_H
#  include <stdint.h>
# endif
#endif
#if HAVE_UNISTD_H
# include <unistd.h>
#endif
int
main ()
{
if ((umode_t *) 0)
  return 0;
if (sizeof (umode_t))
  return 0;
  ;
  return 0;
}
configure:5670: result: no
configure:5682: checking for ino_t
configure:5703: gcc -c -O2 -Wall  conftest.c >&5
configure:5706: $? = 0
configure:5709: test -s conftest.o
configure:5712: $? = 0
configure:5722: result: yes
configure:5737: checking for utmp.h
configure:5747: gcc -E  conftest.c
configure:5753: $? = 0
configure:5772: result: yes
configure:5785: checking whether your struct utmp has ut_user
configure:5805: result: yes
configure:5807: checking whether your struct utmp has ut_host
configure:5827: result: yes
configure:5848: checking whether your syslog.h defines LOG_CRON
configure:5872: result: yes
configure:5875: checking whether your syslog.h defines LOG_FTP
configure:5899: result: yes
configure:5917: checking for d_fd in DIR structure
configure:5938: gcc -c -O2 -Wall  conftest.c >&5
configure: In function `main':
configure:5930: dereferencing pointer to incomplete type
configure:5930: warning: unused variable `i'
configure:5941: $? = 1
configure: failed program was:
#line 5920 "configure"
#include "confdefs.h"

#include <stdio.h>
#include <dirent.h>

int
main ()
{

DIR *dirp;
int i = dirp->d_fd;

  ;
  return 0;
}
configure:5965: result: no
configure:5917: checking for dd_fd in DIR structure
configure:5938: gcc -c -O2 -Wall  conftest.c >&5
configure: In function `main':
configure:5930: dereferencing pointer to incomplete type
configure:5930: warning: unused variable `i'
configure:5941: $? = 1
configure: failed program was:
#line 5920 "configure"
#include "confdefs.h"

#include <stdio.h>
#include <dirent.h>

int
main ()
{

DIR *dirp;
int i = dirp->dd_fd;

  ;
  return 0;
}
configure:5965: result: no
configure:5917: checking for __dd_fd in DIR structure
configure:5938: gcc -c -O2 -Wall  conftest.c >&5
configure: In function `main':
configure:5930: dereferencing pointer to incomplete type
configure:5930: warning: unused variable `i'
configure:5941: $? = 1
configure: failed program was:
#line 5920 "configure"
#include "confdefs.h"

#include <stdio.h>
#include <dirent.h>

int
main ()
{

DIR *dirp;
int i = dirp->__dd_fd;

  ;
  return 0;
}
configure:5965: result: no
configure:5972: checking for working alloca.h
configure:5990: gcc -o conftest -O2 -Wall  -Llib  conftest.c -lcrypt  >&5
configure: In function `main':
configure:5983: warning: unused variable `p'
configure:5993: $? = 0
configure:5996: test -s conftest
configure:5999: $? = 0
configure:6009: result: yes
configure:6019: checking for alloca
configure:6057: gcc -o conftest -O2 -Wall  -Llib  conftest.c -lcrypt  >&5
configure: In function `main':
configure:6050: warning: unused variable `p'
configure:6060: $? = 0
configure:6063: test -s conftest
configure:6066: $? = 0
configure:6076: result: yes
configure:6258: checking whether gcc needs -traditional
configure:6293: result: no
configure:6300: checking whether setpgrp takes no argument
configure:6328: gcc -o conftest -O2 -Wall  -Llib  conftest.c -lcrypt  >&5
configure: In function `main':
configure:6321: warning: implicit declaration of function `exit'
configure:6321: too many arguments to function `setpgrp'
configure:6331: $? = 1
configure: program exited with status 1
configure: failed program was:
#line 6311 "configure"
#include "confdefs.h"
#if HAVE_UNISTD_H
# include <unistd.h>
#endif

int
main ()
{
/* If this system has a BSD-style setpgrp, which takes arguments, exit
   successfully.  */
  exit (setpgrp (1,1) == -1);
  ;
  return 0;
}
configure:6348: result: yes
configure:6358: checking return type of signal handlers
configure:6386: gcc -c -O2 -Wall  conftest.c >&5
configure: In function `main':
configure:6379: warning: unused variable `i'
configure:6389: $? = 0
configure:6392: test -s conftest.o
configure:6395: $? = 0
configure:6405: result: void
configure:6415: checking for vprintf
configure:6452: gcc -o conftest -O2 -Wall  -Llib  conftest.c -lcrypt  >&5
configure:6455: $? = 0
configure:6458: test -s conftest
configure:6461: $? = 0
configure:6471: result: yes
configure:6478: checking for _doprnt
configure:6515: gcc -o conftest -O2 -Wall  -Llib  conftest.c -lcrypt  >&5
/tmp/ccuap24N.o(.text+0xf): In function `main':
: undefined reference to `_doprnt'
collect2: ld returned 1 exit status
configure:6518: $? = 1
configure: failed program was:
#line 6484 "configure"
#include "confdefs.h"
/* System header to define __stub macros and hopefully few prototypes,
    which can conflict with char _doprnt (); below.  */
#include <assert.h>
/* Override any gcc2 internal prototype to avoid an error.  */
#ifdef __cplusplus
extern "C"
#endif
/* We use char because int might match the return type of a gcc2
   builtin and then its argument prototype would still apply.  */
char _doprnt ();
char (*f) ();

int
main ()
{
/* The GNU C library defines this for functions which it implements
    to always fail with ENOSYS.  Some functions are actually named
    something starting with __ and the normal name is an alias.  */
#if defined (__stub__doprnt) || defined (__stub____doprnt)
choke me
#else
f = _doprnt;
#endif

  ;
  return 0;
}
configure:6534: result: no
configure:6550: checking for bcopy
configure:6587: gcc -o conftest -O2 -Wall  -Llib  conftest.c -lcrypt  >&5
configure:6590: $? = 0
configure:6593: test -s conftest
configure:6596: $? = 0
configure:6606: result: yes
configure:6550: checking for flock
configure:6587: gcc -o conftest -O2 -Wall  -Llib  conftest.c -lcrypt  >&5
configure:6590: $? = 0
configure:6593: test -s conftest
configure:6596: $? = 0
configure:6606: result: yes
configure:6550: checking for getcwd
configure:6587: gcc -o conftest -O2 -Wall  -Llib  conftest.c -lcrypt  >&5
configure:6590: $? = 0
configure:6593: test -s conftest
configure:6596: $? = 0
configure:6606: result: yes
configure:6550: checking for gethostname
configure:6587: gcc -o conftest -O2 -Wall  -Llib  conftest.c -lcrypt  >&5
configure:6590: $? = 0
configure:6593: test -s conftest
configure:6596: $? = 0
configure:6606: result: yes
configure:6550: checking for getopt
configure:6587: gcc -o conftest -O2 -Wall  -Llib  conftest.c -lcrypt  >&5
configure:6590: $? = 0
configure:6593: test -s conftest
configure:6596: $? = 0
configure:6606: result: yes
configure:6550: checking for getopt_long
configure:6587: gcc -o conftest -O2 -Wall  -Llib  conftest.c -lcrypt  >&5
configure:6590: $? = 0
configure:6593: test -s conftest
configure:6596: $? = 0
configure:6606: result: yes
configure:6550: checking for gettimeofday
configure:6587: gcc -o conftest -O2 -Wall  -Llib  conftest.c -lcrypt  >&5
configure:6590: $? = 0
configure:6593: test -s conftest
configure:6596: $? = 0
configure:6606: result: yes
configure:6619: checking for memcpy
configure:6656: gcc -o conftest -O2 -Wall  -Llib  conftest.c -lcrypt  >&5
configure:6635: warning: conflicting types for built-in function `memcpy'
configure:6659: $? = 0
configure:6662: test -s conftest
configure:6665: $? = 0
configure:6675: result: yes
configure:6619: checking for mempcpy
configure:6656: gcc -o conftest -O2 -Wall  -Llib  conftest.c -lcrypt  >&5
configure:6659: $? = 0
configure:6662: test -s conftest
configure:6665: $? = 0
configure:6675: result: yes
configure:6619: checking for mkdir
configure:6656: gcc -o conftest -O2 -Wall  -Llib  conftest.c -lcrypt  >&5
configure:6659: $? = 0
configure:6662: test -s conftest
configure:6665: $? = 0
configure:6675: result: yes
configure:6619: checking for rmdir
configure:6656: gcc -o conftest -O2 -Wall  -Llib  conftest.c -lcrypt  >&5
configure:6659: $? = 0
configure:6662: test -s conftest
configure:6665: $? = 0
configure:6675: result: yes
configure:6619: checking for select
configure:6656: gcc -o conftest -O2 -Wall  -Llib  conftest.c -lcrypt  >&5
configure:6659: $? = 0
configure:6662: test -s conftest
configure:6665: $? = 0
configure:6675: result: yes
configure:6619: checking for socket
configure:6656: gcc -o conftest -O2 -Wall  -Llib  conftest.c -lcrypt  >&5
configure:6659: $? = 0
configure:6662: test -s conftest
configure:6665: $? = 0
configure:6675: result: yes
configure:6619: checking for strchr
configure:6656: gcc -o conftest -O2 -Wall  -Llib  conftest.c -lcrypt  >&5
configure:6635: warning: conflicting types for built-in function `strchr'
configure:6659: $? = 0
configure:6662: test -s conftest
configure:6665: $? = 0
configure:6675: result: yes
configure:6619: checking for strcoll
configure:6656: gcc -o conftest -O2 -Wall  -Llib  conftest.c -lcrypt  >&5
configure:6659: $? = 0
configure:6662: test -s conftest
configure:6665: $? = 0
configure:6675: result: yes
configure:6688: checking for strerror
configure:6725: gcc -o conftest -O2 -Wall  -Llib  conftest.c -lcrypt  >&5
configure:6728: $? = 0
configure:6731: test -s conftest
configure:6734: $? = 0
configure:6744: result: yes
configure:6688: checking for strsep
configure:6725: gcc -o conftest -O2 -Wall  -Llib  conftest.c -lcrypt  >&5
configure:6728: $? = 0
configure:6731: test -s conftest
configure:6734: $? = 0
configure:6744: result: yes
configure:6688: checking for strtol
configure:6725: gcc -o conftest -O2 -Wall  -Llib  conftest.c -lcrypt  >&5
configure:6728: $? = 0
configure:6731: test -s conftest
configure:6734: $? = 0
configure:6744: result: yes
configure:6759: checking for vsnprintf
configure:6796: gcc -o conftest -O2 -Wall  -Llib  conftest.c -lcrypt  >&5
configure:6799: $? = 0
configure:6802: test -s conftest
configure:6805: $? = 0
configure:6815: result: yes
configure:6759: checking for snprintf
configure:6796: gcc -o conftest -O2 -Wall  -Llib  conftest.c -lcrypt  >&5
configure:6799: $? = 0
configure:6802: test -s conftest
configure:6805: $? = 0
configure:6815: result: yes
configure:6950: checking for setsid
configure:6987: gcc -o conftest -O2 -Wall  -Llib  conftest.c -lcrypt  >&5
configure:6990: $? = 0
configure:6993: test -s conftest
configure:6996: $? = 0
configure:7006: result: yes
configure:6950: checking for setgroupent
configure:6987: gcc -o conftest -O2 -Wall  -Llib  conftest.c -lcrypt  >&5
/tmp/ccG0W5VR.o(.text+0xf): In function `main':
: undefined reference to `setgroupent'
collect2: ld returned 1 exit status
configure:6990: $? = 1
configure: failed program was:
#line 6956 "configure"
#include "confdefs.h"
/* System header to define __stub macros and hopefully few prototypes,
    which can conflict with char setgroupent (); below.  */
#include <assert.h>
/* Override any gcc2 internal prototype to avoid an error.  */
#ifdef __cplusplus
extern "C"
#endif
/* We use char because int might match the return type of a gcc2
   builtin and then its argument prototype would still apply.  */
char setgroupent ();
char (*f) ();

int
main ()
{
/* The GNU C library defines this for functions which it implements
    to always fail with ENOSYS.  Some functions are actually named
    something starting with __ and the normal name is an alias.  */
#if defined (__stub_setgroupent) || defined (__stub___setgroupent)
choke me
#else
f = setgroupent;
#endif

  ;
  return 0;
}
configure:7006: result: no
configure:6950: checking for seteuid
configure:6987: gcc -o conftest -O2 -Wall  -Llib  conftest.c -lcrypt  >&5
configure:6990: $? = 0
configure:6993: test -s conftest
configure:6996: $? = 0
configure:7006: result: yes
configure:6950: checking for setegid
configure:6987: gcc -o conftest -O2 -Wall  -Llib  conftest.c -lcrypt  >&5
configure:6990: $? = 0
configure:6993: test -s conftest
configure:6996: $? = 0
configure:7006: result: yes
configure:6950: checking for crypt
configure:6987: gcc -o conftest -O2 -Wall  -Llib  conftest.c -lcrypt  >&5
configure:6990: $? = 0
configure:6993: test -s conftest
configure:6996: $? = 0
configure:7006: result: yes
configure:6950: checking for fgetpwent
configure:6987: gcc -o conftest -O2 -Wall  -Llib  conftest.c -lcrypt  >&5
configure:6990: $? = 0
configure:6993: test -s conftest
configure:6996: $? = 0
configure:7006: result: yes
configure:6950: checking for fgetgrent
configure:6987: gcc -o conftest -O2 -Wall  -Llib  conftest.c -lcrypt  >&5
configure:6990: $? = 0
configure:6993: test -s conftest
configure:6996: $? = 0
configure:7006: result: yes
configure:7019: checking for inet_aton
configure:7056: gcc -o conftest -O2 -Wall  -Llib  conftest.c -lcrypt  >&5
configure:7059: $? = 0
configure:7062: test -s conftest
configure:7065: $? = 0
configure:7075: result: yes
configure:7019: checking for siginterrupt
configure:7056: gcc -o conftest -O2 -Wall  -Llib  conftest.c -lcrypt  >&5
configure:7059: $? = 0
configure:7062: test -s conftest
configure:7065: $? = 0
configure:7075: result: yes
configure:7019: checking for setpgid
configure:7056: gcc -o conftest -O2 -Wall  -Llib  conftest.c -lcrypt  >&5
configure:7059: $? = 0
configure:7062: test -s conftest
configure:7065: $? = 0
configure:7075: result: yes
configure:7088: checking for regcomp
configure:7125: gcc -o conftest -O2 -Wall  -Llib  conftest.c -lcrypt  >&5
configure:7128: $? = 0
configure:7131: test -s conftest
configure:7134: $? = 0
configure:7144: result: yes
configure:7157: checking for tzset
configure:7194: gcc -o conftest -O2 -Wall  -Llib  conftest.c -lcrypt  >&5
configure:7197: $? = 0
configure:7200: test -s conftest
configure:7203: $? = 0
configure:7213: result: yes
configure:7226: checking for pathconf
configure:7263: gcc -o conftest -O2 -Wall  -Llib  conftest.c -lcrypt  >&5
configure:7266: $? = 0
configure:7269: test -s conftest
configure:7272: $? = 0
configure:7282: result: yes
configure:7226: checking for fpathconf
configure:7263: gcc -o conftest -O2 -Wall  -Llib  conftest.c -lcrypt  >&5
configure:7266: $? = 0
configure:7269: test -s conftest
configure:7272: $? = 0
configure:7282: result: yes
configure:7292: checking for setpassent
configure:7329: gcc -o conftest -O2 -Wall  -Llib  conftest.c -lcrypt  >&5
/tmp/ccaXQF0b.o(.text+0xf): In function `main':
: undefined reference to `setpassent'
collect2: ld returned 1 exit status
configure:7332: $? = 1
configure: failed program was:
#line 7298 "configure"
#include "confdefs.h"
/* System header to define __stub macros and hopefully few prototypes,
    which can conflict with char setpassent (); below.  */
#include <assert.h>
/* Override any gcc2 internal prototype to avoid an error.  */
#ifdef __cplusplus
extern "C"
#endif
/* We use char because int might match the return type of a gcc2
   builtin and then its argument prototype would still apply.  */
char setpassent ();
char (*f) ();

int
main ()
{
/* The GNU C library defines this for functions which it implements
    to always fail with ENOSYS.  Some functions are actually named
    something starting with __ and the normal name is an alias.  */
#if defined (__stub_setpassent) || defined (__stub___setpassent)
choke me
#else
f = setpassent;
#endif

  ;
  return 0;
}
configure:7348: result: no
configure:7537: checking for setproctitle
configure:7574: gcc -o conftest -O2 -Wall  -Llib  conftest.c -lcrypt  >&5
/tmp/ccUk3fst.o(.text+0xf): In function `main':
: undefined reference to `setproctitle'
collect2: ld returned 1 exit status
configure:7577: $? = 1
configure: failed program was:
#line 7543 "configure"
#include "confdefs.h"
/* System header to define __stub macros and hopefully few prototypes,
    which can conflict with char setproctitle (); below.  */
#include <assert.h>
/* Override any gcc2 internal prototype to avoid an error.  */
#ifdef __cplusplus
extern "C"
#endif
/* We use char because int might match the return type of a gcc2
   builtin and then its argument prototype would still apply.  */
char setproctitle ();
char (*f) ();

int
main ()
{
/* The GNU C library defines this for functions which it implements
    to always fail with ENOSYS.  Some functions are actually named
    something starting with __ and the normal name is an alias.  */
#if defined (__stub_setproctitle) || defined (__stub___setproctitle)
choke me
#else
f = setproctitle;
#endif

  ;
  return 0;
}
configure:7593: result: no
configure:7606: checking for libutil.h
configure:7616: gcc -E  conftest.c
configure:7613:21: libutil.h: No such file or directory
configure:7622: $? = 1
configure: failed program was:
#line 7612 "configure"
#include "confdefs.h"
#include <libutil.h>
configure:7641: result: no
configure:7651: checking for setproctitle in -lutil
configure:7678: gcc -o conftest -O2 -Wall  -Llib  conftest.c -lutil  -lcrypt  >&5
/tmp/ccKVC7pq.o(.text+0xa): In function `main':
: undefined reference to `setproctitle'
collect2: ld returned 1 exit status
configure:7681: $? = 1
configure: failed program was:
#line 7659 "configure"
#include "confdefs.h"

/* Override any gcc2 internal prototype to avoid an error.  */
#ifdef __cplusplus
extern "C"
#endif
/* We use char because int might match the return type of a gcc2
   builtin and then its argument prototype would still apply.  */
char setproctitle ();
int
main ()
{
setproctitle ();
  ;
  return 0;
}
configure:7698: result: no
configure:7719: checking for sys/pstat.h
configure:7729: gcc -E  conftest.c
configure:7726:23: sys/pstat.h: No such file or directory
configure:7735: $? = 1
configure: failed program was:
#line 7725 "configure"
#include "confdefs.h"
#include <sys/pstat.h>
configure:7754: result: no
configure:7855:22: sys/exec.h: No such file or directory
configure:7877: checking whether __progname and __progname_full are available
configure:7895: gcc -o conftest -O2 -Wall  -Llib  conftest.c -lcrypt  >&5
configure:7898: $? = 0
configure:7901: test -s conftest
configure:7904: $? = 0
configure:7914: result: yes
configure:7924: checking which argv replacement method to use
configure:7947: result: writeable
configure:8144: creating ./config.status

## ----------------------- ##
## Running config.status.  ##
## ----------------------- ##

This file was extended by config.status 2.52, executed with
  CONFIG_FILES    = 
  CONFIG_HEADERS  = 
  CONFIG_LINKS    = 
  CONFIG_COMMANDS = 
  > ./config.status 
on artup

config.status:8616: creating lib/Makefile
config.status:8616: creating src/Makefile
config.status:8616: creating modules/Makefile
config.status:8616: creating Makefile
config.status:8616: creating Make.rules
config.status:8616: creating Make.modules
config.status:8616: creating contrib/dist/rpm/proftpd.spec
config.status:8708: creating config.h

## ----------------- ##
## Cache variables.  ##
## ----------------- ##

ac_cv_build=i686-pc-linux-gnu
ac_cv_build_alias=i686-pc-linux
ac_cv_c_compiler_gnu=yes
ac_cv_c_const=yes
ac_cv_c_inline=inline
ac_cv_env_CC_set=
ac_cv_env_CC_value=
ac_cv_env_CFLAGS_set=
ac_cv_env_CFLAGS_value=
ac_cv_env_CPPFLAGS_set=
ac_cv_env_CPPFLAGS_value=
ac_cv_env_CPP_set=
ac_cv_env_CPP_value=
ac_cv_env_LDFLAGS_set=
ac_cv_env_LDFLAGS_value=
ac_cv_env_build_alias_set=
ac_cv_env_build_alias_value=
ac_cv_env_host_alias_set=
ac_cv_env_host_alias_value=
ac_cv_env_target_alias_set=
ac_cv_env_target_alias_value=
ac_cv_func__doprnt=no
ac_cv_func_alloca_works=yes
ac_cv_func_bcopy=yes
ac_cv_func_crypt=yes
ac_cv_func_fgetgrent=yes
ac_cv_func_fgetpwent=yes
ac_cv_func_flock=yes
ac_cv_func_fpathconf=yes
ac_cv_func_getcwd=yes
ac_cv_func_gethostname=yes
ac_cv_func_getopt=yes
ac_cv_func_getopt_long=yes
ac_cv_func_getprpwent=no
ac_cv_func_gettimeofday=yes
ac_cv_func_inet_aton=yes
ac_cv_func_memcpy=yes
ac_cv_func_mempcpy=yes
ac_cv_func_mkdir=yes
ac_cv_func_pathconf=yes
ac_cv_func_regcomp=yes
ac_cv_func_rmdir=yes
ac_cv_func_select=yes
ac_cv_func_set_auth_parameters=no
ac_cv_func_setegid=yes
ac_cv_func_seteuid=yes
ac_cv_func_setgroupent=no
ac_cv_func_setpassent=no
ac_cv_func_setpgid=yes
ac_cv_func_setpgrp_void=yes
ac_cv_func_setproctitle=no
ac_cv_func_setsid=yes
ac_cv_func_siginterrupt=yes
ac_cv_func_snprintf=yes
ac_cv_func_socket=yes
ac_cv_func_strchr=yes
ac_cv_func_strcoll=yes
ac_cv_func_strerror=yes
ac_cv_func_strsep=yes
ac_cv_func_strtol=yes
ac_cv_func_tzset=yes
ac_cv_func_vprintf=yes
ac_cv_func_vsnprintf=yes
ac_cv_header_arpa_inet_h=yes
ac_cv_header_bstring_h=no
ac_cv_header_crypt_h=yes
ac_cv_header_ctype_h=yes
ac_cv_header_dirent_dirent_h=yes
ac_cv_header_dirent_h=yes
ac_cv_header_errno_h=yes
ac_cv_header_fcntl_h=yes
ac_cv_header_getopt_h=yes
ac_cv_header_hpsecurity_h=no
ac_cv_header_inttypes_h=yes
ac_cv_header_krb_h=no
ac_cv_header_libutil_h=no
ac_cv_header_limits_h=yes
ac_cv_header_memory_h=yes
ac_cv_header_ndir_h=no
ac_cv_header_netdb_h=yes
ac_cv_header_netinet_in_h=yes
ac_cv_header_netinet_tcp_h=yes
ac_cv_header_prot_h=no
ac_cv_header_regex_h=yes
ac_cv_header_shadow_h=yes
ac_cv_header_stdc=yes
ac_cv_header_stdint_h=yes
ac_cv_header_stdlib_h=yes
ac_cv_header_string_h=yes
ac_cv_header_strings_h=yes
ac_cv_header_sys_dir_h=yes
ac_cv_header_sys_file_h=yes
ac_cv_header_sys_ioctl_h=yes
ac_cv_header_sys_ndir_h=no
ac_cv_header_sys_param_h=yes
ac_cv_header_sys_pstat_h=no
ac_cv_header_sys_security_h=no
ac_cv_header_sys_select_h=yes
ac_cv_header_sys_socket_h=yes
ac_cv_header_sys_stat_h=yes
ac_cv_header_sys_statvfs_h=yes
ac_cv_header_sys_termio_h=no
ac_cv_header_sys_termios_h=yes
ac_cv_header_sys_time_h=yes
ac_cv_header_sys_types_h=yes
ac_cv_header_sys_uio_h=yes
ac_cv_header_sys_vfs_h=yes
ac_cv_header_sys_wait_h=yes
ac_cv_header_syslog_h=yes
ac_cv_header_time=yes
ac_cv_header_unistd_h=yes
ac_cv_header_utmp_h=yes
ac_cv_header_utmpx_h=yes
ac_cv_header_vmsdir_h=no
ac_cv_host=i686-pc-linux-gnu
ac_cv_host_alias=i686-pc-linux
ac_cv_lib_crypt_crypt=yes
ac_cv_lib_dir_opendir=no
ac_cv_lib_security_set_auth_parameters=no
ac_cv_lib_util_setproctitle=no
ac_cv_objext=o
ac_cv_path_install='/usr/bin/install -c'
ac_cv_prog_CPP='gcc -E'
ac_cv_prog_ac_ct_CC=gcc
ac_cv_prog_ac_ct_RANLIB=ranlib
ac_cv_prog_cc_g=yes
ac_cv_prog_cc_stdc=
ac_cv_prog_gcc_traditional=no
ac_cv_prog_make_make_set=yes
ac_cv_sizeof_long_long=8
ac_cv_sizeof_unsigned_long_long=8
ac_cv_struct_tm=time.h
ac_cv_target=i686-pc-linux-gnu
ac_cv_target_alias=i686-pc-linux
ac_cv_type_getgroups=gid_t
ac_cv_type_ino_t=yes
ac_cv_type_long_long=yes
ac_cv_type_mode_t=yes
ac_cv_type_off_t=yes
ac_cv_type_pid_t=yes
ac_cv_type_signal=void
ac_cv_type_size_t=yes
ac_cv_type_uid_t=yes
ac_cv_type_umode_t=no
ac_cv_type_unsigned_long_long=yes
ac_cv_working_alloca_h=yes
pf_cv_argv_type=writeable
pf_cv_var_progname=yes
pr_cv_header_syslog_log_cron=yes
pr_cv_header_syslog_log_ftp=yes
pr_cv_header_timer_t=yes
pr_cv_header_ut_host=yes
pr_cv_header_utmaxtype=yes
pr_cv_lib_standalone_aton=yes
pr_cv_lib_standalone_crypt=no
pr_cv_lib_standalone_gethost=yes
pr_cv_lib_standalone_nsl=yes
pr_cv_lib_standalone_sockets=yes
pr_cv_var__pw_stayopen=no

## ------------ ##
## confdefs.h.  ##
## ------------ ##

#define HAVE_LIBCRYPT 1
#define HAVE_DIRENT_H 1
#define STDC_HEADERS 1
#define HAVE_SYS_WAIT_H 1
#define HAVE_FCNTL_H 1
#define HAVE_SYS_IOCTL_H 1
#define HAVE_SYS_TIME_H 1
#define HAVE_UNISTD_H 1
#define HAVE_MEMORY_H 1
#define HAVE_SHADOW_H 1
#define HAVE_CTYPE_H 1
#define HAVE_GETOPT_H 1
#define HAVE_CRYPT_H 1
#define HAVE_STRINGS_H 1
#define HAVE_LIMITS_H 1
#define HAVE_SYS_TYPES_H 1
#define HAVE_SYS_PARAM_H 1
#define HAVE_SYS_FILE_H 1
#define HAVE_SYS_UIO_H 1
#define HAVE_NETDB_H 1
#define HAVE_NETINET_IN_H 1
#define HAVE_NETINET_TCP_H 1
#define HAVE_ARPA_INET_H 1
#define HAVE_SYS_STAT_H 1
#define HAVE_ERRNO_H 1
#define HAVE_SYS_SOCKET_H 1
#define HAVE_SYS_TERMIOS_H 1
#define HAVE_SYS_STATVFS_H 1
#define HAVE_SYS_VFS_H 1
#define HAVE_SYS_SELECT_H 1
#define HAVE_DIRENT_H 1
#define HAVE_SYS_DIR_H 1
#define HAVE_UTMPX_H 1
#define HAVE_REGEX_H 1
#define HAVE_SYS_TYPES_H 1
#define HAVE_SYS_STAT_H 1
#define HAVE_STDLIB_H 1
#define HAVE_STRING_H 1
#define HAVE_MEMORY_H 1
#define HAVE_STRINGS_H 1
#define HAVE_INTTYPES_H 1
#define HAVE_STDINT_H 1
#define HAVE_UNISTD_H 1
#define GETGROUPS_T gid_t
#define HAVE_TIMER_T 1
#define SIZEOF_LONG_LONG 8
#define SIZEOF_UNSIGNED_LONG_LONG 8
#define TIME_WITH_SYS_TIME 1
#define umode_t mode_t
#define HAVE_UTMP_H 1
#define HAVE_UTMAXTYPE 1
#define HAVE_UT_UT_HOST 1
#define HAVE_SYSLOG_H 1
#define HAVE_LOG_CRON 1
#define HAVE_LOG_FTP 1
#define HAVE_ALLOCA_H 1
#define HAVE_ALLOCA 1
#define SETPGRP_VOID 1
#define RETSIGTYPE void
#define HAVE_VPRINTF 1
#define HAVE_BCOPY 1
#define HAVE_FLOCK 1
#define HAVE_GETCWD 1
#define HAVE_GETHOSTNAME 1
#define HAVE_GETOPT 1
#define HAVE_GETOPT_LONG 1
#define HAVE_GETTIMEOFDAY 1
#define HAVE_MEMCPY 1
#define HAVE_MEMPCPY 1
#define HAVE_MKDIR 1
#define HAVE_RMDIR 1
#define HAVE_SELECT 1
#define HAVE_SOCKET 1
#define HAVE_STRCHR 1
#define HAVE_STRCOLL 1
#define HAVE_STRERROR 1
#define HAVE_STRSEP 1
#define HAVE_STRTOL 1
#define HAVE_VSNPRINTF 1
#define HAVE_SNPRINTF 1
#define HAVE_SETSID 1
#define HAVE_SETEUID 1
#define HAVE_SETEGID 1
#define HAVE_CRYPT 1
#define HAVE_FGETPWENT 1
#define HAVE_FGETGRENT 1
#define HAVE_INET_ATON 1
#define HAVE_SIGINTERRUPT 1
#define HAVE_SETPGID 1
#define HAVE_REGCOMP 1
#define HAVE_TZSET 1
#define HAVE_PATHCONF 1
#define HAVE_FPATHCONF 1
#define HAVE___PROGNAME 1
#define PF_ARGV_TYPE PF_ARGV_WRITEABLE
#define CONFIG_FILE_PATH "/usr/local/etc/proftpd.conf"
#define PID_FILE_PATH "/usr/local/var/proftpd.pid"
#define RUN_DIR "/usr/local/var/proftpd"


configure: exit 0
