This file contains any messages produced by compilers while
running configure, to aid debugging if configure makes a mistake.

It was created by debianutils configure 2.6, which was
generated by GNU Autoconf 2.57.  Invocation command line was

  $ ./configure --build=i686-pc-linux-gnu --host=mipsel-elf

## --------- ##
## Platform. ##
## --------- ##

hostname = itgserver200
uname -m = i686
uname -r = 2.4.25-1-686
uname -s = Linux
uname -v = #1 Tue Feb 24 10:55:59 EST 2004

/usr/bin/uname -p = unknown
/bin/uname -X     = unknown

/bin/arch              = i686
/usr/bin/arch -k       = unknown
/usr/convex/getsysinfo = unknown
hostinfo               = unknown
/bin/machine           = unknown
/usr/bin/oslevel       = unknown
/bin/universe          = unknown

PATH: /home/vincent/work/usb-router-buildroot/build/staging_dir/usr/bin
PATH: /projects/ntsw-sw/bcm47xx/brcm/hndtools-mipsel-linux-3.0/bin
PATH: /usr/local/sbin
PATH: /usr/local/bin
PATH: /usr/sbin
PATH: /usr/bin
PATH: /sbin
PATH: /bin
PATH: /usr/bin/X11
PATH: /home/vincent/bin


## ----------- ##
## Core tests. ##
## ----------- ##

configure:1314: checking for a BSD-compatible install
configure:1368: result: /usr/bin/install -c
configure:1379: checking whether build environment is sane
configure:1422: result: yes
configure:1455: checking for gawk
configure:1471: found /usr/bin/gawk
configure:1481: result: gawk
configure:1491: checking whether make sets $(MAKE)
configure:1511: result: yes
configure:1590: checking for mipsel-elf-strip
configure:1619: result: no
configure:1628: checking for strip
configure:1644: found /home/vincent/work/usb-router-buildroot/build/staging_dir/usr/bin/strip
configure:1655: result: strip
configure:1684: checking for mipsel-elf-gcc
configure:1713: result: no
configure:1722: checking for gcc
configure:1738: found /home/vincent/work/usb-router-buildroot/build/staging_dir/usr/bin/gcc
configure:1748: result: gcc
configure:1992: checking for C compiler version
configure:1995: gcc --version </dev/null >&5
3.0
configure:1998: $? = 0
configure:2000: gcc -v </dev/null >&5
Invoked as gcc
arg[ 0] = /opt/brcm/hndtools-mipsel-linux-3.0/bin/mipsel-linux-gcc
arg[ 1] = -v
Reading specs from /opt/brcm/hndtools-mipsel-linux-3.0/bin/../lib/gcc-lib/mipsel-linux/3.0/specs
Configured with: 
gcc version 3.0 20010422 (prerelease) with bcm4710a0 modifications
configure:2003: $? = 0
configure:2005: gcc -V </dev/null >&5
mipsel-linux-gcc: argument to `-V' is missing
configure:2008: $? = 1
configure:2032: checking for C compiler default output
configure:2035: gcc    conftest.c  >&5
configure:2038: $? = 0
configure:2084: result: a.out
configure:2089: checking whether the C compiler works
configure:2115: result: yes
configure:2122: checking whether we are cross compiling
configure:2124: result: yes
configure:2127: checking for suffix of executables
configure:2129: gcc -o conftest    conftest.c  >&5
configure:2132: $? = 0
configure:2157: result: 
configure:2163: checking for suffix of object files
configure:2185: gcc -c   conftest.c >&5
configure:2188: $? = 0
configure:2210: result: o
configure:2214: checking whether we are using the GNU C compiler
configure:2239: gcc -c   conftest.c >&5
configure:2242: $? = 0
configure:2245: test -s conftest.o
configure:2248: $? = 0
configure:2261: result: yes
configure:2267: checking whether gcc accepts -g
configure:2289: gcc -c -g  conftest.c >&5
configure:2292: $? = 0
configure:2295: test -s conftest.o
configure:2298: $? = 0
configure:2309: result: yes
configure:2326: checking for gcc option to accept ANSI C
configure:2387: gcc  -c -g -O2  conftest.c >&5
configure:2390: $? = 0
configure:2393: test -s conftest.o
configure:2396: $? = 0
configure:2414: result: none needed
configure:2432: gcc -c -g -O2  conftest.c >&5
conftest.c:2: parse error before "me"
configure:2435: $? = 1
configure: failed program was:
| #ifndef __cplusplus
|   choke me
| #endif
configure:2554: checking for style of include used by make
configure:2582: result: GNU
configure:2610: checking dependency style of gcc
configure:2693: result: gcc3
configure:2717: checking how to run the C preprocessor
configure:2753: gcc -E  conftest.c
configure:2759: $? = 0
configure:2791: gcc -E  conftest.c
configure:2792:28: ac_nonexistent.h: No such file or directory
configure:2797: $? = 1
configure: failed program was:
| #line 2782 "configure"
| /* confdefs.h.  */
| 
| #define PACKAGE_NAME "debianutils"
| #define PACKAGE_TARNAME "debianutils"
| #define PACKAGE_VERSION "2.6"
| #define PACKAGE_STRING "debianutils 2.6"
| #define PACKAGE_BUGREPORT ""
| #define PACKAGE "debianutils"
| #define VERSION "2.6"
| /* end confdefs.h.  */
| #include <ac_nonexistent.h>
configure:2835: result: gcc -E
configure:2860: gcc -E  conftest.c
configure:2866: $? = 0
configure:2898: gcc -E  conftest.c
configure:2899:28: ac_nonexistent.h: No such file or directory
configure:2904: $? = 1
configure: failed program was:
| #line 2889 "configure"
| /* confdefs.h.  */
| 
| #define PACKAGE_NAME "debianutils"
| #define PACKAGE_TARNAME "debianutils"
| #define PACKAGE_VERSION "2.6"
| #define PACKAGE_STRING "debianutils 2.6"
| #define PACKAGE_BUGREPORT ""
| #define PACKAGE "debianutils"
| #define VERSION "2.6"
| /* end confdefs.h.  */
| #include <ac_nonexistent.h>
configure:2947: checking for egrep
configure:2957: result: grep -E
configure:2962: checking for ANSI C header files
configure:2988: gcc -c -g -O2  conftest.c >&5
configure:2991: $? = 0
configure:2994: test -s conftest.o
configure:2997: $? = 0
configure:3109: result: yes
configure:3133: checking for sys/types.h
configure:3150: gcc -c -g -O2  conftest.c >&5
configure:3153: $? = 0
configure:3156: test -s conftest.o
configure:3159: $? = 0
configure:3170: result: yes
configure:3133: checking for sys/stat.h
configure:3150: gcc -c -g -O2  conftest.c >&5
configure:3153: $? = 0
configure:3156: test -s conftest.o
configure:3159: $? = 0
configure:3170: result: yes
configure:3133: checking for stdlib.h
configure:3150: gcc -c -g -O2  conftest.c >&5
configure:3153: $? = 0
configure:3156: test -s conftest.o
configure:3159: $? = 0
configure:3170: result: yes
configure:3133: checking for string.h
configure:3150: gcc -c -g -O2  conftest.c >&5
configure:3153: $? = 0
configure:3156: test -s conftest.o
configure:3159: $? = 0
configure:3170: result: yes
configure:3133: checking for memory.h
configure:3150: gcc -c -g -O2  conftest.c >&5
configure:3153: $? = 0
configure:3156: test -s conftest.o
configure:3159: $? = 0
configure:3170: result: yes
configure:3133: checking for strings.h
configure:3150: gcc -c -g -O2  conftest.c >&5
configure:3153: $? = 0
configure:3156: test -s conftest.o
configure:3159: $? = 0
configure:3170: result: yes
configure:3133: checking for inttypes.h
configure:3150: gcc -c -g -O2  conftest.c >&5
configure:3153: $? = 0
configure:3156: test -s conftest.o
configure:3159: $? = 0
configure:3170: result: yes
configure:3133: checking for stdint.h
configure:3150: gcc -c -g -O2  conftest.c >&5
configure:3153: $? = 0
configure:3156: test -s conftest.o
configure:3159: $? = 0
configure:3170: result: yes
configure:3133: checking for unistd.h
configure:3150: gcc -c -g -O2  conftest.c >&5
configure:3153: $? = 0
configure:3156: test -s conftest.o
configure:3159: $? = 0
configure:3170: result: yes
configure:3196: checking paths.h usability
configure:3209: gcc -c -g -O2  conftest.c >&5
configure:3212: $? = 0
configure:3215: test -s conftest.o
configure:3218: $? = 0
configure:3228: result: yes
configure:3232: checking paths.h presence
configure:3243: gcc -E  conftest.c
configure:3249: $? = 0
configure:3268: result: yes
configure:3304: checking for paths.h
configure:3311: result: yes
configure:3467: creating ./config.status

## ---------------------- ##
## Running config.status. ##
## ---------------------- ##

This file was extended by debianutils config.status 2.6, which was
generated by GNU Autoconf 2.57.  Invocation command line was

  CONFIG_FILES    = 
  CONFIG_HEADERS  = 
  CONFIG_LINKS    = 
  CONFIG_COMMANDS = 
  $ ./config.status 

on itgserver200

config.status:645: creating Makefile
config.status:645: creating fr/Makefile
config.status:770: executing depfiles commands

## ---------------- ##
## Cache variables. ##
## ---------------- ##

ac_cv_c_compiler_gnu=yes
ac_cv_env_CC_set=
ac_cv_env_CC_value=
ac_cv_env_CFLAGS_set=
ac_cv_env_CFLAGS_value=
ac_cv_env_CPPFLAGS_set=
ac_cv_env_CPPFLAGS_value=
ac_cv_env_CPP_set=
ac_cv_env_CPP_value=
ac_cv_env_LDFLAGS_set=
ac_cv_env_LDFLAGS_value=
ac_cv_env_build_alias_set=set
ac_cv_env_build_alias_value=i686-pc-linux-gnu
ac_cv_env_host_alias_set=set
ac_cv_env_host_alias_value=mipsel-elf
ac_cv_env_target_alias_set=
ac_cv_env_target_alias_value=
ac_cv_exeext=
ac_cv_header_inttypes_h=yes
ac_cv_header_memory_h=yes
ac_cv_header_paths_h=yes
ac_cv_header_stdc=yes
ac_cv_header_stdint_h=yes
ac_cv_header_stdlib_h=yes
ac_cv_header_string_h=yes
ac_cv_header_strings_h=yes
ac_cv_header_sys_stat_h=yes
ac_cv_header_sys_types_h=yes
ac_cv_header_unistd_h=yes
ac_cv_objext=o
ac_cv_path_install='/usr/bin/install -c'
ac_cv_prog_AWK=gawk
ac_cv_prog_CPP='gcc -E'
ac_cv_prog_ac_ct_CC=gcc
ac_cv_prog_ac_ct_STRIP=strip
ac_cv_prog_cc_g=yes
ac_cv_prog_cc_stdc=
ac_cv_prog_egrep='grep -E'
ac_cv_prog_make_make_set=yes
am_cv_CC_dependencies_compiler_type=gcc3

## ----------------- ##
## Output variables. ##
## ----------------- ##

ACLOCAL='${SHELL} /home/vincent/work/usb-router-buildroot/build/debianutils-2.6.1/missing --run aclocal-1.7'
AMDEPBACKSLASH='\'
AMDEP_FALSE='#'
AMDEP_TRUE=''
AMTAR='${SHELL} /home/vincent/work/usb-router-buildroot/build/debianutils-2.6.1/missing --run tar'
AUTOCONF='${SHELL} /home/vincent/work/usb-router-buildroot/build/debianutils-2.6.1/missing --run autoconf'
AUTOHEADER='${SHELL} /home/vincent/work/usb-router-buildroot/build/debianutils-2.6.1/missing --run autoheader'
AUTOMAKE='${SHELL} /home/vincent/work/usb-router-buildroot/build/debianutils-2.6.1/missing --run automake-1.7'
AWK='gawk'
CC='gcc'
CCDEPMODE='depmode=gcc3'
CFLAGS='-g -O2'
CPP='gcc -E'
CPPFLAGS=''
CYGPATH_W='echo'
DEFS='-DPACKAGE_NAME=\"debianutils\" -DPACKAGE_TARNAME=\"debianutils\" -DPACKAGE_VERSION=\"2.6\" -DPACKAGE_STRING=\"debianutils\ 2.6\" -DPACKAGE_BUGREPORT=\"\" -DPACKAGE=\"debianutils\" -DVERSION=\"2.6\" -DSTDC_HEADERS=1 -DHAVE_SYS_TYPES_H=1 -DHAVE_SYS_STAT_H=1 -DHAVE_STDLIB_H=1 -DHAVE_STRING_H=1 -DHAVE_MEMORY_H=1 -DHAVE_STRINGS_H=1 -DHAVE_INTTYPES_H=1 -DHAVE_STDINT_H=1 -DHAVE_UNISTD_H=1 -DHAVE_PATHS_H=1 '
DEPDIR='.deps'
ECHO_C=''
ECHO_N='-n'
ECHO_T=''
EGREP='grep -E'
EXEEXT=''
INSTALL_DATA='${INSTALL} -m 644'
INSTALL_PROGRAM='${INSTALL}'
INSTALL_SCRIPT='${INSTALL}'
INSTALL_STRIP_PROGRAM='${SHELL} $(install_sh) -c -s'
LDFLAGS=''
LIBOBJS=''
LIBS=''
LTLIBOBJS=''
MAKEINFO='${SHELL} /home/vincent/work/usb-router-buildroot/build/debianutils-2.6.1/missing --run makeinfo'
OBJEXT='o'
PACKAGE='debianutils'
PACKAGE_BUGREPORT=''
PACKAGE_NAME='debianutils'
PACKAGE_STRING='debianutils 2.6'
PACKAGE_TARNAME='debianutils'
PACKAGE_VERSION='2.6'
PATH_SEPARATOR=':'
SET_MAKE=''
SHELL='/bin/sh'
STRIP='strip'
VERSION='2.6'
ac_ct_CC='gcc'
ac_ct_STRIP='strip'
am__fastdepCC_FALSE='#'
am__fastdepCC_TRUE=''
am__include='include'
am__leading_dot='.'
am__quote=''
bindir='${exec_prefix}/bin'
build_alias='i686-pc-linux-gnu'
datadir='${prefix}/share'
exec_prefix='${prefix}'
host_alias='mipsel-elf'
includedir='${prefix}/include'
infodir='${prefix}/info'
install_sh='/home/vincent/work/usb-router-buildroot/build/debianutils-2.6.1/install-sh'
libdir='${exec_prefix}/lib'
libexecdir='${exec_prefix}/libexec'
localstatedir='${prefix}/var'
mandir='${prefix}/man'
oldincludedir='/usr/include'
prefix='/usr/local'
program_transform_name='s,x,x,'
sbindir='${exec_prefix}/sbin'
sharedstatedir='${prefix}/com'
sysconfdir='${prefix}/etc'
target_alias=''

## ----------- ##
## confdefs.h. ##
## ----------- ##

#define HAVE_INTTYPES_H 1
#define HAVE_MEMORY_H 1
#define HAVE_PATHS_H 1
#define HAVE_STDINT_H 1
#define HAVE_STDLIB_H 1
#define HAVE_STRINGS_H 1
#define HAVE_STRING_H 1
#define HAVE_SYS_STAT_H 1
#define HAVE_SYS_TYPES_H 1
#define HAVE_UNISTD_H 1
#define PACKAGE "debianutils"
#define PACKAGE_BUGREPORT ""
#define PACKAGE_NAME "debianutils"
#define PACKAGE_STRING "debianutils 2.6"
#define PACKAGE_TARNAME "debianutils"
#define PACKAGE_VERSION "2.6"
#define STDC_HEADERS 1
#define VERSION "2.6"

configure: exit 0
