This file contains any messages produced by compilers while
running configure, to aid debugging if configure makes a mistake.

It was created by quagga configure 0.96.4, which was
generated by GNU Autoconf 2.57.  Invocation command line was

  $ ./configure --prefix=/usr --sysconfdir=/etc/zebra --localstatedir=/var/run --build=i686-pc-linux-gnu --host=mipsel-linux-elf --disable-guile --disable-ipv6 --enable-zebra --disable-ripngd --enable-ripd --disable-ospfd --disable-ospf6d --disable-bgpd --disable-bgp-announce --disable-netlink --enable-user=root --enable-group=root

## --------- ##
## Platform. ##
## --------- ##

hostname = itgserver200
uname -m = i686
uname -r = 2.4.25-1-686
uname -s = Linux
uname -v = #1 Tue Feb 24 10:55:59 EST 2004

/usr/bin/uname -p = unknown
/bin/uname -X     = unknown

/bin/arch              = i686
/usr/bin/arch -k       = unknown
/usr/convex/getsysinfo = unknown
hostinfo               = unknown
/bin/machine           = unknown
/usr/bin/oslevel       = unknown
/bin/universe          = unknown

PATH: /home/changcs/usb-router-buildroot/build/staging_dir/usr/bin
PATH: /usr/local/bin
PATH: /usr/bin
PATH: /bin
PATH: /usr/bin/X11
PATH: /usr/games


## ----------- ##
## Core tests. ##
## ----------- ##

configure:1354: checking for a BSD-compatible install
configure:1408: result: /usr/bin/install -c
configure:1419: checking whether build environment is sane
configure:1462: result: yes
configure:1495: checking for gawk
configure:1511: found /usr/bin/gawk
configure:1521: result: gawk
configure:1531: checking whether make sets $(MAKE)
configure:1551: result: yes
configure:1611: checking for mipsel-linux-elf-strip
configure:1640: result: no
configure:1649: checking for strip
configure:1665: found /home/changcs/usb-router-buildroot/build/staging_dir/usr/bin/strip
configure:1676: result: strip
configure:1709: checking build system type
configure:1727: result: i686-pc-linux-gnu
configure:1735: checking host system type
configure:1749: result: mipsel-linux-elf
configure:1778: checking for mipsel-linux-elf-gcc
configure:1807: result: no
configure:1816: checking for gcc
configure:1832: found /home/changcs/usb-router-buildroot/build/staging_dir/usr/bin/gcc
configure:1842: result: gcc
configure:2086: checking for C compiler version
configure:2089: gcc --version </dev/null >&5
3.0
configure:2092: $? = 0
configure:2094: gcc -v </dev/null >&5
Invoked as gcc
arg[ 0] = /opt/brcm/hndtools-mipsel-linux-3.0/bin/mipsel-linux-gcc
arg[ 1] = -v
Reading specs from /opt/brcm/hndtools-mipsel-linux-3.0/bin/../lib/gcc-lib/mipsel-linux/3.0/specs
Configured with: 
gcc version 3.0 20010422 (prerelease) with bcm4710a0 modifications
configure:2097: $? = 0
configure:2099: gcc -V </dev/null >&5
mipsel-linux-gcc: argument to `-V' is missing
configure:2102: $? = 1
configure:2126: checking for C compiler default output
configure:2129: gcc    conftest.c  >&5
configure:2132: $? = 0
configure:2178: result: a.out
configure:2183: checking whether the C compiler works
configure:2209: result: yes
configure:2216: checking whether we are cross compiling
configure:2218: result: yes
configure:2221: checking for suffix of executables
configure:2223: gcc -o conftest    conftest.c  >&5
configure:2226: $? = 0
configure:2251: result: 
configure:2257: checking for suffix of object files
configure:2279: gcc -c   conftest.c >&5
configure:2282: $? = 0
configure:2304: result: o
configure:2308: checking whether we are using the GNU C compiler
configure:2333: gcc -c   conftest.c >&5
configure:2336: $? = 0
configure:2339: test -s conftest.o
configure:2342: $? = 0
configure:2355: result: yes
configure:2361: checking whether gcc accepts -g
configure:2383: gcc -c -g  conftest.c >&5
configure:2386: $? = 0
configure:2389: test -s conftest.o
configure:2392: $? = 0
configure:2403: result: yes
configure:2420: checking for gcc option to accept ANSI C
configure:2481: gcc  -c -g -O2  conftest.c >&5
configure:2484: $? = 0
configure:2487: test -s conftest.o
configure:2490: $? = 0
configure:2508: result: none needed
configure:2526: gcc -c -g -O2  conftest.c >&5
conftest.c:2: parse error before "me"
configure:2529: $? = 1
configure: failed program was:
| #ifndef __cplusplus
|   choke me
| #endif
configure:2657: checking for style of include used by make
configure:2685: result: GNU
configure:2713: checking dependency style of gcc
configure:2775: result: gcc3
configure:2790: checking how to run the C preprocessor
configure:2826: gcc -E  conftest.c
configure:2832: $? = 0
configure:2864: gcc -E  conftest.c
configure:2865:28: ac_nonexistent.h: No such file or directory
configure:2870: $? = 1
configure: failed program was:
| #line 2855 "configure"
| /* confdefs.h.  */
| 
| #define PACKAGE_NAME "quagga"
| #define PACKAGE_TARNAME "quagga"
| #define PACKAGE_VERSION "0.96.4"
| #define PACKAGE_STRING "quagga 0.96.4"
| #define PACKAGE_BUGREPORT "bug-zebra@gnu.org"
| #define PACKAGE "quagga"
| #define VERSION "0.96.4"
| /* end confdefs.h.  */
| #include <ac_nonexistent.h>
configure:2908: result: gcc -E
configure:2933: gcc -E  conftest.c
configure:2939: $? = 0
configure:2971: gcc -E  conftest.c
configure:2972:28: ac_nonexistent.h: No such file or directory
configure:2977: $? = 1
configure: failed program was:
| #line 2962 "configure"
| /* confdefs.h.  */
| 
| #define PACKAGE_NAME "quagga"
| #define PACKAGE_TARNAME "quagga"
| #define PACKAGE_VERSION "0.96.4"
| #define PACKAGE_STRING "quagga 0.96.4"
| #define PACKAGE_BUGREPORT "bug-zebra@gnu.org"
| #define PACKAGE "quagga"
| #define VERSION "0.96.4"
| /* end confdefs.h.  */
| #include <ac_nonexistent.h>
configure:3031: checking for a BSD-compatible install
configure:3085: result: /usr/bin/install -c
configure:3096: checking whether make sets $(MAKE)
configure:3116: result: yes
configure:3128: checking for mipsel-linux-elf-ar
configure:3157: result: no
configure:3166: checking for ar
configure:3182: found /home/changcs/usb-router-buildroot/build/staging_dir/usr/bin/ar
configure:3192: result: ar
configure:3207: checking for mipsel-linux-elf-ranlib
configure:3236: result: no
configure:3245: checking for ranlib
configure:3261: found /home/changcs/usb-router-buildroot/build/staging_dir/usr/bin/ranlib
configure:3272: result: ranlib
configure:3287: checking for egrep
configure:3297: result: grep -E
configure:3303: checking for AIX
configure:3326: result: no
configure:3507: checking Should zebra's RTADV be used
configure:3518: result: no
configure:3576: checking for ANSI C header files
configure:3602: gcc -c -g -O2 -Wall  conftest.c >&5
configure:3605: $? = 0
configure:3608: test -s conftest.o
configure:3611: $? = 0
configure:3723: result: yes
configure:3747: checking for sys/types.h
configure:3764: gcc -c -g -O2 -Wall  conftest.c >&5
configure:3767: $? = 0
configure:3770: test -s conftest.o
configure:3773: $? = 0
configure:3784: result: yes
configure:3747: checking for sys/stat.h
configure:3764: gcc -c -g -O2 -Wall  conftest.c >&5
configure:3767: $? = 0
configure:3770: test -s conftest.o
configure:3773: $? = 0
configure:3784: result: yes
configure:3747: checking for stdlib.h
configure:3764: gcc -c -g -O2 -Wall  conftest.c >&5
configure:3767: $? = 0
configure:3770: test -s conftest.o
configure:3773: $? = 0
configure:3784: result: yes
configure:3747: checking for string.h
configure:3764: gcc -c -g -O2 -Wall  conftest.c >&5
configure:3767: $? = 0
configure:3770: test -s conftest.o
configure:3773: $? = 0
configure:3784: result: yes
configure:3747: checking for memory.h
configure:3764: gcc -c -g -O2 -Wall  conftest.c >&5
configure:3767: $? = 0
configure:3770: test -s conftest.o
configure:3773: $? = 0
configure:3784: result: yes
configure:3747: checking for strings.h
configure:3764: gcc -c -g -O2 -Wall  conftest.c >&5
configure:3767: $? = 0
configure:3770: test -s conftest.o
configure:3773: $? = 0
configure:3784: result: yes
configure:3747: checking for inttypes.h
configure:3764: gcc -c -g -O2 -Wall  conftest.c >&5
configure:3767: $? = 0
configure:3770: test -s conftest.o
configure:3773: $? = 0
configure:3784: result: yes
configure:3747: checking for stdint.h
configure:3764: gcc -c -g -O2 -Wall  conftest.c >&5
configure:3767: $? = 0
configure:3770: test -s conftest.o
configure:3773: $? = 0
configure:3784: result: yes
configure:3747: checking for unistd.h
configure:3764: gcc -c -g -O2 -Wall  conftest.c >&5
configure:3767: $? = 0
configure:3770: test -s conftest.o
configure:3773: $? = 0
configure:3784: result: yes
configure:3819: checking for string.h
configure:3824: result: yes
configure:3828: checking stropts.h usability
configure:3841: gcc -c -g -O2 -Wall  conftest.c >&5
configure:3844: $? = 0
configure:3847: test -s conftest.o
configure:3850: $? = 0
configure:3860: result: yes
configure:3864: checking stropts.h presence
configure:3875: gcc -E  conftest.c
configure:3881: $? = 0
configure:3900: result: yes
configure:3936: checking for stropts.h
configure:3943: result: yes
configure:3828: checking sys/conf.h usability
configure:3841: gcc -c -g -O2 -Wall  conftest.c >&5
configure:3888:22: sys/conf.h: No such file or directory
configure:3844: $? = 1
configure: failed program was:
| #line 3830 "configure"
| /* confdefs.h.  */
| 
| #define PACKAGE_NAME "quagga"
| #define PACKAGE_TARNAME "quagga"
| #define PACKAGE_VERSION "0.96.4"
| #define PACKAGE_STRING "quagga 0.96.4"
| #define PACKAGE_BUGREPORT "bug-zebra@gnu.org"
| #define PACKAGE "quagga"
| #define VERSION "0.96.4"
| #define QUAGGA_USER "root"
| #define QUAGGA_GROUP "root"
| #define STDC_HEADERS 1
| #define HAVE_SYS_TYPES_H 1
| #define HAVE_SYS_STAT_H 1
| #define HAVE_STDLIB_H 1
| #define HAVE_STRING_H 1
| #define HAVE_MEMORY_H 1
| #define HAVE_STRINGS_H 1
| #define HAVE_INTTYPES_H 1
| #define HAVE_STDINT_H 1
| #define HAVE_UNISTD_H 1
| #define HAVE_STRING_H 1
| #define HAVE_STROPTS_H 1
| /* end confdefs.h.  */
| #include <stdio.h>
| #if HAVE_SYS_TYPES_H
| # include <sys/types.h>
| #endif
| #if HAVE_SYS_STAT_H
| # include <sys/stat.h>
| #endif
| #if STDC_HEADERS
| # include <stdlib.h>
| # include <stddef.h>
| #else
| # if HAVE_STDLIB_H
| #  include <stdlib.h>
| # endif
| #endif
| #if HAVE_STRING_H
| # if !STDC_HEADERS && HAVE_MEMORY_H
| #  include <memory.h>
| # endif
| # include <string.h>
| #endif
| #if HAVE_STRINGS_H
| # include <strings.h>
| #endif
| #if HAVE_INTTYPES_H
| # include <inttypes.h>
| #else
| # if HAVE_STDINT_H
| #  include <stdint.h>
| # endif
| #endif
| #if HAVE_UNISTD_H
| # include <unistd.h>
| #endif
| #include <sys/conf.h>
configure:3860: result: no
configure:3864: checking sys/conf.h presence
configure:3875: gcc -E  conftest.c
configure:3890:22: sys/conf.h: No such file or directory
configure:3881: $? = 1
configure: failed program was:
| #line 3866 "configure"
| /* confdefs.h.  */
| 
| #define PACKAGE_NAME "quagga"
| #define PACKAGE_TARNAME "quagga"
| #define PACKAGE_VERSION "0.96.4"
| #define PACKAGE_STRING "quagga 0.96.4"
| #define PACKAGE_BUGREPORT "bug-zebra@gnu.org"
| #define PACKAGE "quagga"
| #define VERSION "0.96.4"
| #define QUAGGA_USER "root"
| #define QUAGGA_GROUP "root"
| #define STDC_HEADERS 1
| #define HAVE_SYS_TYPES_H 1
| #define HAVE_SYS_STAT_H 1
| #define HAVE_STDLIB_H 1
| #define HAVE_STRING_H 1
| #define HAVE_MEMORY_H 1
| #define HAVE_STRINGS_H 1
| #define HAVE_INTTYPES_H 1
| #define HAVE_STDINT_H 1
| #define HAVE_UNISTD_H 1
| #define HAVE_STRING_H 1
| #define HAVE_STROPTS_H 1
| /* end confdefs.h.  */
| #include <sys/conf.h>
configure:3900: result: no
configure:3936: checking for sys/conf.h
configure:3943: result: no
configure:3828: checking sys/ksym.h usability
configure:3841: gcc -c -g -O2 -Wall  conftest.c >&5
configure:3888:22: sys/ksym.h: No such file or directory
configure:3844: $? = 1
configure: failed program was:
| #line 3830 "configure"
| /* confdefs.h.  */
| 
| #define PACKAGE_NAME "quagga"
| #define PACKAGE_TARNAME "quagga"
| #define PACKAGE_VERSION "0.96.4"
| #define PACKAGE_STRING "quagga 0.96.4"
| #define PACKAGE_BUGREPORT "bug-zebra@gnu.org"
| #define PACKAGE "quagga"
| #define VERSION "0.96.4"
| #define QUAGGA_USER "root"
| #define QUAGGA_GROUP "root"
| #define STDC_HEADERS 1
| #define HAVE_SYS_TYPES_H 1
| #define HAVE_SYS_STAT_H 1
| #define HAVE_STDLIB_H 1
| #define HAVE_STRING_H 1
| #define HAVE_MEMORY_H 1
| #define HAVE_STRINGS_H 1
| #define HAVE_INTTYPES_H 1
| #define HAVE_STDINT_H 1
| #define HAVE_UNISTD_H 1
| #define HAVE_STRING_H 1
| #define HAVE_STROPTS_H 1
| /* end confdefs.h.  */
| #include <stdio.h>
| #if HAVE_SYS_TYPES_H
| # include <sys/types.h>
| #endif
| #if HAVE_SYS_STAT_H
| # include <sys/stat.h>
| #endif
| #if STDC_HEADERS
| # include <stdlib.h>
| # include <stddef.h>
| #else
| # if HAVE_STDLIB_H
| #  include <stdlib.h>
| # endif
| #endif
| #if HAVE_STRING_H
| # if !STDC_HEADERS && HAVE_MEMORY_H
| #  include <memory.h>
| # endif
| # include <string.h>
| #endif
| #if HAVE_STRINGS_H
| # include <strings.h>
| #endif
| #if HAVE_INTTYPES_H
| # include <inttypes.h>
| #else
| # if HAVE_STDINT_H
| #  include <stdint.h>
| # endif
| #endif
| #if HAVE_UNISTD_H
| # include <unistd.h>
| #endif
| #include <sys/ksym.h>
configure:3860: result: no
configure:3864: checking sys/ksym.h presence
configure:3875: gcc -E  conftest.c
configure:3890:22: sys/ksym.h: No such file or directory
configure:3881: $? = 1
configure: failed program was:
| #line 3866 "configure"
| /* confdefs.h.  */
| 
| #define PACKAGE_NAME "quagga"
| #define PACKAGE_TARNAME "quagga"
| #define PACKAGE_VERSION "0.96.4"
| #define PACKAGE_STRING "quagga 0.96.4"
| #define PACKAGE_BUGREPORT "bug-zebra@gnu.org"
| #define PACKAGE "quagga"
| #define VERSION "0.96.4"
| #define QUAGGA_USER "root"
| #define QUAGGA_GROUP "root"
| #define STDC_HEADERS 1
| #define HAVE_SYS_TYPES_H 1
| #define HAVE_SYS_STAT_H 1
| #define HAVE_STDLIB_H 1
| #define HAVE_STRING_H 1
| #define HAVE_MEMORY_H 1
| #define HAVE_STRINGS_H 1
| #define HAVE_INTTYPES_H 1
| #define HAVE_STDINT_H 1
| #define HAVE_UNISTD_H 1
| #define HAVE_STRING_H 1
| #define HAVE_STROPTS_H 1
| /* end confdefs.h.  */
| #include <sys/ksym.h>
configure:3900: result: no
configure:3936: checking for sys/ksym.h
configure:3943: result: no
configure:3828: checking sys/time.h usability
configure:3841: gcc -c -g -O2 -Wall  conftest.c >&5
configure:3844: $? = 0
configure:3847: test -s conftest.o
configure:3850: $? = 0
configure:3860: result: yes
configure:3864: checking sys/time.h presence
configure:3875: gcc -E  conftest.c
configure:3881: $? = 0
configure:3900: result: yes
configure:3936: checking for sys/time.h
configure:3943: result: yes
configure:3828: checking sys/times.h usability
configure:3841: gcc -c -g -O2 -Wall  conftest.c >&5
configure:3844: $? = 0
configure:3847: test -s conftest.o
configure:3850: $? = 0
configure:3860: result: yes
configure:3864: checking sys/times.h presence
configure:3875: gcc -E  conftest.c
configure:3881: $? = 0
configure:3900: result: yes
configure:3936: checking for sys/times.h
configure:3943: result: yes
configure:3828: checking sys/select.h usability
configure:3841: gcc -c -g -O2 -Wall  conftest.c >&5
configure:3844: $? = 0
configure:3847: test -s conftest.o
configure:3850: $? = 0
configure:3860: result: yes
configure:3864: checking sys/select.h presence
configure:3875: gcc -E  conftest.c
configure:3881: $? = 0
configure:3900: result: yes
configure:3936: checking for sys/select.h
configure:3943: result: yes
configure:3828: checking sys/sysctl.h usability
configure:3841: gcc -c -g -O2 -Wall  conftest.c >&5
configure:3844: $? = 0
configure:3847: test -s conftest.o
configure:3850: $? = 0
configure:3860: result: yes
configure:3864: checking sys/sysctl.h presence
configure:3875: gcc -E  conftest.c
configure:3881: $? = 0
configure:3900: result: yes
configure:3936: checking for sys/sysctl.h
configure:3943: result: yes
configure:3828: checking sys/sockio.h usability
configure:3841: gcc -c -g -O2 -Wall  conftest.c >&5
configure:3892:24: sys/sockio.h: No such file or directory
configure:3844: $? = 1
configure: failed program was:
| #line 3830 "configure"
| /* confdefs.h.  */
| 
| #define PACKAGE_NAME "quagga"
| #define PACKAGE_TARNAME "quagga"
| #define PACKAGE_VERSION "0.96.4"
| #define PACKAGE_STRING "quagga 0.96.4"
| #define PACKAGE_BUGREPORT "bug-zebra@gnu.org"
| #define PACKAGE "quagga"
| #define VERSION "0.96.4"
| #define QUAGGA_USER "root"
| #define QUAGGA_GROUP "root"
| #define STDC_HEADERS 1
| #define HAVE_SYS_TYPES_H 1
| #define HAVE_SYS_STAT_H 1
| #define HAVE_STDLIB_H 1
| #define HAVE_STRING_H 1
| #define HAVE_MEMORY_H 1
| #define HAVE_STRINGS_H 1
| #define HAVE_INTTYPES_H 1
| #define HAVE_STDINT_H 1
| #define HAVE_UNISTD_H 1
| #define HAVE_STRING_H 1
| #define HAVE_STROPTS_H 1
| #define HAVE_SYS_TIME_H 1
| #define HAVE_SYS_TIMES_H 1
| #define HAVE_SYS_SELECT_H 1
| #define HAVE_SYS_SYSCTL_H 1
| /* end confdefs.h.  */
| #include <stdio.h>
| #if HAVE_SYS_TYPES_H
| # include <sys/types.h>
| #endif
| #if HAVE_SYS_STAT_H
| # include <sys/stat.h>
| #endif
| #if STDC_HEADERS
| # include <stdlib.h>
| # include <stddef.h>
| #else
| # if HAVE_STDLIB_H
| #  include <stdlib.h>
| # endif
| #endif
| #if HAVE_STRING_H
| # if !STDC_HEADERS && HAVE_MEMORY_H
| #  include <memory.h>
| # endif
| # include <string.h>
| #endif
| #if HAVE_STRINGS_H
| # include <strings.h>
| #endif
| #if HAVE_INTTYPES_H
| # include <inttypes.h>
| #else
| # if HAVE_STDINT_H
| #  include <stdint.h>
| # endif
| #endif
| #if HAVE_UNISTD_H
| # include <unistd.h>
| #endif
| #include <sys/sockio.h>
configure:3860: result: no
configure:3864: checking sys/sockio.h presence
configure:3875: gcc -E  conftest.c
configure:3894:24: sys/sockio.h: No such file or directory
configure:3881: $? = 1
configure: failed program was:
| #line 3866 "configure"
| /* confdefs.h.  */
| 
| #define PACKAGE_NAME "quagga"
| #define PACKAGE_TARNAME "quagga"
| #define PACKAGE_VERSION "0.96.4"
| #define PACKAGE_STRING "quagga 0.96.4"
| #define PACKAGE_BUGREPORT "bug-zebra@gnu.org"
| #define PACKAGE "quagga"
| #define VERSION "0.96.4"
| #define QUAGGA_USER "root"
| #define QUAGGA_GROUP "root"
| #define STDC_HEADERS 1
| #define HAVE_SYS_TYPES_H 1
| #define HAVE_SYS_STAT_H 1
| #define HAVE_STDLIB_H 1
| #define HAVE_STRING_H 1
| #define HAVE_MEMORY_H 1
| #define HAVE_STRINGS_H 1
| #define HAVE_INTTYPES_H 1
| #define HAVE_STDINT_H 1
| #define HAVE_UNISTD_H 1
| #define HAVE_STRING_H 1
| #define HAVE_STROPTS_H 1
| #define HAVE_SYS_TIME_H 1
| #define HAVE_SYS_TIMES_H 1
| #define HAVE_SYS_SELECT_H 1
| #define HAVE_SYS_SYSCTL_H 1
| /* end confdefs.h.  */
| #include <sys/sockio.h>
configure:3900: result: no
configure:3936: checking for sys/sockio.h
configure:3943: result: no
configure:3819: checking for sys/types.h
configure:3824: result: yes
configure:3828: checking linux/version.h usability
configure:3841: gcc -c -g -O2 -Wall  conftest.c >&5
configure:3844: $? = 0
configure:3847: test -s conftest.o
configure:3850: $? = 0
configure:3860: result: yes
configure:3864: checking linux/version.h presence
configure:3875: gcc -E  conftest.c
configure:3881: $? = 0
configure:3900: result: yes
configure:3936: checking for linux/version.h
configure:3943: result: yes
configure:3828: checking kvm.h usability
configure:3841: gcc -c -g -O2 -Wall  conftest.c >&5
configure:3894:17: kvm.h: No such file or directory
configure:3844: $? = 1
configure: failed program was:
| #line 3830 "configure"
| /* confdefs.h.  */
| 
| #define PACKAGE_NAME "quagga"
| #define PACKAGE_TARNAME "quagga"
| #define PACKAGE_VERSION "0.96.4"
| #define PACKAGE_STRING "quagga 0.96.4"
| #define PACKAGE_BUGREPORT "bug-zebra@gnu.org"
| #define PACKAGE "quagga"
| #define VERSION "0.96.4"
| #define QUAGGA_USER "root"
| #define QUAGGA_GROUP "root"
| #define STDC_HEADERS 1
| #define HAVE_SYS_TYPES_H 1
| #define HAVE_SYS_STAT_H 1
| #define HAVE_STDLIB_H 1
| #define HAVE_STRING_H 1
| #define HAVE_MEMORY_H 1
| #define HAVE_STRINGS_H 1
| #define HAVE_INTTYPES_H 1
| #define HAVE_STDINT_H 1
| #define HAVE_UNISTD_H 1
| #define HAVE_STRING_H 1
| #define HAVE_STROPTS_H 1
| #define HAVE_SYS_TIME_H 1
| #define HAVE_SYS_TIMES_H 1
| #define HAVE_SYS_SELECT_H 1
| #define HAVE_SYS_SYSCTL_H 1
| #define HAVE_SYS_TYPES_H 1
| #define HAVE_LINUX_VERSION_H 1
| /* end confdefs.h.  */
| #include <stdio.h>
| #if HAVE_SYS_TYPES_H
| # include <sys/types.h>
| #endif
| #if HAVE_SYS_STAT_H
| # include <sys/stat.h>
| #endif
| #if STDC_HEADERS
| # include <stdlib.h>
| # include <stddef.h>
| #else
| # if HAVE_STDLIB_H
| #  include <stdlib.h>
| # endif
| #endif
| #if HAVE_STRING_H
| # if !STDC_HEADERS && HAVE_MEMORY_H
| #  include <memory.h>
| # endif
| # include <string.h>
| #endif
| #if HAVE_STRINGS_H
| # include <strings.h>
| #endif
| #if HAVE_INTTYPES_H
| # include <inttypes.h>
| #else
| # if HAVE_STDINT_H
| #  include <stdint.h>
| # endif
| #endif
| #if HAVE_UNISTD_H
| # include <unistd.h>
| #endif
| #include <kvm.h>
configure:3860: result: no
configure:3864: checking kvm.h presence
configure:3875: gcc -E  conftest.c
configure:3896:17: kvm.h: No such file or directory
configure:3881: $? = 1
configure: failed program was:
| #line 3866 "configure"
| /* confdefs.h.  */
| 
| #define PACKAGE_NAME "quagga"
| #define PACKAGE_TARNAME "quagga"
| #define PACKAGE_VERSION "0.96.4"
| #define PACKAGE_STRING "quagga 0.96.4"
| #define PACKAGE_BUGREPORT "bug-zebra@gnu.org"
| #define PACKAGE "quagga"
| #define VERSION "0.96.4"
| #define QUAGGA_USER "root"
| #define QUAGGA_GROUP "root"
| #define STDC_HEADERS 1
| #define HAVE_SYS_TYPES_H 1
| #define HAVE_SYS_STAT_H 1
| #define HAVE_STDLIB_H 1
| #define HAVE_STRING_H 1
| #define HAVE_MEMORY_H 1
| #define HAVE_STRINGS_H 1
| #define HAVE_INTTYPES_H 1
| #define HAVE_STDINT_H 1
| #define HAVE_UNISTD_H 1
| #define HAVE_STRING_H 1
| #define HAVE_STROPTS_H 1
| #define HAVE_SYS_TIME_H 1
| #define HAVE_SYS_TIMES_H 1
| #define HAVE_SYS_SELECT_H 1
| #define HAVE_SYS_SYSCTL_H 1
| #define HAVE_SYS_TYPES_H 1
| #define HAVE_LINUX_VERSION_H 1
| /* end confdefs.h.  */
| #include <kvm.h>
configure:3900: result: no
configure:3936: checking for kvm.h
configure:3943: result: no
configure:3828: checking netdb.h usability
configure:3841: gcc -c -g -O2 -Wall  conftest.c >&5
configure:3844: $? = 0
configure:3847: test -s conftest.o
configure:3850: $? = 0
configure:3860: result: yes
configure:3864: checking netdb.h presence
configure:3875: gcc -E  conftest.c
configure:3881: $? = 0
configure:3900: result: yes
configure:3936: checking for netdb.h
configure:3943: result: yes
configure:3828: checking asm/types.h usability
configure:3841: gcc -c -g -O2 -Wall  conftest.c >&5
configure:3844: $? = 0
configure:3847: test -s conftest.o
configure:3850: $? = 0
configure:3860: result: yes
configure:3864: checking asm/types.h presence
configure:3875: gcc -E  conftest.c
configure:3881: $? = 0
configure:3900: result: yes
configure:3936: checking for asm/types.h
configure:3943: result: yes
configure:3828: checking libutil.h usability
configure:3841: gcc -c -g -O2 -Wall  conftest.c >&5
configure:3896:21: libutil.h: No such file or directory
configure:3844: $? = 1
configure: failed program was:
| #line 3830 "configure"
| /* confdefs.h.  */
| 
| #define PACKAGE_NAME "quagga"
| #define PACKAGE_TARNAME "quagga"
| #define PACKAGE_VERSION "0.96.4"
| #define PACKAGE_STRING "quagga 0.96.4"
| #define PACKAGE_BUGREPORT "bug-zebra@gnu.org"
| #define PACKAGE "quagga"
| #define VERSION "0.96.4"
| #define QUAGGA_USER "root"
| #define QUAGGA_GROUP "root"
| #define STDC_HEADERS 1
| #define HAVE_SYS_TYPES_H 1
| #define HAVE_SYS_STAT_H 1
| #define HAVE_STDLIB_H 1
| #define HAVE_STRING_H 1
| #define HAVE_MEMORY_H 1
| #define HAVE_STRINGS_H 1
| #define HAVE_INTTYPES_H 1
| #define HAVE_STDINT_H 1
| #define HAVE_UNISTD_H 1
| #define HAVE_STRING_H 1
| #define HAVE_STROPTS_H 1
| #define HAVE_SYS_TIME_H 1
| #define HAVE_SYS_TIMES_H 1
| #define HAVE_SYS_SELECT_H 1
| #define HAVE_SYS_SYSCTL_H 1
| #define HAVE_SYS_TYPES_H 1
| #define HAVE_LINUX_VERSION_H 1
| #define HAVE_NETDB_H 1
| #define HAVE_ASM_TYPES_H 1
| /* end confdefs.h.  */
| #include <stdio.h>
| #if HAVE_SYS_TYPES_H
| # include <sys/types.h>
| #endif
| #if HAVE_SYS_STAT_H
| # include <sys/stat.h>
| #endif
| #if STDC_HEADERS
| # include <stdlib.h>
| # include <stddef.h>
| #else
| # if HAVE_STDLIB_H
| #  include <stdlib.h>
| # endif
| #endif
| #if HAVE_STRING_H
| # if !STDC_HEADERS && HAVE_MEMORY_H
| #  include <memory.h>
| # endif
| # include <string.h>
| #endif
| #if HAVE_STRINGS_H
| # include <strings.h>
| #endif
| #if HAVE_INTTYPES_H
| # include <inttypes.h>
| #else
| # if HAVE_STDINT_H
| #  include <stdint.h>
| # endif
| #endif
| #if HAVE_UNISTD_H
| # include <unistd.h>
| #endif
| #include <libutil.h>
configure:3860: result: no
configure:3864: checking libutil.h presence
configure:3875: gcc -E  conftest.c
configure:3898:21: libutil.h: No such file or directory
configure:3881: $? = 1
configure: failed program was:
| #line 3866 "configure"
| /* confdefs.h.  */
| 
| #define PACKAGE_NAME "quagga"
| #define PACKAGE_TARNAME "quagga"
| #define PACKAGE_VERSION "0.96.4"
| #define PACKAGE_STRING "quagga 0.96.4"
| #define PACKAGE_BUGREPORT "bug-zebra@gnu.org"
| #define PACKAGE "quagga"
| #define VERSION "0.96.4"
| #define QUAGGA_USER "root"
| #define QUAGGA_GROUP "root"
| #define STDC_HEADERS 1
| #define HAVE_SYS_TYPES_H 1
| #define HAVE_SYS_STAT_H 1
| #define HAVE_STDLIB_H 1
| #define HAVE_STRING_H 1
| #define HAVE_MEMORY_H 1
| #define HAVE_STRINGS_H 1
| #define HAVE_INTTYPES_H 1
| #define HAVE_STDINT_H 1
| #define HAVE_UNISTD_H 1
| #define HAVE_STRING_H 1
| #define HAVE_STROPTS_H 1
| #define HAVE_SYS_TIME_H 1
| #define HAVE_SYS_TIMES_H 1
| #define HAVE_SYS_SELECT_H 1
| #define HAVE_SYS_SYSCTL_H 1
| #define HAVE_SYS_TYPES_H 1
| #define HAVE_LINUX_VERSION_H 1
| #define HAVE_NETDB_H 1
| #define HAVE_ASM_TYPES_H 1
| /* end confdefs.h.  */
| #include <libutil.h>
configure:3900: result: no
configure:3936: checking for libutil.h
configure:3943: result: no
configure:3828: checking limits.h usability
configure:3841: gcc -c -g -O2 -Wall  conftest.c >&5
configure:3844: $? = 0
configure:3847: test -s conftest.o
configure:3850: $? = 0
configure:3860: result: yes
configure:3864: checking limits.h presence
configure:3875: gcc -E  conftest.c
configure:3881: $? = 0
configure:3900: result: yes
configure:3936: checking for limits.h
configure:3943: result: yes
configure:3982: checking sys/socket.h usability
configure:3995: gcc -c -g -O2 -Wall  conftest.c >&5
configure:3998: $? = 0
configure:4001: test -s conftest.o
configure:4004: $? = 0
configure:4014: result: yes
configure:4018: checking sys/socket.h presence
configure:4029: gcc -E  conftest.c
configure:4035: $? = 0
configure:4054: result: yes
configure:4090: checking for sys/socket.h
configure:4097: result: yes
configure:3982: checking netinet/in_systm.h usability
configure:3995: gcc -c -g -O2 -Wall  conftest.c >&5
configure:3998: $? = 0
configure:4001: test -s conftest.o
configure:4004: $? = 0
configure:4014: result: yes
configure:4018: checking netinet/in_systm.h presence
configure:4029: gcc -E  conftest.c
configure:4035: $? = 0
configure:4054: result: yes
configure:4090: checking for netinet/in_systm.h
configure:4097: result: yes
configure:3982: checking netinet/in.h usability
configure:3995: gcc -c -g -O2 -Wall  conftest.c >&5
configure:3998: $? = 0
configure:4001: test -s conftest.o
configure:4004: $? = 0
configure:4014: result: yes
configure:4018: checking netinet/in.h presence
configure:4029: gcc -E  conftest.c
configure:4035: $? = 0
configure:4054: result: yes
configure:4090: checking for netinet/in.h
configure:4097: result: yes
configure:3982: checking net/if_dl.h usability
configure:3995: gcc -c -g -O2 -Wall  conftest.c >&5
configure:4054:23: net/if_dl.h: No such file or directory
configure:3998: $? = 1
configure: failed program was:
| #line 3984 "configure"
| /* confdefs.h.  */
| 
| #define PACKAGE_NAME "quagga"
| #define PACKAGE_TARNAME "quagga"
| #define PACKAGE_VERSION "0.96.4"
| #define PACKAGE_STRING "quagga 0.96.4"
| #define PACKAGE_BUGREPORT "bug-zebra@gnu.org"
| #define PACKAGE "quagga"
| #define VERSION "0.96.4"
| #define QUAGGA_USER "root"
| #define QUAGGA_GROUP "root"
| #define STDC_HEADERS 1
| #define HAVE_SYS_TYPES_H 1
| #define HAVE_SYS_STAT_H 1
| #define HAVE_STDLIB_H 1
| #define HAVE_STRING_H 1
| #define HAVE_MEMORY_H 1
| #define HAVE_STRINGS_H 1
| #define HAVE_INTTYPES_H 1
| #define HAVE_STDINT_H 1
| #define HAVE_UNISTD_H 1
| #define HAVE_STRING_H 1
| #define HAVE_STROPTS_H 1
| #define HAVE_SYS_TIME_H 1
| #define HAVE_SYS_TIMES_H 1
| #define HAVE_SYS_SELECT_H 1
| #define HAVE_SYS_SYSCTL_H 1
| #define HAVE_SYS_TYPES_H 1
| #define HAVE_LINUX_VERSION_H 1
| #define HAVE_NETDB_H 1
| #define HAVE_ASM_TYPES_H 1
| #define HAVE_LIMITS_H 1
| #define HAVE_SYS_SOCKET_H 1
| #define HAVE_NETINET_IN_SYSTM_H 1
| #define HAVE_NETINET_IN_H 1
| /* end confdefs.h.  */
| #include <stdio.h>
| #if HAVE_SYS_TYPES_H
| # include <sys/types.h>
| #endif
| #if HAVE_SYS_STAT_H
| # include <sys/stat.h>
| #endif
| #if STDC_HEADERS
| # include <stdlib.h>
| # include <stddef.h>
| #else
| # if HAVE_STDLIB_H
| #  include <stdlib.h>
| # endif
| #endif
| #if HAVE_STRING_H
| # if !STDC_HEADERS && HAVE_MEMORY_H
| #  include <memory.h>
| # endif
| # include <string.h>
| #endif
| #if HAVE_STRINGS_H
| # include <strings.h>
| #endif
| #if HAVE_INTTYPES_H
| # include <inttypes.h>
| #else
| # if HAVE_STDINT_H
| #  include <stdint.h>
| # endif
| #endif
| #if HAVE_UNISTD_H
| # include <unistd.h>
| #endif
| #include <net/if_dl.h>
configure:4014: result: no
configure:4018: checking net/if_dl.h presence
configure:4029: gcc -E  conftest.c
configure:4056:23: net/if_dl.h: No such file or directory
configure:4035: $? = 1
configure: failed program was:
| #line 4020 "configure"
| /* confdefs.h.  */
| 
| #define PACKAGE_NAME "quagga"
| #define PACKAGE_TARNAME "quagga"
| #define PACKAGE_VERSION "0.96.4"
| #define PACKAGE_STRING "quagga 0.96.4"
| #define PACKAGE_BUGREPORT "bug-zebra@gnu.org"
| #define PACKAGE "quagga"
| #define VERSION "0.96.4"
| #define QUAGGA_USER "root"
| #define QUAGGA_GROUP "root"
| #define STDC_HEADERS 1
| #define HAVE_SYS_TYPES_H 1
| #define HAVE_SYS_STAT_H 1
| #define HAVE_STDLIB_H 1
| #define HAVE_STRING_H 1
| #define HAVE_MEMORY_H 1
| #define HAVE_STRINGS_H 1
| #define HAVE_INTTYPES_H 1
| #define HAVE_STDINT_H 1
| #define HAVE_UNISTD_H 1
| #define HAVE_STRING_H 1
| #define HAVE_STROPTS_H 1
| #define HAVE_SYS_TIME_H 1
| #define HAVE_SYS_TIMES_H 1
| #define HAVE_SYS_SELECT_H 1
| #define HAVE_SYS_SYSCTL_H 1
| #define HAVE_SYS_TYPES_H 1
| #define HAVE_LINUX_VERSION_H 1
| #define HAVE_NETDB_H 1
| #define HAVE_ASM_TYPES_H 1
| #define HAVE_LIMITS_H 1
| #define HAVE_SYS_SOCKET_H 1
| #define HAVE_NETINET_IN_SYSTM_H 1
| #define HAVE_NETINET_IN_H 1
| /* end confdefs.h.  */
| #include <net/if_dl.h>
configure:4054: result: no
configure:4090: checking for net/if_dl.h
configure:4097: result: no
configure:3982: checking net/netopt.h usability
configure:3995: gcc -c -g -O2 -Wall  conftest.c >&5
configure:4054:24: net/netopt.h: No such file or directory
configure:3998: $? = 1
configure: failed program was:
| #line 3984 "configure"
| /* confdefs.h.  */
| 
| #define PACKAGE_NAME "quagga"
| #define PACKAGE_TARNAME "quagga"
| #define PACKAGE_VERSION "0.96.4"
| #define PACKAGE_STRING "quagga 0.96.4"
| #define PACKAGE_BUGREPORT "bug-zebra@gnu.org"
| #define PACKAGE "quagga"
| #define VERSION "0.96.4"
| #define QUAGGA_USER "root"
| #define QUAGGA_GROUP "root"
| #define STDC_HEADERS 1
| #define HAVE_SYS_TYPES_H 1
| #define HAVE_SYS_STAT_H 1
| #define HAVE_STDLIB_H 1
| #define HAVE_STRING_H 1
| #define HAVE_MEMORY_H 1
| #define HAVE_STRINGS_H 1
| #define HAVE_INTTYPES_H 1
| #define HAVE_STDINT_H 1
| #define HAVE_UNISTD_H 1
| #define HAVE_STRING_H 1
| #define HAVE_STROPTS_H 1
| #define HAVE_SYS_TIME_H 1
| #define HAVE_SYS_TIMES_H 1
| #define HAVE_SYS_SELECT_H 1
| #define HAVE_SYS_SYSCTL_H 1
| #define HAVE_SYS_TYPES_H 1
| #define HAVE_LINUX_VERSION_H 1
| #define HAVE_NETDB_H 1
| #define HAVE_ASM_TYPES_H 1
| #define HAVE_LIMITS_H 1
| #define HAVE_SYS_SOCKET_H 1
| #define HAVE_NETINET_IN_SYSTM_H 1
| #define HAVE_NETINET_IN_H 1
| /* end confdefs.h.  */
| #include <stdio.h>
| #if HAVE_SYS_TYPES_H
| # include <sys/types.h>
| #endif
| #if HAVE_SYS_STAT_H
| # include <sys/stat.h>
| #endif
| #if STDC_HEADERS
| # include <stdlib.h>
| # include <stddef.h>
| #else
| # if HAVE_STDLIB_H
| #  include <stdlib.h>
| # endif
| #endif
| #if HAVE_STRING_H
| # if !STDC_HEADERS && HAVE_MEMORY_H
| #  include <memory.h>
| # endif
| # include <string.h>
| #endif
| #if HAVE_STRINGS_H
| # include <strings.h>
| #endif
| #if HAVE_INTTYPES_H
| # include <inttypes.h>
| #else
| # if HAVE_STDINT_H
| #  include <stdint.h>
| # endif
| #endif
| #if HAVE_UNISTD_H
| # include <unistd.h>
| #endif
| #include <net/netopt.h>
configure:4014: result: no
configure:4018: checking net/netopt.h presence
configure:4029: gcc -E  conftest.c
configure:4056:24: net/netopt.h: No such file or directory
configure:4035: $? = 1
configure: failed program was:
| #line 4020 "configure"
| /* confdefs.h.  */
| 
| #define PACKAGE_NAME "quagga"
| #define PACKAGE_TARNAME "quagga"
| #define PACKAGE_VERSION "0.96.4"
| #define PACKAGE_STRING "quagga 0.96.4"
| #define PACKAGE_BUGREPORT "bug-zebra@gnu.org"
| #define PACKAGE "quagga"
| #define VERSION "0.96.4"
| #define QUAGGA_USER "root"
| #define QUAGGA_GROUP "root"
| #define STDC_HEADERS 1
| #define HAVE_SYS_TYPES_H 1
| #define HAVE_SYS_STAT_H 1
| #define HAVE_STDLIB_H 1
| #define HAVE_STRING_H 1
| #define HAVE_MEMORY_H 1
| #define HAVE_STRINGS_H 1
| #define HAVE_INTTYPES_H 1
| #define HAVE_STDINT_H 1
| #define HAVE_UNISTD_H 1
| #define HAVE_STRING_H 1
| #define HAVE_STROPTS_H 1
| #define HAVE_SYS_TIME_H 1
| #define HAVE_SYS_TIMES_H 1
| #define HAVE_SYS_SELECT_H 1
| #define HAVE_SYS_SYSCTL_H 1
| #define HAVE_SYS_TYPES_H 1
| #define HAVE_LINUX_VERSION_H 1
| #define HAVE_NETDB_H 1
| #define HAVE_ASM_TYPES_H 1
| #define HAVE_LIMITS_H 1
| #define HAVE_SYS_SOCKET_H 1
| #define HAVE_NETINET_IN_SYSTM_H 1
| #define HAVE_NETINET_IN_H 1
| /* end confdefs.h.  */
| #include <net/netopt.h>
configure:4054: result: no
configure:4090: checking for net/netopt.h
configure:4097: result: no
configure:3982: checking inet/nd.h usability
configure:3995: gcc -c -g -O2 -Wall  conftest.c >&5
configure:4054:21: inet/nd.h: No such file or directory
configure:3998: $? = 1
configure: failed program was:
| #line 3984 "configure"
| /* confdefs.h.  */
| 
| #define PACKAGE_NAME "quagga"
| #define PACKAGE_TARNAME "quagga"
| #define PACKAGE_VERSION "0.96.4"
| #define PACKAGE_STRING "quagga 0.96.4"
| #define PACKAGE_BUGREPORT "bug-zebra@gnu.org"
| #define PACKAGE "quagga"
| #define VERSION "0.96.4"
| #define QUAGGA_USER "root"
| #define QUAGGA_GROUP "root"
| #define STDC_HEADERS 1
| #define HAVE_SYS_TYPES_H 1
| #define HAVE_SYS_STAT_H 1
| #define HAVE_STDLIB_H 1
| #define HAVE_STRING_H 1
| #define HAVE_MEMORY_H 1
| #define HAVE_STRINGS_H 1
| #define HAVE_INTTYPES_H 1
| #define HAVE_STDINT_H 1
| #define HAVE_UNISTD_H 1
| #define HAVE_STRING_H 1
| #define HAVE_STROPTS_H 1
| #define HAVE_SYS_TIME_H 1
| #define HAVE_SYS_TIMES_H 1
| #define HAVE_SYS_SELECT_H 1
| #define HAVE_SYS_SYSCTL_H 1
| #define HAVE_SYS_TYPES_H 1
| #define HAVE_LINUX_VERSION_H 1
| #define HAVE_NETDB_H 1
| #define HAVE_ASM_TYPES_H 1
| #define HAVE_LIMITS_H 1
| #define HAVE_SYS_SOCKET_H 1
| #define HAVE_NETINET_IN_SYSTM_H 1
| #define HAVE_NETINET_IN_H 1
| /* end confdefs.h.  */
| #include <stdio.h>
| #if HAVE_SYS_TYPES_H
| # include <sys/types.h>
| #endif
| #if HAVE_SYS_STAT_H
| # include <sys/stat.h>
| #endif
| #if STDC_HEADERS
| # include <stdlib.h>
| # include <stddef.h>
| #else
| # if HAVE_STDLIB_H
| #  include <stdlib.h>
| # endif
| #endif
| #if HAVE_STRING_H
| # if !STDC_HEADERS && HAVE_MEMORY_H
| #  include <memory.h>
| # endif
| # include <string.h>
| #endif
| #if HAVE_STRINGS_H
| # include <strings.h>
| #endif
| #if HAVE_INTTYPES_H
| # include <inttypes.h>
| #else
| # if HAVE_STDINT_H
| #  include <stdint.h>
| # endif
| #endif
| #if HAVE_UNISTD_H
| # include <unistd.h>
| #endif
| #include <inet/nd.h>
configure:4014: result: no
configure:4018: checking inet/nd.h presence
configure:4029: gcc -E  conftest.c
configure:4056:21: inet/nd.h: No such file or directory
configure:4035: $? = 1
configure: failed program was:
| #line 4020 "configure"
| /* confdefs.h.  */
| 
| #define PACKAGE_NAME "quagga"
| #define PACKAGE_TARNAME "quagga"
| #define PACKAGE_VERSION "0.96.4"
| #define PACKAGE_STRING "quagga 0.96.4"
| #define PACKAGE_BUGREPORT "bug-zebra@gnu.org"
| #define PACKAGE "quagga"
| #define VERSION "0.96.4"
| #define QUAGGA_USER "root"
| #define QUAGGA_GROUP "root"
| #define STDC_HEADERS 1
| #define HAVE_SYS_TYPES_H 1
| #define HAVE_SYS_STAT_H 1
| #define HAVE_STDLIB_H 1
| #define HAVE_STRING_H 1
| #define HAVE_MEMORY_H 1
| #define HAVE_STRINGS_H 1
| #define HAVE_INTTYPES_H 1
| #define HAVE_STDINT_H 1
| #define HAVE_UNISTD_H 1
| #define HAVE_STRING_H 1
| #define HAVE_STROPTS_H 1
| #define HAVE_SYS_TIME_H 1
| #define HAVE_SYS_TIMES_H 1
| #define HAVE_SYS_SELECT_H 1
| #define HAVE_SYS_SYSCTL_H 1
| #define HAVE_SYS_TYPES_H 1
| #define HAVE_LINUX_VERSION_H 1
| #define HAVE_NETDB_H 1
| #define HAVE_ASM_TYPES_H 1
| #define HAVE_LIMITS_H 1
| #define HAVE_SYS_SOCKET_H 1
| #define HAVE_NETINET_IN_SYSTM_H 1
| #define HAVE_NETINET_IN_H 1
| /* end confdefs.h.  */
| #include <inet/nd.h>
configure:4054: result: no
configure:4090: checking for inet/nd.h
configure:4097: result: no
configure:3982: checking net/route.h usability
configure:3995: gcc -c -g -O2 -Wall  conftest.c >&5
configure:3998: $? = 0
configure:4001: test -s conftest.o
configure:4004: $? = 0
configure:4014: result: yes
configure:4018: checking net/route.h presence
configure:4029: gcc -E  conftest.c
configure:4035: $? = 0
configure:4054: result: yes
configure:4090: checking for net/route.h
configure:4097: result: yes
configure:3982: checking net/if.h usability
configure:3995: gcc -c -g -O2 -Wall  conftest.c >&5
configure:3998: $? = 0
configure:4001: test -s conftest.o
configure:4004: $? = 0
configure:4014: result: yes
configure:4018: checking net/if.h presence
configure:4029: gcc -E  conftest.c
configure:4035: $? = 0
configure:4054: result: yes
configure:4090: checking for net/if.h
configure:4097: result: yes
configure:3982: checking net/if_var.h usability
configure:3995: gcc -c -g -O2 -Wall  conftest.c >&5
configure:4056:24: net/if_var.h: No such file or directory
configure:3998: $? = 1
configure: failed program was:
| #line 3984 "configure"
| /* confdefs.h.  */
| 
| #define PACKAGE_NAME "quagga"
| #define PACKAGE_TARNAME "quagga"
| #define PACKAGE_VERSION "0.96.4"
| #define PACKAGE_STRING "quagga 0.96.4"
| #define PACKAGE_BUGREPORT "bug-zebra@gnu.org"
| #define PACKAGE "quagga"
| #define VERSION "0.96.4"
| #define QUAGGA_USER "root"
| #define QUAGGA_GROUP "root"
| #define STDC_HEADERS 1
| #define HAVE_SYS_TYPES_H 1
| #define HAVE_SYS_STAT_H 1
| #define HAVE_STDLIB_H 1
| #define HAVE_STRING_H 1
| #define HAVE_MEMORY_H 1
| #define HAVE_STRINGS_H 1
| #define HAVE_INTTYPES_H 1
| #define HAVE_STDINT_H 1
| #define HAVE_UNISTD_H 1
| #define HAVE_STRING_H 1
| #define HAVE_STROPTS_H 1
| #define HAVE_SYS_TIME_H 1
| #define HAVE_SYS_TIMES_H 1
| #define HAVE_SYS_SELECT_H 1
| #define HAVE_SYS_SYSCTL_H 1
| #define HAVE_SYS_TYPES_H 1
| #define HAVE_LINUX_VERSION_H 1
| #define HAVE_NETDB_H 1
| #define HAVE_ASM_TYPES_H 1
| #define HAVE_LIMITS_H 1
| #define HAVE_SYS_SOCKET_H 1
| #define HAVE_NETINET_IN_SYSTM_H 1
| #define HAVE_NETINET_IN_H 1
| #define HAVE_NET_ROUTE_H 1
| #define HAVE_NET_IF_H 1
| /* end confdefs.h.  */
| #include <stdio.h>
| #if HAVE_SYS_TYPES_H
| # include <sys/types.h>
| #endif
| #if HAVE_SYS_STAT_H
| # include <sys/stat.h>
| #endif
| #if STDC_HEADERS
| # include <stdlib.h>
| # include <stddef.h>
| #else
| # if HAVE_STDLIB_H
| #  include <stdlib.h>
| # endif
| #endif
| #if HAVE_STRING_H
| # if !STDC_HEADERS && HAVE_MEMORY_H
| #  include <memory.h>
| # endif
| # include <string.h>
| #endif
| #if HAVE_STRINGS_H
| # include <strings.h>
| #endif
| #if HAVE_INTTYPES_H
| # include <inttypes.h>
| #else
| # if HAVE_STDINT_H
| #  include <stdint.h>
| # endif
| #endif
| #if HAVE_UNISTD_H
| # include <unistd.h>
| #endif
| #include <net/if_var.h>
configure:4014: result: no
configure:4018: checking net/if_var.h presence
configure:4029: gcc -E  conftest.c
configure:4058:24: net/if_var.h: No such file or directory
configure:4035: $? = 1
configure: failed program was:
| #line 4020 "configure"
| /* confdefs.h.  */
| 
| #define PACKAGE_NAME "quagga"
| #define PACKAGE_TARNAME "quagga"
| #define PACKAGE_VERSION "0.96.4"
| #define PACKAGE_STRING "quagga 0.96.4"
| #define PACKAGE_BUGREPORT "bug-zebra@gnu.org"
| #define PACKAGE "quagga"
| #define VERSION "0.96.4"
| #define QUAGGA_USER "root"
| #define QUAGGA_GROUP "root"
| #define STDC_HEADERS 1
| #define HAVE_SYS_TYPES_H 1
| #define HAVE_SYS_STAT_H 1
| #define HAVE_STDLIB_H 1
| #define HAVE_STRING_H 1
| #define HAVE_MEMORY_H 1
| #define HAVE_STRINGS_H 1
| #define HAVE_INTTYPES_H 1
| #define HAVE_STDINT_H 1
| #define HAVE_UNISTD_H 1
| #define HAVE_STRING_H 1
| #define HAVE_STROPTS_H 1
| #define HAVE_SYS_TIME_H 1
| #define HAVE_SYS_TIMES_H 1
| #define HAVE_SYS_SELECT_H 1
| #define HAVE_SYS_SYSCTL_H 1
| #define HAVE_SYS_TYPES_H 1
| #define HAVE_LINUX_VERSION_H 1
| #define HAVE_NETDB_H 1
| #define HAVE_ASM_TYPES_H 1
| #define HAVE_LIMITS_H 1
| #define HAVE_SYS_SOCKET_H 1
| #define HAVE_NETINET_IN_SYSTM_H 1
| #define HAVE_NETINET_IN_H 1
| #define HAVE_NET_ROUTE_H 1
| #define HAVE_NET_IF_H 1
| /* end confdefs.h.  */
| #include <net/if_var.h>
configure:4054: result: no
configure:4090: checking for net/if_var.h
configure:4097: result: no
configure:3982: checking netinet/in_var.h usability
configure:3995: gcc -c -g -O2 -Wall  conftest.c >&5
configure:4056:28: netinet/in_var.h: No such file or directory
configure:3998: $? = 1
configure: failed program was:
| #line 3984 "configure"
| /* confdefs.h.  */
| 
| #define PACKAGE_NAME "quagga"
| #define PACKAGE_TARNAME "quagga"
| #define PACKAGE_VERSION "0.96.4"
| #define PACKAGE_STRING "quagga 0.96.4"
| #define PACKAGE_BUGREPORT "bug-zebra@gnu.org"
| #define PACKAGE "quagga"
| #define VERSION "0.96.4"
| #define QUAGGA_USER "root"
| #define QUAGGA_GROUP "root"
| #define STDC_HEADERS 1
| #define HAVE_SYS_TYPES_H 1
| #define HAVE_SYS_STAT_H 1
| #define HAVE_STDLIB_H 1
| #define HAVE_STRING_H 1
| #define HAVE_MEMORY_H 1
| #define HAVE_STRINGS_H 1
| #define HAVE_INTTYPES_H 1
| #define HAVE_STDINT_H 1
| #define HAVE_UNISTD_H 1
| #define HAVE_STRING_H 1
| #define HAVE_STROPTS_H 1
| #define HAVE_SYS_TIME_H 1
| #define HAVE_SYS_TIMES_H 1
| #define HAVE_SYS_SELECT_H 1
| #define HAVE_SYS_SYSCTL_H 1
| #define HAVE_SYS_TYPES_H 1
| #define HAVE_LINUX_VERSION_H 1
| #define HAVE_NETDB_H 1
| #define HAVE_ASM_TYPES_H 1
| #define HAVE_LIMITS_H 1
| #define HAVE_SYS_SOCKET_H 1
| #define HAVE_NETINET_IN_SYSTM_H 1
| #define HAVE_NETINET_IN_H 1
| #define HAVE_NET_ROUTE_H 1
| #define HAVE_NET_IF_H 1
| /* end confdefs.h.  */
| #include <stdio.h>
| #if HAVE_SYS_TYPES_H
| # include <sys/types.h>
| #endif
| #if HAVE_SYS_STAT_H
| # include <sys/stat.h>
| #endif
| #if STDC_HEADERS
| # include <stdlib.h>
| # include <stddef.h>
| #else
| # if HAVE_STDLIB_H
| #  include <stdlib.h>
| # endif
| #endif
| #if HAVE_STRING_H
| # if !STDC_HEADERS && HAVE_MEMORY_H
| #  include <memory.h>
| # endif
| # include <string.h>
| #endif
| #if HAVE_STRINGS_H
| # include <strings.h>
| #endif
| #if HAVE_INTTYPES_H
| # include <inttypes.h>
| #else
| # if HAVE_STDINT_H
| #  include <stdint.h>
| # endif
| #endif
| #if HAVE_UNISTD_H
| # include <unistd.h>
| #endif
| #include <netinet/in_var.h>
configure:4014: result: no
configure:4018: checking netinet/in_var.h presence
configure:4029: gcc -E  conftest.c
configure:4058:28: netinet/in_var.h: No such file or directory
configure:4035: $? = 1
configure: failed program was:
| #line 4020 "configure"
| /* confdefs.h.  */
| 
| #define PACKAGE_NAME "quagga"
| #define PACKAGE_TARNAME "quagga"
| #define PACKAGE_VERSION "0.96.4"
| #define PACKAGE_STRING "quagga 0.96.4"
| #define PACKAGE_BUGREPORT "bug-zebra@gnu.org"
| #define PACKAGE "quagga"
| #define VERSION "0.96.4"
| #define QUAGGA_USER "root"
| #define QUAGGA_GROUP "root"
| #define STDC_HEADERS 1
| #define HAVE_SYS_TYPES_H 1
| #define HAVE_SYS_STAT_H 1
| #define HAVE_STDLIB_H 1
| #define HAVE_STRING_H 1
| #define HAVE_MEMORY_H 1
| #define HAVE_STRINGS_H 1
| #define HAVE_INTTYPES_H 1
| #define HAVE_STDINT_H 1
| #define HAVE_UNISTD_H 1
| #define HAVE_STRING_H 1
| #define HAVE_STROPTS_H 1
| #define HAVE_SYS_TIME_H 1
| #define HAVE_SYS_TIMES_H 1
| #define HAVE_SYS_SELECT_H 1
| #define HAVE_SYS_SYSCTL_H 1
| #define HAVE_SYS_TYPES_H 1
| #define HAVE_LINUX_VERSION_H 1
| #define HAVE_NETDB_H 1
| #define HAVE_ASM_TYPES_H 1
| #define HAVE_LIMITS_H 1
| #define HAVE_SYS_SOCKET_H 1
| #define HAVE_NETINET_IN_SYSTM_H 1
| #define HAVE_NETINET_IN_H 1
| #define HAVE_NET_ROUTE_H 1
| #define HAVE_NET_IF_H 1
| /* end confdefs.h.  */
| #include <netinet/in_var.h>
configure:4054: result: no
configure:4090: checking for netinet/in_var.h
configure:4097: result: no
configure:4261: checking for an ANSI C-conforming const
configure:4329: gcc -c -g -O2 -Wall  conftest.c >&5
configure: In function `main':
configure:4331: warning: unused variable `s'
configure:4351: warning: unused variable `foo'
configure:4312: warning: unused variable `x'
configure:4318: warning: unused variable `zero'
configure:4330: warning: `t' might be used uninitialized in this function
configure:4348: warning: `b' might be used uninitialized in this function
configure:4332: $? = 0
configure:4335: test -s conftest.o
configure:4338: $? = 0
configure:4349: result: yes
configure:4359: checking return type of signal handlers
configure:4391: gcc -c -g -O2 -Wall  conftest.c >&5
configure: In function `main':
configure:4416: warning: unused variable `i'
configure:4394: $? = 0
configure:4397: test -s conftest.o
configure:4400: $? = 0
configure:4411: result: void
configure:5814: checking whether byte ordering is bigendian
configure:5842: gcc -c -g -O2 -Wall  conftest.c >&5
configure:5845: $? = 0
configure:5848: test -s conftest.o
configure:5851: $? = 0
configure:5876: gcc -c -g -O2 -Wall  conftest.c >&5
configure: In function `main':
configure:5901: `not' undeclared (first use in this function)
configure:5901: (Each undeclared identifier is reported only once
configure:5901: for each function it appears in.)
configure:5901: parse error before "big"
configure:5879: $? = 1
configure: failed program was:
| #line 5854 "configure"
| /* confdefs.h.  */
| 
| #define PACKAGE_NAME "quagga"
| #define PACKAGE_TARNAME "quagga"
| #define PACKAGE_VERSION "0.96.4"
| #define PACKAGE_STRING "quagga 0.96.4"
| #define PACKAGE_BUGREPORT "bug-zebra@gnu.org"
| #define PACKAGE "quagga"
| #define VERSION "0.96.4"
| #define QUAGGA_USER "root"
| #define QUAGGA_GROUP "root"
| #define STDC_HEADERS 1
| #define HAVE_SYS_TYPES_H 1
| #define HAVE_SYS_STAT_H 1
| #define HAVE_STDLIB_H 1
| #define HAVE_STRING_H 1
| #define HAVE_MEMORY_H 1
| #define HAVE_STRINGS_H 1
| #define HAVE_INTTYPES_H 1
| #define HAVE_STDINT_H 1
| #define HAVE_UNISTD_H 1
| #define HAVE_STRING_H 1
| #define HAVE_STROPTS_H 1
| #define HAVE_SYS_TIME_H 1
| #define HAVE_SYS_TIMES_H 1
| #define HAVE_SYS_SELECT_H 1
| #define HAVE_SYS_SYSCTL_H 1
| #define HAVE_SYS_TYPES_H 1
| #define HAVE_LINUX_VERSION_H 1
| #define HAVE_NETDB_H 1
| #define HAVE_ASM_TYPES_H 1
| #define HAVE_LIMITS_H 1
| #define HAVE_SYS_SOCKET_H 1
| #define HAVE_NETINET_IN_SYSTM_H 1
| #define HAVE_NETINET_IN_H 1
| #define HAVE_NET_ROUTE_H 1
| #define HAVE_NET_IF_H 1
| #define RETSIGTYPE void
| #define GNU_LINUX
| /* end confdefs.h.  */
| #include <sys/types.h>
| #include <sys/param.h>
| 
| int
| main ()
| {
| #if BYTE_ORDER != BIG_ENDIAN
|  not big endian
| #endif
| 
|   ;
|   return 0;
| }
configure:5999: result: no
configure:6038: checking for memset
configure:6088: gcc -o conftest -g -O2 -Wall   conftest.c  >&5
configure:6099: warning: conflicting types for built-in function `memset'
configure:6091: $? = 0
configure:6094: test -s conftest
configure:6097: $? = 0
configure:6108: result: yes
configure:6038: checking for memcpy
configure:6088: gcc -o conftest -g -O2 -Wall   conftest.c  >&5
configure:6100: warning: conflicting types for built-in function `memcpy'
configure:6091: $? = 0
configure:6094: test -s conftest
configure:6097: $? = 0
configure:6108: result: yes
configure:6038: checking for strerror
configure:6088: gcc -o conftest -g -O2 -Wall   conftest.c  >&5
configure:6091: $? = 0
configure:6094: test -s conftest
configure:6097: $? = 0
configure:6108: result: yes
configure:6038: checking for inet_aton
configure:6088: gcc -o conftest -g -O2 -Wall   conftest.c  >&5
configure:6091: $? = 0
configure:6094: test -s conftest
configure:6097: $? = 0
configure:6108: result: yes
configure:6038: checking for daemon
configure:6088: gcc -o conftest -g -O2 -Wall   conftest.c  >&5
configure:6091: $? = 0
configure:6094: test -s conftest
configure:6097: $? = 0
configure:6108: result: yes
configure:6038: checking for snprintf
configure:6088: gcc -o conftest -g -O2 -Wall   conftest.c  >&5
configure:6091: $? = 0
configure:6094: test -s conftest
configure:6097: $? = 0
configure:6108: result: yes
configure:6038: checking for vsnprintf
configure:6088: gcc -o conftest -g -O2 -Wall   conftest.c  >&5
configure:6091: $? = 0
configure:6094: test -s conftest
configure:6097: $? = 0
configure:6108: result: yes
configure:6038: checking for strlcat
configure:6088: gcc -o conftest -g -O2 -Wall   conftest.c  >&5
configure:6091: $? = 0
configure:6094: test -s conftest
configure:6097: $? = 0
configure:6108: result: yes
configure:6038: checking for strlcpy
configure:6088: gcc -o conftest -g -O2 -Wall   conftest.c  >&5
configure:6091: $? = 0
configure:6094: test -s conftest
configure:6097: $? = 0
configure:6108: result: yes
configure:6038: checking for if_nametoindex
configure:6088: gcc -o conftest -g -O2 -Wall   conftest.c  >&5
configure:6091: $? = 0
configure:6094: test -s conftest
configure:6097: $? = 0
configure:6108: result: yes
configure:6038: checking for if_indextoname
configure:6088: gcc -o conftest -g -O2 -Wall   conftest.c  >&5
configure:6091: $? = 0
configure:6094: test -s conftest
configure:6097: $? = 0
configure:6108: result: yes
configure:6038: checking for getifaddrs
configure:6088: gcc -o conftest -g -O2 -Wall   conftest.c  >&5
/tmp/cckUOxzz.o: In function `main':
/home/changcs/usb-router-buildroot/build/quagga-0.96.4/configure:6126: undefined reference to `getifaddrs'
/home/changcs/usb-router-buildroot/build/quagga-0.96.4/configure:6125: undefined reference to `getifaddrs'
collect2: ld returned 1 exit status
configure:6091: $? = 1
configure: failed program was:
| #line 6043 "configure"
| /* confdefs.h.  */
| 
| #define PACKAGE_NAME "quagga"
| #define PACKAGE_TARNAME "quagga"
| #define PACKAGE_VERSION "0.96.4"
| #define PACKAGE_STRING "quagga 0.96.4"
| #define PACKAGE_BUGREPORT "bug-zebra@gnu.org"
| #define PACKAGE "quagga"
| #define VERSION "0.96.4"
| #define QUAGGA_USER "root"
| #define QUAGGA_GROUP "root"
| #define STDC_HEADERS 1
| #define HAVE_SYS_TYPES_H 1
| #define HAVE_SYS_STAT_H 1
| #define HAVE_STDLIB_H 1
| #define HAVE_STRING_H 1
| #define HAVE_MEMORY_H 1
| #define HAVE_STRINGS_H 1
| #define HAVE_INTTYPES_H 1
| #define HAVE_STDINT_H 1
| #define HAVE_UNISTD_H 1
| #define HAVE_STRING_H 1
| #define HAVE_STROPTS_H 1
| #define HAVE_SYS_TIME_H 1
| #define HAVE_SYS_TIMES_H 1
| #define HAVE_SYS_SELECT_H 1
| #define HAVE_SYS_SYSCTL_H 1
| #define HAVE_SYS_TYPES_H 1
| #define HAVE_LINUX_VERSION_H 1
| #define HAVE_NETDB_H 1
| #define HAVE_ASM_TYPES_H 1
| #define HAVE_LIMITS_H 1
| #define HAVE_SYS_SOCKET_H 1
| #define HAVE_NETINET_IN_SYSTM_H 1
| #define HAVE_NETINET_IN_H 1
| #define HAVE_NET_ROUTE_H 1
| #define HAVE_NET_IF_H 1
| #define RETSIGTYPE void
| #define GNU_LINUX
| #define HAVE_MEMSET 1
| #define HAVE_MEMCPY 1
| #define HAVE_STRERROR 1
| #define HAVE_INET_ATON 1
| #define HAVE_DAEMON 1
| #define HAVE_SNPRINTF 1
| #define HAVE_VSNPRINTF 1
| #define HAVE_STRLCAT 1
| #define HAVE_STRLCPY 1
| #define HAVE_IF_NAMETOINDEX 1
| #define HAVE_IF_INDEXTONAME 1
| /* end confdefs.h.  */
| /* System header to define __stub macros and hopefully few prototypes,
|     which can conflict with char getifaddrs (); below.
|     Prefer <limits.h> to <assert.h> if __STDC__ is defined, since
|     <limits.h> exists even on freestanding compilers.  */
| #ifdef __STDC__
| # include <limits.h>
| #else
| # include <assert.h>
| #endif
| /* Override any gcc2 internal prototype to avoid an error.  */
| #ifdef __cplusplus
| extern "C"
| {
| #endif
| /* We use char because int might match the return type of a gcc2
|    builtin and then its argument prototype would still apply.  */
| char getifaddrs ();
| /* The GNU C library defines this for functions which it implements
|     to always fail with ENOSYS.  Some functions are actually named
|     something starting with __ and the normal name is an alias.  */
| #if defined (__stub_getifaddrs) || defined (__stub___getifaddrs)
| choke me
| #else
| char (*f) () = getifaddrs;
| #endif
| #ifdef __cplusplus
| }
| #endif
| 
| int
| main ()
| {
| return f != getifaddrs;
|   ;
|   return 0;
| }
configure:6108: result: no
configure:6038: checking for fcntl
configure:6088: gcc -o conftest -g -O2 -Wall   conftest.c  >&5
configure:6091: $? = 0
configure:6094: test -s conftest
configure:6097: $? = 0
configure:6108: result: yes
configure:6122: checking for setproctitle
configure:6172: gcc -o conftest -g -O2 -Wall   conftest.c  >&5
/tmp/ccOiEckZ.o: In function `main':
/home/changcs/usb-router-buildroot/build/quagga-0.96.4/configure:6211: undefined reference to `setproctitle'
/home/changcs/usb-router-buildroot/build/quagga-0.96.4/configure:6210: undefined reference to `setproctitle'
collect2: ld returned 1 exit status
configure:6175: $? = 1
configure: failed program was:
| #line 6127 "configure"
| /* confdefs.h.  */
| 
| #define PACKAGE_NAME "quagga"
| #define PACKAGE_TARNAME "quagga"
| #define PACKAGE_VERSION "0.96.4"
| #define PACKAGE_STRING "quagga 0.96.4"
| #define PACKAGE_BUGREPORT "bug-zebra@gnu.org"
| #define PACKAGE "quagga"
| #define VERSION "0.96.4"
| #define QUAGGA_USER "root"
| #define QUAGGA_GROUP "root"
| #define STDC_HEADERS 1
| #define HAVE_SYS_TYPES_H 1
| #define HAVE_SYS_STAT_H 1
| #define HAVE_STDLIB_H 1
| #define HAVE_STRING_H 1
| #define HAVE_MEMORY_H 1
| #define HAVE_STRINGS_H 1
| #define HAVE_INTTYPES_H 1
| #define HAVE_STDINT_H 1
| #define HAVE_UNISTD_H 1
| #define HAVE_STRING_H 1
| #define HAVE_STROPTS_H 1
| #define HAVE_SYS_TIME_H 1
| #define HAVE_SYS_TIMES_H 1
| #define HAVE_SYS_SELECT_H 1
| #define HAVE_SYS_SYSCTL_H 1
| #define HAVE_SYS_TYPES_H 1
| #define HAVE_LINUX_VERSION_H 1
| #define HAVE_NETDB_H 1
| #define HAVE_ASM_TYPES_H 1
| #define HAVE_LIMITS_H 1
| #define HAVE_SYS_SOCKET_H 1
| #define HAVE_NETINET_IN_SYSTM_H 1
| #define HAVE_NETINET_IN_H 1
| #define HAVE_NET_ROUTE_H 1
| #define HAVE_NET_IF_H 1
| #define RETSIGTYPE void
| #define GNU_LINUX
| #define HAVE_MEMSET 1
| #define HAVE_MEMCPY 1
| #define HAVE_STRERROR 1
| #define HAVE_INET_ATON 1
| #define HAVE_DAEMON 1
| #define HAVE_SNPRINTF 1
| #define HAVE_VSNPRINTF 1
| #define HAVE_STRLCAT 1
| #define HAVE_STRLCPY 1
| #define HAVE_IF_NAMETOINDEX 1
| #define HAVE_IF_INDEXTONAME 1
| #define HAVE_FCNTL 1
| /* end confdefs.h.  */
| /* System header to define __stub macros and hopefully few prototypes,
|     which can conflict with char setproctitle (); below.
|     Prefer <limits.h> to <assert.h> if __STDC__ is defined, since
|     <limits.h> exists even on freestanding compilers.  */
| #ifdef __STDC__
| # include <limits.h>
| #else
| # include <assert.h>
| #endif
| /* Override any gcc2 internal prototype to avoid an error.  */
| #ifdef __cplusplus
| extern "C"
| {
| #endif
| /* We use char because int might match the return type of a gcc2
|    builtin and then its argument prototype would still apply.  */
| char setproctitle ();
| /* The GNU C library defines this for functions which it implements
|     to always fail with ENOSYS.  Some functions are actually named
|     something starting with __ and the normal name is an alias.  */
| #if defined (__stub_setproctitle) || defined (__stub___setproctitle)
| choke me
| #else
| char (*f) () = setproctitle;
| #endif
| #ifdef __cplusplus
| }
| #endif
| 
| int
| main ()
| {
| return f != setproctitle;
|   ;
|   return 0;
| }
configure:6192: result: no
configure:6200: checking for setproctitle in -lutil
configure:6231: gcc -o conftest -g -O2 -Wall   conftest.c -lutil   >&5
/tmp/cc8NU6te.o: In function `main':
/home/changcs/usb-router-buildroot/build/quagga-0.96.4/configure:6270: undefined reference to `setproctitle'
collect2: ld returned 1 exit status
configure:6234: $? = 1
configure: failed program was:
| #line 6207 "configure"
| /* confdefs.h.  */
| 
| #define PACKAGE_NAME "quagga"
| #define PACKAGE_TARNAME "quagga"
| #define PACKAGE_VERSION "0.96.4"
| #define PACKAGE_STRING "quagga 0.96.4"
| #define PACKAGE_BUGREPORT "bug-zebra@gnu.org"
| #define PACKAGE "quagga"
| #define VERSION "0.96.4"
| #define QUAGGA_USER "root"
| #define QUAGGA_GROUP "root"
| #define STDC_HEADERS 1
| #define HAVE_SYS_TYPES_H 1
| #define HAVE_SYS_STAT_H 1
| #define HAVE_STDLIB_H 1
| #define HAVE_STRING_H 1
| #define HAVE_MEMORY_H 1
| #define HAVE_STRINGS_H 1
| #define HAVE_INTTYPES_H 1
| #define HAVE_STDINT_H 1
| #define HAVE_UNISTD_H 1
| #define HAVE_STRING_H 1
| #define HAVE_STROPTS_H 1
| #define HAVE_SYS_TIME_H 1
| #define HAVE_SYS_TIMES_H 1
| #define HAVE_SYS_SELECT_H 1
| #define HAVE_SYS_SYSCTL_H 1
| #define HAVE_SYS_TYPES_H 1
| #define HAVE_LINUX_VERSION_H 1
| #define HAVE_NETDB_H 1
| #define HAVE_ASM_TYPES_H 1
| #define HAVE_LIMITS_H 1
| #define HAVE_SYS_SOCKET_H 1
| #define HAVE_NETINET_IN_SYSTM_H 1
| #define HAVE_NETINET_IN_H 1
| #define HAVE_NET_ROUTE_H 1
| #define HAVE_NET_IF_H 1
| #define RETSIGTYPE void
| #define GNU_LINUX
| #define HAVE_MEMSET 1
| #define HAVE_MEMCPY 1
| #define HAVE_STRERROR 1
| #define HAVE_INET_ATON 1
| #define HAVE_DAEMON 1
| #define HAVE_SNPRINTF 1
| #define HAVE_VSNPRINTF 1
| #define HAVE_STRLCAT 1
| #define HAVE_STRLCPY 1
| #define HAVE_IF_NAMETOINDEX 1
| #define HAVE_IF_INDEXTONAME 1
| #define HAVE_FCNTL 1
| /* end confdefs.h.  */
| 
| /* Override any gcc2 internal prototype to avoid an error.  */
| #ifdef __cplusplus
| extern "C"
| #endif
| /* We use char because int might match the return type of a gcc2
|    builtin and then its argument prototype would still apply.  */
| char setproctitle ();
| int
| main ()
| {
| setproctitle ();
|   ;
|   return 0;
| }
configure:6252: result: no
configure:6271: checking zebra between kernel interface method
configure:6285: result: ioctl
configure:6372: checking route read method check
configure:6400: result: proc
configure:6404: checking interface looking up method
configure:6433: result: ioctl
configure:6459: checking ipforward method check
configure:6484: result: proc
configure:6492: checking for getaddrinfo
configure:6542: gcc -o conftest -g -O2 -Wall   conftest.c  >&5
configure:6545: $? = 0
configure:6548: test -s conftest
configure:6551: $? = 0
configure:6562: result: yes
configure:6575: checking whether does this OS have IPv6 stack
configure:6578: result: disabled
configure:6829: checking for inet_ntop in -lc
configure:6860: gcc -o conftest -g -O2 -Wall   conftest.c -lc   >&5
configure:6863: $? = 0
configure:6866: test -s conftest
configure:6869: $? = 0
configure:6881: result: yes
configure:6891: checking for inet_pton in -lc
configure:6922: gcc -o conftest -g -O2 -Wall   conftest.c -lc   >&5
configure:6925: $? = 0
configure:6928: test -s conftest
configure:6931: $? = 0
configure:6943: result: yes
configure:6954: checking for crypt in -lcrypt
configure:6985: gcc -o conftest -g -O2 -Wall   conftest.c -lcrypt   >&5
configure:6988: $? = 0
configure:6991: test -s conftest
configure:6994: $? = 0
configure:7006: result: yes
configure:7018: checking for res_init in -lresolv
configure:7049: gcc -o conftest -g -O2 -Wall   conftest.c -lresolv  -lcrypt  >&5
/tmp/cc2RcP40.o: In function `main':
/home/changcs/usb-router-buildroot/build/quagga-0.96.4/configure:7094: undefined reference to `res_init'
collect2: ld returned 1 exit status
configure:7052: $? = 1
configure: failed program was:
| #line 7025 "configure"
| /* confdefs.h.  */
| 
| #define PACKAGE_NAME "quagga"
| #define PACKAGE_TARNAME "quagga"
| #define PACKAGE_VERSION "0.96.4"
| #define PACKAGE_STRING "quagga 0.96.4"
| #define PACKAGE_BUGREPORT "bug-zebra@gnu.org"
| #define PACKAGE "quagga"
| #define VERSION "0.96.4"
| #define QUAGGA_USER "root"
| #define QUAGGA_GROUP "root"
| #define STDC_HEADERS 1
| #define HAVE_SYS_TYPES_H 1
| #define HAVE_SYS_STAT_H 1
| #define HAVE_STDLIB_H 1
| #define HAVE_STRING_H 1
| #define HAVE_MEMORY_H 1
| #define HAVE_STRINGS_H 1
| #define HAVE_INTTYPES_H 1
| #define HAVE_STDINT_H 1
| #define HAVE_UNISTD_H 1
| #define HAVE_STRING_H 1
| #define HAVE_STROPTS_H 1
| #define HAVE_SYS_TIME_H 1
| #define HAVE_SYS_TIMES_H 1
| #define HAVE_SYS_SELECT_H 1
| #define HAVE_SYS_SYSCTL_H 1
| #define HAVE_SYS_TYPES_H 1
| #define HAVE_LINUX_VERSION_H 1
| #define HAVE_NETDB_H 1
| #define HAVE_ASM_TYPES_H 1
| #define HAVE_LIMITS_H 1
| #define HAVE_SYS_SOCKET_H 1
| #define HAVE_NETINET_IN_SYSTM_H 1
| #define HAVE_NETINET_IN_H 1
| #define HAVE_NET_ROUTE_H 1
| #define HAVE_NET_IF_H 1
| #define RETSIGTYPE void
| #define GNU_LINUX
| #define HAVE_MEMSET 1
| #define HAVE_MEMCPY 1
| #define HAVE_STRERROR 1
| #define HAVE_INET_ATON 1
| #define HAVE_DAEMON 1
| #define HAVE_SNPRINTF 1
| #define HAVE_VSNPRINTF 1
| #define HAVE_STRLCAT 1
| #define HAVE_STRLCPY 1
| #define HAVE_IF_NAMETOINDEX 1
| #define HAVE_IF_INDEXTONAME 1
| #define HAVE_FCNTL 1
| #define HAVE_PROC_NET_DEV
| #define HAVE_GETADDRINFO 1
| #define DISABLE_BGP_ANNOUNCE
| #define HAVE_INET_NTOP
| #define HAVE_INET_PTON
| #define HAVE_LIBCRYPT 1
| /* end confdefs.h.  */
| 
| /* Override any gcc2 internal prototype to avoid an error.  */
| #ifdef __cplusplus
| extern "C"
| #endif
| /* We use char because int might match the return type of a gcc2
|    builtin and then its argument prototype would still apply.  */
| char res_init ();
| int
| main ()
| {
| res_init ();
|   ;
|   return 0;
| }
configure:7070: result: no
configure:7082: checking for main in -lm
configure:7107: gcc -o conftest -g -O2 -Wall   conftest.c -lm  -lcrypt  >&5
configure:7110: $? = 0
configure:7113: test -s conftest
configure:7116: $? = 0
configure:7128: result: yes
configure:7140: checking for __inet_ntop
configure:7190: gcc -o conftest -g -O2 -Wall   conftest.c -lm -lcrypt  >&5
/tmp/ccM6h0Sh.o: In function `main':
/home/changcs/usb-router-buildroot/build/quagga-0.96.4/configure:7236: undefined reference to `__inet_ntop'
/home/changcs/usb-router-buildroot/build/quagga-0.96.4/configure:7235: undefined reference to `__inet_ntop'
collect2: ld returned 1 exit status
configure:7193: $? = 1
configure: failed program was:
| #line 7145 "configure"
| /* confdefs.h.  */
| 
| #define PACKAGE_NAME "quagga"
| #define PACKAGE_TARNAME "quagga"
| #define PACKAGE_VERSION "0.96.4"
| #define PACKAGE_STRING "quagga 0.96.4"
| #define PACKAGE_BUGREPORT "bug-zebra@gnu.org"
| #define PACKAGE "quagga"
| #define VERSION "0.96.4"
| #define QUAGGA_USER "root"
| #define QUAGGA_GROUP "root"
| #define STDC_HEADERS 1
| #define HAVE_SYS_TYPES_H 1
| #define HAVE_SYS_STAT_H 1
| #define HAVE_STDLIB_H 1
| #define HAVE_STRING_H 1
| #define HAVE_MEMORY_H 1
| #define HAVE_STRINGS_H 1
| #define HAVE_INTTYPES_H 1
| #define HAVE_STDINT_H 1
| #define HAVE_UNISTD_H 1
| #define HAVE_STRING_H 1
| #define HAVE_STROPTS_H 1
| #define HAVE_SYS_TIME_H 1
| #define HAVE_SYS_TIMES_H 1
| #define HAVE_SYS_SELECT_H 1
| #define HAVE_SYS_SYSCTL_H 1
| #define HAVE_SYS_TYPES_H 1
| #define HAVE_LINUX_VERSION_H 1
| #define HAVE_NETDB_H 1
| #define HAVE_ASM_TYPES_H 1
| #define HAVE_LIMITS_H 1
| #define HAVE_SYS_SOCKET_H 1
| #define HAVE_NETINET_IN_SYSTM_H 1
| #define HAVE_NETINET_IN_H 1
| #define HAVE_NET_ROUTE_H 1
| #define HAVE_NET_IF_H 1
| #define RETSIGTYPE void
| #define GNU_LINUX
| #define HAVE_MEMSET 1
| #define HAVE_MEMCPY 1
| #define HAVE_STRERROR 1
| #define HAVE_INET_ATON 1
| #define HAVE_DAEMON 1
| #define HAVE_SNPRINTF 1
| #define HAVE_VSNPRINTF 1
| #define HAVE_STRLCAT 1
| #define HAVE_STRLCPY 1
| #define HAVE_IF_NAMETOINDEX 1
| #define HAVE_IF_INDEXTONAME 1
| #define HAVE_FCNTL 1
| #define HAVE_PROC_NET_DEV
| #define HAVE_GETADDRINFO 1
| #define DISABLE_BGP_ANNOUNCE
| #define HAVE_INET_NTOP
| #define HAVE_INET_PTON
| #define HAVE_LIBCRYPT 1
| #define HAVE_LIBM 1
| /* end confdefs.h.  */
| /* System header to define __stub macros and hopefully few prototypes,
|     which can conflict with char __inet_ntop (); below.
|     Prefer <limits.h> to <assert.h> if __STDC__ is defined, since
|     <limits.h> exists even on freestanding compilers.  */
| #ifdef __STDC__
| # include <limits.h>
| #else
| # include <assert.h>
| #endif
| /* Override any gcc2 internal prototype to avoid an error.  */
| #ifdef __cplusplus
| extern "C"
| {
| #endif
| /* We use char because int might match the return type of a gcc2
|    builtin and then its argument prototype would still apply.  */
| char __inet_ntop ();
| /* The GNU C library defines this for functions which it implements
|     to always fail with ENOSYS.  Some functions are actually named
|     something starting with __ and the normal name is an alias.  */
| #if defined (__stub___inet_ntop) || defined (__stub_____inet_ntop)
| choke me
| #else
| char (*f) () = __inet_ntop;
| #endif
| #ifdef __cplusplus
| }
| #endif
| 
| int
| main ()
| {
| return f != __inet_ntop;
|   ;
|   return 0;
| }
configure:7210: result: no
configure:7220: checking for __inet_pton
configure:7270: gcc -o conftest -g -O2 -Wall   conftest.c -lm -lcrypt  >&5
/tmp/ccyATEMp.o: In function `main':
/home/changcs/usb-router-buildroot/build/quagga-0.96.4/configure:7316: undefined reference to `__inet_pton'
/home/changcs/usb-router-buildroot/build/quagga-0.96.4/configure:7315: undefined reference to `__inet_pton'
collect2: ld returned 1 exit status
configure:7273: $? = 1
configure: failed program was:
| #line 7225 "configure"
| /* confdefs.h.  */
| 
| #define PACKAGE_NAME "quagga"
| #define PACKAGE_TARNAME "quagga"
| #define PACKAGE_VERSION "0.96.4"
| #define PACKAGE_STRING "quagga 0.96.4"
| #define PACKAGE_BUGREPORT "bug-zebra@gnu.org"
| #define PACKAGE "quagga"
| #define VERSION "0.96.4"
| #define QUAGGA_USER "root"
| #define QUAGGA_GROUP "root"
| #define STDC_HEADERS 1
| #define HAVE_SYS_TYPES_H 1
| #define HAVE_SYS_STAT_H 1
| #define HAVE_STDLIB_H 1
| #define HAVE_STRING_H 1
| #define HAVE_MEMORY_H 1
| #define HAVE_STRINGS_H 1
| #define HAVE_INTTYPES_H 1
| #define HAVE_STDINT_H 1
| #define HAVE_UNISTD_H 1
| #define HAVE_STRING_H 1
| #define HAVE_STROPTS_H 1
| #define HAVE_SYS_TIME_H 1
| #define HAVE_SYS_TIMES_H 1
| #define HAVE_SYS_SELECT_H 1
| #define HAVE_SYS_SYSCTL_H 1
| #define HAVE_SYS_TYPES_H 1
| #define HAVE_LINUX_VERSION_H 1
| #define HAVE_NETDB_H 1
| #define HAVE_ASM_TYPES_H 1
| #define HAVE_LIMITS_H 1
| #define HAVE_SYS_SOCKET_H 1
| #define HAVE_NETINET_IN_SYSTM_H 1
| #define HAVE_NETINET_IN_H 1
| #define HAVE_NET_ROUTE_H 1
| #define HAVE_NET_IF_H 1
| #define RETSIGTYPE void
| #define GNU_LINUX
| #define HAVE_MEMSET 1
| #define HAVE_MEMCPY 1
| #define HAVE_STRERROR 1
| #define HAVE_INET_ATON 1
| #define HAVE_DAEMON 1
| #define HAVE_SNPRINTF 1
| #define HAVE_VSNPRINTF 1
| #define HAVE_STRLCAT 1
| #define HAVE_STRLCPY 1
| #define HAVE_IF_NAMETOINDEX 1
| #define HAVE_IF_INDEXTONAME 1
| #define HAVE_FCNTL 1
| #define HAVE_PROC_NET_DEV
| #define HAVE_GETADDRINFO 1
| #define DISABLE_BGP_ANNOUNCE
| #define HAVE_INET_NTOP
| #define HAVE_INET_PTON
| #define HAVE_LIBCRYPT 1
| #define HAVE_LIBM 1
| /* end confdefs.h.  */
| /* System header to define __stub macros and hopefully few prototypes,
|     which can conflict with char __inet_pton (); below.
|     Prefer <limits.h> to <assert.h> if __STDC__ is defined, since
|     <limits.h> exists even on freestanding compilers.  */
| #ifdef __STDC__
| # include <limits.h>
| #else
| # include <assert.h>
| #endif
| /* Override any gcc2 internal prototype to avoid an error.  */
| #ifdef __cplusplus
| extern "C"
| {
| #endif
| /* We use char because int might match the return type of a gcc2
|    builtin and then its argument prototype would still apply.  */
| char __inet_pton ();
| /* The GNU C library defines this for functions which it implements
|     to always fail with ENOSYS.  Some functions are actually named
|     something starting with __ and the normal name is an alias.  */
| #if defined (__stub___inet_pton) || defined (__stub_____inet_pton)
| choke me
| #else
| char (*f) () = __inet_pton;
| #endif
| #ifdef __cplusplus
| }
| #endif
| 
| int
| main ()
| {
| return f != __inet_pton;
|   ;
|   return 0;
| }
configure:7290: result: no
configure:7300: checking for __inet_aton
configure:7350: gcc -o conftest -g -O2 -Wall   conftest.c -lm -lcrypt  >&5
/tmp/ccMgQDez.o: In function `main':
/home/changcs/usb-router-buildroot/build/quagga-0.96.4/configure:7396: undefined reference to `__inet_aton'
/home/changcs/usb-router-buildroot/build/quagga-0.96.4/configure:7395: undefined reference to `__inet_aton'
collect2: ld returned 1 exit status
configure:7353: $? = 1
configure: failed program was:
| #line 7305 "configure"
| /* confdefs.h.  */
| 
| #define PACKAGE_NAME "quagga"
| #define PACKAGE_TARNAME "quagga"
| #define PACKAGE_VERSION "0.96.4"
| #define PACKAGE_STRING "quagga 0.96.4"
| #define PACKAGE_BUGREPORT "bug-zebra@gnu.org"
| #define PACKAGE "quagga"
| #define VERSION "0.96.4"
| #define QUAGGA_USER "root"
| #define QUAGGA_GROUP "root"
| #define STDC_HEADERS 1
| #define HAVE_SYS_TYPES_H 1
| #define HAVE_SYS_STAT_H 1
| #define HAVE_STDLIB_H 1
| #define HAVE_STRING_H 1
| #define HAVE_MEMORY_H 1
| #define HAVE_STRINGS_H 1
| #define HAVE_INTTYPES_H 1
| #define HAVE_STDINT_H 1
| #define HAVE_UNISTD_H 1
| #define HAVE_STRING_H 1
| #define HAVE_STROPTS_H 1
| #define HAVE_SYS_TIME_H 1
| #define HAVE_SYS_TIMES_H 1
| #define HAVE_SYS_SELECT_H 1
| #define HAVE_SYS_SYSCTL_H 1
| #define HAVE_SYS_TYPES_H 1
| #define HAVE_LINUX_VERSION_H 1
| #define HAVE_NETDB_H 1
| #define HAVE_ASM_TYPES_H 1
| #define HAVE_LIMITS_H 1
| #define HAVE_SYS_SOCKET_H 1
| #define HAVE_NETINET_IN_SYSTM_H 1
| #define HAVE_NETINET_IN_H 1
| #define HAVE_NET_ROUTE_H 1
| #define HAVE_NET_IF_H 1
| #define RETSIGTYPE void
| #define GNU_LINUX
| #define HAVE_MEMSET 1
| #define HAVE_MEMCPY 1
| #define HAVE_STRERROR 1
| #define HAVE_INET_ATON 1
| #define HAVE_DAEMON 1
| #define HAVE_SNPRINTF 1
| #define HAVE_VSNPRINTF 1
| #define HAVE_STRLCAT 1
| #define HAVE_STRLCPY 1
| #define HAVE_IF_NAMETOINDEX 1
| #define HAVE_IF_INDEXTONAME 1
| #define HAVE_FCNTL 1
| #define HAVE_PROC_NET_DEV
| #define HAVE_GETADDRINFO 1
| #define DISABLE_BGP_ANNOUNCE
| #define HAVE_INET_NTOP
| #define HAVE_INET_PTON
| #define HAVE_LIBCRYPT 1
| #define HAVE_LIBM 1
| /* end confdefs.h.  */
| /* System header to define __stub macros and hopefully few prototypes,
|     which can conflict with char __inet_aton (); below.
|     Prefer <limits.h> to <assert.h> if __STDC__ is defined, since
|     <limits.h> exists even on freestanding compilers.  */
| #ifdef __STDC__
| # include <limits.h>
| #else
| # include <assert.h>
| #endif
| /* Override any gcc2 internal prototype to avoid an error.  */
| #ifdef __cplusplus
| extern "C"
| {
| #endif
| /* We use char because int might match the return type of a gcc2
|    builtin and then its argument prototype would still apply.  */
| char __inet_aton ();
| /* The GNU C library defines this for functions which it implements
|     to always fail with ENOSYS.  Some functions are actually named
|     something starting with __ and the normal name is an alias.  */
| #if defined (__stub___inet_aton) || defined (__stub_____inet_aton)
| choke me
| #else
| char (*f) () = __inet_aton;
| #endif
| #ifdef __cplusplus
| }
| #endif
| 
| int
| main ()
| {
| return f != __inet_aton;
|   ;
|   return 0;
| }
configure:7370: result: no
configure:7381: checking for regexec in -lc
configure:7412: gcc -o conftest -g -O2 -Wall   conftest.c -lc  -lm -lcrypt  >&5
configure:7415: $? = 0
configure:7418: test -s conftest
configure:7421: $? = 0
configure:7433: result: yes
configure:8060: checking whether struct sockaddr has a sa_len field
configure:8081: gcc -c -g -O2 -Wall  conftest.c >&5
configure: In function `main':
configure:8128: structure has no member named `sa_len'
configure:8128: warning: unused variable `ac_j'
configure:8084: $? = 1
configure: failed program was:
| #line 8062 "configure"
| /* confdefs.h.  */
| 
| #define PACKAGE_NAME "quagga"
| #define PACKAGE_TARNAME "quagga"
| #define PACKAGE_VERSION "0.96.4"
| #define PACKAGE_STRING "quagga 0.96.4"
| #define PACKAGE_BUGREPORT "bug-zebra@gnu.org"
| #define PACKAGE "quagga"
| #define VERSION "0.96.4"
| #define QUAGGA_USER "root"
| #define QUAGGA_GROUP "root"
| #define STDC_HEADERS 1
| #define HAVE_SYS_TYPES_H 1
| #define HAVE_SYS_STAT_H 1
| #define HAVE_STDLIB_H 1
| #define HAVE_STRING_H 1
| #define HAVE_MEMORY_H 1
| #define HAVE_STRINGS_H 1
| #define HAVE_INTTYPES_H 1
| #define HAVE_STDINT_H 1
| #define HAVE_UNISTD_H 1
| #define HAVE_STRING_H 1
| #define HAVE_STROPTS_H 1
| #define HAVE_SYS_TIME_H 1
| #define HAVE_SYS_TIMES_H 1
| #define HAVE_SYS_SELECT_H 1
| #define HAVE_SYS_SYSCTL_H 1
| #define HAVE_SYS_TYPES_H 1
| #define HAVE_LINUX_VERSION_H 1
| #define HAVE_NETDB_H 1
| #define HAVE_ASM_TYPES_H 1
| #define HAVE_LIMITS_H 1
| #define HAVE_SYS_SOCKET_H 1
| #define HAVE_NETINET_IN_SYSTM_H 1
| #define HAVE_NETINET_IN_H 1
| #define HAVE_NET_ROUTE_H 1
| #define HAVE_NET_IF_H 1
| #define RETSIGTYPE void
| #define GNU_LINUX
| #define HAVE_MEMSET 1
| #define HAVE_MEMCPY 1
| #define HAVE_STRERROR 1
| #define HAVE_INET_ATON 1
| #define HAVE_DAEMON 1
| #define HAVE_SNPRINTF 1
| #define HAVE_VSNPRINTF 1
| #define HAVE_STRLCAT 1
| #define HAVE_STRLCPY 1
| #define HAVE_IF_NAMETOINDEX 1
| #define HAVE_IF_INDEXTONAME 1
| #define HAVE_FCNTL 1
| #define HAVE_PROC_NET_DEV
| #define HAVE_GETADDRINFO 1
| #define DISABLE_BGP_ANNOUNCE
| #define HAVE_INET_NTOP
| #define HAVE_INET_PTON
| #define HAVE_LIBCRYPT 1
| #define HAVE_LIBM 1
| #define HAVE_GNU_REGEX
| /* end confdefs.h.  */
| #include <sys/types.h>
| #include <sys/socket.h>
| 
| int
| main ()
| {
| static struct sockaddr ac_i;int ac_j = sizeof (ac_i.sa_len);
|   ;
|   return 0;
| }
configure:8103: result: no
configure:8108: checking whether struct sockaddr_in has a sin_len field
configure:8129: gcc -c -g -O2 -Wall  conftest.c >&5
configure: In function `main':
configure:8176: structure has no member named `sin_len'
configure:8176: warning: unused variable `ac_j'
configure:8132: $? = 1
configure: failed program was:
| #line 8110 "configure"
| /* confdefs.h.  */
| 
| #define PACKAGE_NAME "quagga"
| #define PACKAGE_TARNAME "quagga"
| #define PACKAGE_VERSION "0.96.4"
| #define PACKAGE_STRING "quagga 0.96.4"
| #define PACKAGE_BUGREPORT "bug-zebra@gnu.org"
| #define PACKAGE "quagga"
| #define VERSION "0.96.4"
| #define QUAGGA_USER "root"
| #define QUAGGA_GROUP "root"
| #define STDC_HEADERS 1
| #define HAVE_SYS_TYPES_H 1
| #define HAVE_SYS_STAT_H 1
| #define HAVE_STDLIB_H 1
| #define HAVE_STRING_H 1
| #define HAVE_MEMORY_H 1
| #define HAVE_STRINGS_H 1
| #define HAVE_INTTYPES_H 1
| #define HAVE_STDINT_H 1
| #define HAVE_UNISTD_H 1
| #define HAVE_STRING_H 1
| #define HAVE_STROPTS_H 1
| #define HAVE_SYS_TIME_H 1
| #define HAVE_SYS_TIMES_H 1
| #define HAVE_SYS_SELECT_H 1
| #define HAVE_SYS_SYSCTL_H 1
| #define HAVE_SYS_TYPES_H 1
| #define HAVE_LINUX_VERSION_H 1
| #define HAVE_NETDB_H 1
| #define HAVE_ASM_TYPES_H 1
| #define HAVE_LIMITS_H 1
| #define HAVE_SYS_SOCKET_H 1
| #define HAVE_NETINET_IN_SYSTM_H 1
| #define HAVE_NETINET_IN_H 1
| #define HAVE_NET_ROUTE_H 1
| #define HAVE_NET_IF_H 1
| #define RETSIGTYPE void
| #define GNU_LINUX
| #define HAVE_MEMSET 1
| #define HAVE_MEMCPY 1
| #define HAVE_STRERROR 1
| #define HAVE_INET_ATON 1
| #define HAVE_DAEMON 1
| #define HAVE_SNPRINTF 1
| #define HAVE_VSNPRINTF 1
| #define HAVE_STRLCAT 1
| #define HAVE_STRLCPY 1
| #define HAVE_IF_NAMETOINDEX 1
| #define HAVE_IF_INDEXTONAME 1
| #define HAVE_FCNTL 1
| #define HAVE_PROC_NET_DEV
| #define HAVE_GETADDRINFO 1
| #define DISABLE_BGP_ANNOUNCE
| #define HAVE_INET_NTOP
| #define HAVE_INET_PTON
| #define HAVE_LIBCRYPT 1
| #define HAVE_LIBM 1
| #define HAVE_GNU_REGEX
| /* end confdefs.h.  */
| #include <sys/types.h>
| #include <netinet/in.h>
| 
| int
| main ()
| {
| static struct sockaddr_in ac_i;int ac_j = sizeof (ac_i.sin_len);
|   ;
|   return 0;
| }
configure:8151: result: no
configure:8156: checking whether struct sockaddr_un has a sun_len field
configure:8177: gcc -c -g -O2 -Wall  conftest.c >&5
configure: In function `main':
configure:8224: structure has no member named `sun_len'
configure:8224: warning: unused variable `ac_j'
configure:8180: $? = 1
configure: failed program was:
| #line 8158 "configure"
| /* confdefs.h.  */
| 
| #define PACKAGE_NAME "quagga"
| #define PACKAGE_TARNAME "quagga"
| #define PACKAGE_VERSION "0.96.4"
| #define PACKAGE_STRING "quagga 0.96.4"
| #define PACKAGE_BUGREPORT "bug-zebra@gnu.org"
| #define PACKAGE "quagga"
| #define VERSION "0.96.4"
| #define QUAGGA_USER "root"
| #define QUAGGA_GROUP "root"
| #define STDC_HEADERS 1
| #define HAVE_SYS_TYPES_H 1
| #define HAVE_SYS_STAT_H 1
| #define HAVE_STDLIB_H 1
| #define HAVE_STRING_H 1
| #define HAVE_MEMORY_H 1
| #define HAVE_STRINGS_H 1
| #define HAVE_INTTYPES_H 1
| #define HAVE_STDINT_H 1
| #define HAVE_UNISTD_H 1
| #define HAVE_STRING_H 1
| #define HAVE_STROPTS_H 1
| #define HAVE_SYS_TIME_H 1
| #define HAVE_SYS_TIMES_H 1
| #define HAVE_SYS_SELECT_H 1
| #define HAVE_SYS_SYSCTL_H 1
| #define HAVE_SYS_TYPES_H 1
| #define HAVE_LINUX_VERSION_H 1
| #define HAVE_NETDB_H 1
| #define HAVE_ASM_TYPES_H 1
| #define HAVE_LIMITS_H 1
| #define HAVE_SYS_SOCKET_H 1
| #define HAVE_NETINET_IN_SYSTM_H 1
| #define HAVE_NETINET_IN_H 1
| #define HAVE_NET_ROUTE_H 1
| #define HAVE_NET_IF_H 1
| #define RETSIGTYPE void
| #define GNU_LINUX
| #define HAVE_MEMSET 1
| #define HAVE_MEMCPY 1
| #define HAVE_STRERROR 1
| #define HAVE_INET_ATON 1
| #define HAVE_DAEMON 1
| #define HAVE_SNPRINTF 1
| #define HAVE_VSNPRINTF 1
| #define HAVE_STRLCAT 1
| #define HAVE_STRLCPY 1
| #define HAVE_IF_NAMETOINDEX 1
| #define HAVE_IF_INDEXTONAME 1
| #define HAVE_FCNTL 1
| #define HAVE_PROC_NET_DEV
| #define HAVE_GETADDRINFO 1
| #define DISABLE_BGP_ANNOUNCE
| #define HAVE_INET_NTOP
| #define HAVE_INET_PTON
| #define HAVE_LIBCRYPT 1
| #define HAVE_LIBM 1
| #define HAVE_GNU_REGEX
| /* end confdefs.h.  */
| #include <sys/types.h>
| #include <sys/un.h>
| 
| int
| main ()
| {
| static struct sockaddr_un ac_i;int ac_j = sizeof (ac_i.sun_len);
|   ;
|   return 0;
| }
configure:8199: result: no
configure:8254: checking whther socklen_t is defined
configure:8276: gcc -c -g -O2 -Wall  conftest.c >&5
configure: In function `main':
configure:8323: warning: unused variable `ac_x'
configure:8279: $? = 0
configure:8282: test -s conftest.o
configure:8285: $? = 0
configure:8287: result: yes
configure:8303: checking whether struct sockaddr_dl exist
configure:8366:23: net/if_dl.h: No such file or directory
configure:8325: result: no
configure:8331: checking whether struct ifaliasreq exist
configure:8353: result: no
configure:8359: checking whether struct in6_aliasreq exist
configure:8422:30: netinet6/in6_var.h: No such file or directory
configure:8381: result: no
configure:8387: checking whether in6_aliasreq.ifra_lifetime exist
configure:8408: gcc -c -g -O2 -Wall  conftest.c >&5
configure:8451:30: netinet6/in6_var.h: No such file or directory
configure: In function `main':
configure:8456: storage size of `ac_i' isn't known
configure:8456: warning: unused variable `ac_i'
configure:8456: warning: unused variable `ac_j'
configure:8456: storage size of `ac_i' isn't known
configure:8411: $? = 1
configure: failed program was:
| #line 8389 "configure"
| /* confdefs.h.  */
| 
| #define PACKAGE_NAME "quagga"
| #define PACKAGE_TARNAME "quagga"
| #define PACKAGE_VERSION "0.96.4"
| #define PACKAGE_STRING "quagga 0.96.4"
| #define PACKAGE_BUGREPORT "bug-zebra@gnu.org"
| #define PACKAGE "quagga"
| #define VERSION "0.96.4"
| #define QUAGGA_USER "root"
| #define QUAGGA_GROUP "root"
| #define STDC_HEADERS 1
| #define HAVE_SYS_TYPES_H 1
| #define HAVE_SYS_STAT_H 1
| #define HAVE_STDLIB_H 1
| #define HAVE_STRING_H 1
| #define HAVE_MEMORY_H 1
| #define HAVE_STRINGS_H 1
| #define HAVE_INTTYPES_H 1
| #define HAVE_STDINT_H 1
| #define HAVE_UNISTD_H 1
| #define HAVE_STRING_H 1
| #define HAVE_STROPTS_H 1
| #define HAVE_SYS_TIME_H 1
| #define HAVE_SYS_TIMES_H 1
| #define HAVE_SYS_SELECT_H 1
| #define HAVE_SYS_SYSCTL_H 1
| #define HAVE_SYS_TYPES_H 1
| #define HAVE_LINUX_VERSION_H 1
| #define HAVE_NETDB_H 1
| #define HAVE_ASM_TYPES_H 1
| #define HAVE_LIMITS_H 1
| #define HAVE_SYS_SOCKET_H 1
| #define HAVE_NETINET_IN_SYSTM_H 1
| #define HAVE_NETINET_IN_H 1
| #define HAVE_NET_ROUTE_H 1
| #define HAVE_NET_IF_H 1
| #define RETSIGTYPE void
| #define GNU_LINUX
| #define HAVE_MEMSET 1
| #define HAVE_MEMCPY 1
| #define HAVE_STRERROR 1
| #define HAVE_INET_ATON 1
| #define HAVE_DAEMON 1
| #define HAVE_SNPRINTF 1
| #define HAVE_VSNPRINTF 1
| #define HAVE_STRLCAT 1
| #define HAVE_STRLCPY 1
| #define HAVE_IF_NAMETOINDEX 1
| #define HAVE_IF_INDEXTONAME 1
| #define HAVE_FCNTL 1
| #define HAVE_PROC_NET_DEV
| #define HAVE_GETADDRINFO 1
| #define DISABLE_BGP_ANNOUNCE
| #define HAVE_INET_NTOP
| #define HAVE_INET_PTON
| #define HAVE_LIBCRYPT 1
| #define HAVE_LIBM 1
| #define HAVE_GNU_REGEX
| #define HAVE_SOCKLEN_T
| /* end confdefs.h.  */
| #include <sys/types.h>
| #include <netinet6/in6_var.h>
| 
| int
| main ()
| {
| static struct if6_aliasreq ac_i;int ac_j = sizeof (ac_i.ifra_lifetime);
|   ;
|   return 0;
| }
configure:8430: result: no
configure:8435: checking whether struct rt_addrinfo exist
configure:8457: result: no
configure:8463: checking whether struct in_pktinfo exist
configure:8483: gcc -c -g -O2 -Wall  conftest.c >&5
configure: In function `main':
configure:8531: warning: unused variable `ac_x'
configure:8486: $? = 0
configure:8489: test -s conftest.o
configure:8492: $? = 0
configure:8494: result: yes
configure:8510: checking whether getrusage is available
configure:8530: gcc -c -g -O2 -Wall  conftest.c >&5
configure:8533: $? = 0
configure:8536: test -s conftest.o
configure:8539: $? = 0
configure:8541: result: yes
configure:8557: checking whether prctl PR_SET_KEEPCAPS is available
configure:8576: gcc -c -g -O2 -Wall  conftest.c >&5
configure:8622:23: sys/prctl.h: No such file or directory
configure: In function `main':
configure:8626: warning: implicit declaration of function `prctl'
configure:8626: `PR_SET_KEEPCAPS' undeclared (first use in this function)
configure:8626: (Each undeclared identifier is reported only once
configure:8626: for each function it appears in.)
configure:8579: $? = 1
configure: failed program was:
| #line 8559 "configure"
| /* confdefs.h.  */
| 
| #define PACKAGE_NAME "quagga"
| #define PACKAGE_TARNAME "quagga"
| #define PACKAGE_VERSION "0.96.4"
| #define PACKAGE_STRING "quagga 0.96.4"
| #define PACKAGE_BUGREPORT "bug-zebra@gnu.org"
| #define PACKAGE "quagga"
| #define VERSION "0.96.4"
| #define QUAGGA_USER "root"
| #define QUAGGA_GROUP "root"
| #define STDC_HEADERS 1
| #define HAVE_SYS_TYPES_H 1
| #define HAVE_SYS_STAT_H 1
| #define HAVE_STDLIB_H 1
| #define HAVE_STRING_H 1
| #define HAVE_MEMORY_H 1
| #define HAVE_STRINGS_H 1
| #define HAVE_INTTYPES_H 1
| #define HAVE_STDINT_H 1
| #define HAVE_UNISTD_H 1
| #define HAVE_STRING_H 1
| #define HAVE_STROPTS_H 1
| #define HAVE_SYS_TIME_H 1
| #define HAVE_SYS_TIMES_H 1
| #define HAVE_SYS_SELECT_H 1
| #define HAVE_SYS_SYSCTL_H 1
| #define HAVE_SYS_TYPES_H 1
| #define HAVE_LINUX_VERSION_H 1
| #define HAVE_NETDB_H 1
| #define HAVE_ASM_TYPES_H 1
| #define HAVE_LIMITS_H 1
| #define HAVE_SYS_SOCKET_H 1
| #define HAVE_NETINET_IN_SYSTM_H 1
| #define HAVE_NETINET_IN_H 1
| #define HAVE_NET_ROUTE_H 1
| #define HAVE_NET_IF_H 1
| #define RETSIGTYPE void
| #define GNU_LINUX
| #define HAVE_MEMSET 1
| #define HAVE_MEMCPY 1
| #define HAVE_STRERROR 1
| #define HAVE_INET_ATON 1
| #define HAVE_DAEMON 1
| #define HAVE_SNPRINTF 1
| #define HAVE_VSNPRINTF 1
| #define HAVE_STRLCAT 1
| #define HAVE_STRLCPY 1
| #define HAVE_IF_NAMETOINDEX 1
| #define HAVE_IF_INDEXTONAME 1
| #define HAVE_FCNTL 1
| #define HAVE_PROC_NET_DEV
| #define HAVE_GETADDRINFO 1
| #define DISABLE_BGP_ANNOUNCE
| #define HAVE_INET_NTOP
| #define HAVE_INET_PTON
| #define HAVE_LIBCRYPT 1
| #define HAVE_LIBM 1
| #define HAVE_GNU_REGEX
| #define HAVE_SOCKLEN_T
| #define HAVE_INPKTINFO
| #define HAVE_RUSAGE
| /* end confdefs.h.  */
| #include <sys/prctl.h>
| int
| main ()
| {
| prctl(PR_SET_KEEPCAPS, 1, 0, 0, 0);
|   ;
|   return 0;
| }
configure:8599: result: no
configure:9058: checking directory to use for state file
configure:9060: result: /var/run
configure:9135: checking for working htonl
configure:9166: gcc -o conftest -g -O2 -Wall   conftest.c -lm -lcrypt  >&5
configure:9169: $? = 0
configure:9172: test -s conftest
configure:9175: $? = 0
configure:9187: result: yes
configure:9293: creating ./config.status

## ---------------------- ##
## Running config.status. ##
## ---------------------- ##

This file was extended by quagga config.status 0.96.4, which was
generated by GNU Autoconf 2.57.  Invocation command line was

  CONFIG_FILES    = 
  CONFIG_HEADERS  = 
  CONFIG_LINKS    = 
  CONFIG_COMMANDS = 
  $ ./config.status 

on itgserver200

config.status:696: creating Makefile
config.status:696: creating lib/Makefile
config.status:696: creating zebra/Makefile
config.status:696: creating ripd/Makefile
config.status:696: creating ripngd/Makefile
config.status:696: creating bgpd/Makefile
config.status:696: creating ospfd/Makefile
config.status:696: creating ospf6d/Makefile
config.status:696: creating vtysh/Makefile
config.status:696: creating doc/Makefile
config.status:696: creating ospfclient/Makefile
config.status:696: creating redhat/quagga.spec
config.status:696: creating lib/version.h
config.status:800: creating config.h
config.status:1141: executing depfiles commands

## ---------------- ##
## Cache variables. ##
## ---------------- ##

ac_cv_build=i686-pc-linux-gnu
ac_cv_build_alias=i686-pc-linux-gnu
ac_cv_c_bigendian=no
ac_cv_c_compiler_gnu=yes
ac_cv_c_const=yes
ac_cv_env_CC_set=
ac_cv_env_CC_value=
ac_cv_env_CFLAGS_set=
ac_cv_env_CFLAGS_value=
ac_cv_env_CPPFLAGS_set=
ac_cv_env_CPPFLAGS_value=
ac_cv_env_CPP_set=
ac_cv_env_CPP_value=
ac_cv_env_LDFLAGS_set=
ac_cv_env_LDFLAGS_value=
ac_cv_env_build_alias_set=set
ac_cv_env_build_alias_value=i686-pc-linux-gnu
ac_cv_env_host_alias_set=set
ac_cv_env_host_alias_value=mipsel-linux-elf
ac_cv_env_target_alias_set=
ac_cv_env_target_alias_value=
ac_cv_exeext=
ac_cv_func___inet_aton=no
ac_cv_func___inet_ntop=no
ac_cv_func___inet_pton=no
ac_cv_func_daemon=yes
ac_cv_func_fcntl=yes
ac_cv_func_getaddrinfo=yes
ac_cv_func_getifaddrs=no
ac_cv_func_if_indextoname=yes
ac_cv_func_if_nametoindex=yes
ac_cv_func_inet_aton=yes
ac_cv_func_memcpy=yes
ac_cv_func_memset=yes
ac_cv_func_setproctitle=no
ac_cv_func_snprintf=yes
ac_cv_func_strerror=yes
ac_cv_func_strlcat=yes
ac_cv_func_strlcpy=yes
ac_cv_func_vsnprintf=yes
ac_cv_header_asm_types_h=yes
ac_cv_header_inet_nd_h=no
ac_cv_header_inttypes_h=yes
ac_cv_header_kvm_h=no
ac_cv_header_libutil_h=no
ac_cv_header_limits_h=yes
ac_cv_header_linux_version_h=yes
ac_cv_header_memory_h=yes
ac_cv_header_net_if_dl_h=no
ac_cv_header_net_if_h=yes
ac_cv_header_net_if_var_h=no
ac_cv_header_net_netopt_h=no
ac_cv_header_net_route_h=yes
ac_cv_header_netdb_h=yes
ac_cv_header_netinet_in_h=yes
ac_cv_header_netinet_in_systm_h=yes
ac_cv_header_netinet_in_var_h=no
ac_cv_header_stdc=yes
ac_cv_header_stdint_h=yes
ac_cv_header_stdlib_h=yes
ac_cv_header_string_h=yes
ac_cv_header_strings_h=yes
ac_cv_header_stropts_h=yes
ac_cv_header_sys_conf_h=no
ac_cv_header_sys_ksym_h=no
ac_cv_header_sys_select_h=yes
ac_cv_header_sys_socket_h=yes
ac_cv_header_sys_sockio_h=no
ac_cv_header_sys_stat_h=yes
ac_cv_header_sys_sysctl_h=yes
ac_cv_header_sys_time_h=yes
ac_cv_header_sys_times_h=yes
ac_cv_header_sys_types_h=yes
ac_cv_header_unistd_h=yes
ac_cv_host=mipsel-linux-elf
ac_cv_host_alias=mipsel-linux-elf
ac_cv_htonl_works=yes
ac_cv_lib_c_inet_ntop=yes
ac_cv_lib_c_inet_pton=yes
ac_cv_lib_c_regexec=yes
ac_cv_lib_crypt_crypt=yes
ac_cv_lib_m_main=yes
ac_cv_lib_resolv_res_init=no
ac_cv_lib_util_setproctitle=no
ac_cv_objext=o
ac_cv_path_install='/usr/bin/install -c'
ac_cv_prog_AWK=gawk
ac_cv_prog_CPP='gcc -E'
ac_cv_prog_ac_ct_AR=ar
ac_cv_prog_ac_ct_CC=gcc
ac_cv_prog_ac_ct_RANLIB=ranlib
ac_cv_prog_ac_ct_STRIP=strip
ac_cv_prog_cc_g=yes
ac_cv_prog_cc_stdc=
ac_cv_prog_egrep='grep -E'
ac_cv_prog_make_make_set=yes
ac_cv_type_signal=void
am_cv_CC_dependencies_compiler_type=gcc3

## ----------------- ##
## Output variables. ##
## ----------------- ##

ACLOCAL='${SHELL} /home/changcs/usb-router-buildroot/build/quagga-0.96.4/missing --run aclocal-1.6'
AMDEPBACKSLASH='\'
AMDEP_FALSE='#'
AMDEP_TRUE=''
AMTAR='${SHELL} /home/changcs/usb-router-buildroot/build/quagga-0.96.4/missing --run tar'
AR='ar'
AUTOCONF='${SHELL} /home/changcs/usb-router-buildroot/build/quagga-0.96.4/missing --run autoconf'
AUTOHEADER='${SHELL} /home/changcs/usb-router-buildroot/build/quagga-0.96.4/missing --run autoheader'
AUTOMAKE='${SHELL} /home/changcs/usb-router-buildroot/build/quagga-0.96.4/missing --run automake-1.6'
AWK='gawk'
BGPD=''
CC='gcc'
CCDEPMODE='depmode=gcc3'
CFLAGS='-g -O2 -Wall'
CONFDATE='20040722'
CPP='gcc -E'
CPPFLAGS=''
CURSES=''
DEFS='-DHAVE_CONFIG_H'
DEPDIR='.deps'
ECHO_C=''
ECHO_N='-n'
ECHO_T=''
EGREP='grep -E'
EXEEXT=''
IF_METHOD='if_ioctl.o'
IF_PROC='if_proc.o'
INCLUDES=''
INSTALL_DATA='${INSTALL} -m 644'
INSTALL_PROGRAM='${INSTALL}'
INSTALL_SCRIPT='${INSTALL}'
INSTALL_STRIP_PROGRAM='${SHELL} $(install_sh) -c -s'
IPFORWARD='ipforward_proc.o'
KERNEL_METHOD=''
LDFLAGS=''
LIBCAP=''
LIBOBJS=''
LIBPAM=''
LIBS='-lm -lcrypt '
LIB_IPV6=''
LIB_REGEX=''
LTLIBOBJS=''
MAKEINFO='${SHELL} /home/changcs/usb-router-buildroot/build/quagga-0.96.4/missing --run makeinfo'
MULTIPATH_NUM='1'
OBJEXT='o'
OSPF6D=''
OSPFAPI=''
OSPFCLIENT=''
OSPFD=''
OTHER_METHOD=''
PACKAGE='quagga'
PACKAGE_BUGREPORT='bug-zebra@gnu.org'
PACKAGE_NAME='quagga'
PACKAGE_STRING='quagga 0.96.4'
PACKAGE_TARNAME='quagga'
PACKAGE_VERSION='0.96.4'
PATH_SEPARATOR=':'
RANLIB='ranlib'
RIPD='ripd'
RIPNGD=''
RTREAD_METHOD='rtread_proc.o'
RT_METHOD='rt_ioctl.o'
SET_MAKE=''
SHELL='/bin/sh'
STRIP='strip'
VERSION='0.96.4'
VTYSH=''
ZEBRA='zebra'
ac_ct_AR='ar'
ac_ct_CC='gcc'
ac_ct_RANLIB='ranlib'
ac_ct_STRIP='strip'
am__include='include'
am__quote=''
bindir='${exec_prefix}/bin'
build='i686-pc-linux-gnu'
build_alias='i686-pc-linux-gnu'
build_cpu='i686'
build_os='linux-gnu'
build_vendor='pc'
datadir='${prefix}/share'
exec_prefix='${prefix}'
host='mipsel-linux-elf'
host_alias='mipsel-linux-elf'
host_cpu='mipsel'
host_os='elf'
host_vendor='linux'
includedir='${prefix}/include'
infodir='${prefix}/info'
install_sh='/home/changcs/usb-router-buildroot/build/quagga-0.96.4/install-sh'
libdir='${exec_prefix}/lib'
libexecdir='${exec_prefix}/libexec'
localstatedir='/var/run'
mandir='${prefix}/man'
oldincludedir='/usr/include'
prefix='/usr'
program_transform_name='s,x,x,'
sbindir='${exec_prefix}/sbin'
sharedstatedir='${prefix}/com'
sysconfdir='/etc/zebra'
target_alias=''

## ----------- ##
## confdefs.h. ##
## ----------- ##

#define BGP_VTYSH_PATH "/var/run/bgpd.vty"
#define DISABLE_BGP_ANNOUNCE
#define GNU_LINUX
#define HAVE_ASM_TYPES_H 1
#define HAVE_DAEMON 1
#define HAVE_FCNTL 1
#define HAVE_GETADDRINFO 1
#define HAVE_GNU_REGEX
#define HAVE_IF_INDEXTONAME 1
#define HAVE_IF_NAMETOINDEX 1
#define HAVE_INET_ATON 1
#define HAVE_INET_NTOP
#define HAVE_INET_PTON
#define HAVE_INPKTINFO
#define HAVE_INTTYPES_H 1
#define HAVE_LIBCRYPT 1
#define HAVE_LIBM 1
#define HAVE_LIMITS_H 1
#define HAVE_LINUX_VERSION_H 1
#define HAVE_MEMCPY 1
#define HAVE_MEMORY_H 1
#define HAVE_MEMSET 1
#define HAVE_NETDB_H 1
#define HAVE_NETINET_IN_H 1
#define HAVE_NETINET_IN_SYSTM_H 1
#define HAVE_NET_IF_H 1
#define HAVE_NET_ROUTE_H 1
#define HAVE_PROC_NET_DEV
#define HAVE_RUSAGE
#define HAVE_SNPRINTF 1
#define HAVE_SOCKLEN_T
#define HAVE_STDINT_H 1
#define HAVE_STDLIB_H 1
#define HAVE_STRERROR 1
#define HAVE_STRINGS_H 1
#define HAVE_STRING_H 1
#define HAVE_STRING_H 1
#define HAVE_STRLCAT 1
#define HAVE_STRLCPY 1
#define HAVE_STROPTS_H 1
#define HAVE_SYS_SELECT_H 1
#define HAVE_SYS_SOCKET_H 1
#define HAVE_SYS_STAT_H 1
#define HAVE_SYS_SYSCTL_H 1
#define HAVE_SYS_TIMES_H 1
#define HAVE_SYS_TIME_H 1
#define HAVE_SYS_TYPES_H 1
#define HAVE_SYS_TYPES_H 1
#define HAVE_UNISTD_H 1
#define HAVE_VSNPRINTF 1
#define OSPF6_VTYSH_PATH "/var/run/ospf6d.vty"
#define OSPF_VTYSH_PATH "/var/run/ospfd.vty"
#define PACKAGE "quagga"
#define PACKAGE_BUGREPORT "bug-zebra@gnu.org"
#define PACKAGE_NAME "quagga"
#define PACKAGE_STRING "quagga 0.96.4"
#define PACKAGE_TARNAME "quagga"
#define PACKAGE_VERSION "0.96.4"
#define PATH_BGPD_PID "/var/run/bgpd.pid"
#define PATH_OSPF6D_PID "/var/run/ospf6d.pid"
#define PATH_OSPFD_PID "/var/run/ospfd.pid"
#define PATH_RIPD_PID "/var/run/ripd.pid"
#define PATH_RIPNGD_PID "/var/run/ripngd.pid"
#define PATH_ZEBRA_PID "/var/run/zebra.pid"
#define QUAGGA_GROUP "root"
#define QUAGGA_USER "root"
#define RETSIGTYPE void
#define RIPNG_VTYSH_PATH "/var/run/ripngd.vty"
#define RIP_VTYSH_PATH "/var/run/ripd.vty"
#define STDC_HEADERS 1
#define VERSION "0.96.4"
#define ZEBRA_SERV_PATH "/var/run/zserv.api"
#define ZEBRA_VTYSH_PATH "/var/run/zebra.vty"

configure: exit 0
