This file contains any messages produced by compilers while
running configure, to aid debugging if configure makes a mistake.

It was created by quagga configure 0.96.5, which was
generated by GNU Autoconf 2.57.  Invocation command line was

  $ ./configure --prefix=/usr --sysconfdir=/etc/zebra --localstatedir=/var/run --build=i686-pc-linux-gnu --host=mipsel-linux-elf --disable-guile --disable-ipv6 --enable-zebra --disable-ripngd --enable-ripd --disable-ospfd --disable-ospf6d --disable-bgpd --disable-bgp-announce --disable-netlink --enable-user=root --enable-group=root

## --------- ##
## Platform. ##
## --------- ##

hostname = itgserver200
uname -m = i686
uname -r = 2.4.25-1-686
uname -s = Linux
uname -v = #1 Tue Feb 24 10:55:59 EST 2004

/usr/bin/uname -p = unknown
/bin/uname -X     = unknown

/bin/arch              = i686
/usr/bin/arch -k       = unknown
/usr/convex/getsysinfo = unknown
hostinfo               = unknown
/bin/machine           = unknown
/usr/bin/oslevel       = unknown
/bin/universe          = unknown

PATH: /home/vincent/work/usb-router-buildroot/build/staging_dir/usr/bin
PATH: /usr/local/sbin
PATH: /usr/local/bin
PATH: /usr/sbin
PATH: /usr/bin
PATH: /sbin
PATH: /bin
PATH: /usr/bin/X11
PATH: /home/vincent/bin


## ----------- ##
## Core tests. ##
## ----------- ##

configure:1359: checking for a BSD-compatible install
configure:1413: result: /usr/bin/install -c
configure:1424: checking whether build environment is sane
configure:1467: result: yes
configure:1500: checking for gawk
configure:1516: found /usr/bin/gawk
configure:1526: result: gawk
configure:1536: checking whether make sets $(MAKE)
configure:1556: result: yes
configure:1635: checking for mipsel-linux-elf-strip
configure:1664: result: no
configure:1673: checking for strip
configure:1689: found /home/vincent/work/usb-router-buildroot/build/staging_dir/usr/bin/strip
configure:1700: result: strip
configure:1737: checking build system type
configure:1755: result: i686-pc-linux-gnu
configure:1763: checking host system type
configure:1777: result: mipsel-linux-elf
configure:1806: checking for mipsel-linux-elf-gcc
configure:1835: result: no
configure:1844: checking for gcc
configure:1860: found /home/vincent/work/usb-router-buildroot/build/staging_dir/usr/bin/gcc
configure:1870: result: gcc
configure:2114: checking for C compiler version
configure:2117: gcc --version </dev/null >&5
3.0
configure:2120: $? = 0
configure:2122: gcc -v </dev/null >&5
Invoked as gcc
arg[ 0] = /opt/brcm/hndtools-mipsel-linux-3.0/bin/mipsel-linux-gcc
arg[ 1] = -v
Reading specs from /opt/brcm/hndtools-mipsel-linux-3.0/bin/../lib/gcc-lib/mipsel-linux/3.0/specs
Configured with: 
gcc version 3.0 20010422 (prerelease) with bcm4710a0 modifications
configure:2125: $? = 0
configure:2127: gcc -V </dev/null >&5
mipsel-linux-gcc: argument to `-V' is missing
configure:2130: $? = 1
configure:2154: checking for C compiler default output
configure:2157: gcc    conftest.c  >&5
configure:2160: $? = 0
configure:2206: result: a.out
configure:2211: checking whether the C compiler works
configure:2237: result: yes
configure:2244: checking whether we are cross compiling
configure:2246: result: yes
configure:2249: checking for suffix of executables
configure:2251: gcc -o conftest    conftest.c  >&5
configure:2254: $? = 0
configure:2279: result: 
configure:2285: checking for suffix of object files
configure:2307: gcc -c   conftest.c >&5
configure:2310: $? = 0
configure:2332: result: o
configure:2336: checking whether we are using the GNU C compiler
configure:2361: gcc -c   conftest.c >&5
configure:2364: $? = 0
configure:2367: test -s conftest.o
configure:2370: $? = 0
configure:2383: result: yes
configure:2389: checking whether gcc accepts -g
configure:2411: gcc -c -g  conftest.c >&5
configure:2414: $? = 0
configure:2417: test -s conftest.o
configure:2420: $? = 0
configure:2431: result: yes
configure:2448: checking for gcc option to accept ANSI C
configure:2509: gcc  -c -g -O2  conftest.c >&5
configure:2512: $? = 0
configure:2515: test -s conftest.o
configure:2518: $? = 0
configure:2536: result: none needed
configure:2554: gcc -c -g -O2  conftest.c >&5
conftest.c:2: parse error before "me"
configure:2557: $? = 1
configure: failed program was:
| #ifndef __cplusplus
|   choke me
| #endif
configure:2677: checking for style of include used by make
configure:2705: result: GNU
configure:2733: checking dependency style of gcc
configure:2816: result: gcc3
configure:2843: checking how to run the C preprocessor
configure:2879: gcc -E  conftest.c
configure:2885: $? = 0
configure:2917: gcc -E  conftest.c
configure:2918:28: ac_nonexistent.h: No such file or directory
configure:2923: $? = 1
configure: failed program was:
| #line 2908 "configure"
| /* confdefs.h.  */
| 
| #define PACKAGE_NAME "quagga"
| #define PACKAGE_TARNAME "quagga"
| #define PACKAGE_VERSION "0.96.5"
| #define PACKAGE_STRING "quagga 0.96.5"
| #define PACKAGE_BUGREPORT "http://bugzilla.quagga.net"
| #define PACKAGE "quagga"
| #define VERSION "0.96.5"
| /* end confdefs.h.  */
| #include <ac_nonexistent.h>
configure:2961: result: gcc -E
configure:2986: gcc -E  conftest.c
configure:2992: $? = 0
configure:3024: gcc -E  conftest.c
configure:3025:28: ac_nonexistent.h: No such file or directory
configure:3030: $? = 1
configure: failed program was:
| #line 3015 "configure"
| /* confdefs.h.  */
| 
| #define PACKAGE_NAME "quagga"
| #define PACKAGE_TARNAME "quagga"
| #define PACKAGE_VERSION "0.96.5"
| #define PACKAGE_STRING "quagga 0.96.5"
| #define PACKAGE_BUGREPORT "http://bugzilla.quagga.net"
| #define PACKAGE "quagga"
| #define VERSION "0.96.5"
| /* end confdefs.h.  */
| #include <ac_nonexistent.h>
configure:3084: checking for a BSD-compatible install
configure:3138: result: /usr/bin/install -c
configure:3149: checking whether make sets $(MAKE)
configure:3169: result: yes
configure:3181: checking for mipsel-linux-elf-ar
configure:3210: result: no
configure:3219: checking for ar
configure:3235: found /home/vincent/work/usb-router-buildroot/build/staging_dir/usr/bin/ar
configure:3245: result: ar
configure:3260: checking for mipsel-linux-elf-ranlib
configure:3289: result: no
configure:3298: checking for ranlib
configure:3314: found /home/vincent/work/usb-router-buildroot/build/staging_dir/usr/bin/ranlib
configure:3325: result: ranlib
configure:3340: checking for egrep
configure:3350: result: grep -E
configure:3356: checking for AIX
configure:3379: result: no
configure:3580: checking if zebra should be configurable to send Route Advertisements
configure:3583: result: yes
configure:3663: checking for ANSI C header files
configure:3689: gcc -c -g -O2 -Wall  conftest.c >&5
configure:3692: $? = 0
configure:3695: test -s conftest.o
configure:3698: $? = 0
configure:3810: result: yes
configure:3834: checking for sys/types.h
configure:3851: gcc -c -g -O2 -Wall  conftest.c >&5
configure:3854: $? = 0
configure:3857: test -s conftest.o
configure:3860: $? = 0
configure:3871: result: yes
configure:3834: checking for sys/stat.h
configure:3851: gcc -c -g -O2 -Wall  conftest.c >&5
configure:3854: $? = 0
configure:3857: test -s conftest.o
configure:3860: $? = 0
configure:3871: result: yes
configure:3834: checking for stdlib.h
configure:3851: gcc -c -g -O2 -Wall  conftest.c >&5
configure:3854: $? = 0
configure:3857: test -s conftest.o
configure:3860: $? = 0
configure:3871: result: yes
configure:3834: checking for string.h
configure:3851: gcc -c -g -O2 -Wall  conftest.c >&5
configure:3854: $? = 0
configure:3857: test -s conftest.o
configure:3860: $? = 0
configure:3871: result: yes
configure:3834: checking for memory.h
configure:3851: gcc -c -g -O2 -Wall  conftest.c >&5
configure:3854: $? = 0
configure:3857: test -s conftest.o
configure:3860: $? = 0
configure:3871: result: yes
configure:3834: checking for strings.h
configure:3851: gcc -c -g -O2 -Wall  conftest.c >&5
configure:3854: $? = 0
configure:3857: test -s conftest.o
configure:3860: $? = 0
configure:3871: result: yes
configure:3834: checking for inttypes.h
configure:3851: gcc -c -g -O2 -Wall  conftest.c >&5
configure:3854: $? = 0
configure:3857: test -s conftest.o
configure:3860: $? = 0
configure:3871: result: yes
configure:3834: checking for stdint.h
configure:3851: gcc -c -g -O2 -Wall  conftest.c >&5
configure:3854: $? = 0
configure:3857: test -s conftest.o
configure:3860: $? = 0
configure:3871: result: yes
configure:3834: checking for unistd.h
configure:3851: gcc -c -g -O2 -Wall  conftest.c >&5
configure:3854: $? = 0
configure:3857: test -s conftest.o
configure:3860: $? = 0
configure:3871: result: yes
configure:3906: checking for string.h
configure:3911: result: yes
configure:3915: checking stropts.h usability
configure:3928: gcc -c -g -O2 -Wall  conftest.c >&5
configure:3931: $? = 0
configure:3934: test -s conftest.o
configure:3937: $? = 0
configure:3947: result: yes
configure:3951: checking stropts.h presence
configure:3962: gcc -E  conftest.c
configure:3968: $? = 0
configure:3987: result: yes
configure:4023: checking for stropts.h
configure:4030: result: yes
configure:3915: checking sys/conf.h usability
configure:3928: gcc -c -g -O2 -Wall  conftest.c >&5
configure:3978:22: sys/conf.h: No such file or directory
configure:3931: $? = 1
configure: failed program was:
| #line 3917 "configure"
| /* confdefs.h.  */
| 
| #define PACKAGE_NAME "quagga"
| #define PACKAGE_TARNAME "quagga"
| #define PACKAGE_VERSION "0.96.5"
| #define PACKAGE_STRING "quagga 0.96.5"
| #define PACKAGE_BUGREPORT "http://bugzilla.quagga.net"
| #define PACKAGE "quagga"
| #define VERSION "0.96.5"
| #define HAVE_RTADV
| #define QUAGGA_USER "root"
| #define QUAGGA_GROUP "root"
| #define CONFIGFILE_MASK 0600
| #define LOGFILE_MASK 0600
| #define STDC_HEADERS 1
| #define HAVE_SYS_TYPES_H 1
| #define HAVE_SYS_STAT_H 1
| #define HAVE_STDLIB_H 1
| #define HAVE_STRING_H 1
| #define HAVE_MEMORY_H 1
| #define HAVE_STRINGS_H 1
| #define HAVE_INTTYPES_H 1
| #define HAVE_STDINT_H 1
| #define HAVE_UNISTD_H 1
| #define HAVE_STRING_H 1
| #define HAVE_STROPTS_H 1
| /* end confdefs.h.  */
| #include <stdio.h>
| #if HAVE_SYS_TYPES_H
| # include <sys/types.h>
| #endif
| #if HAVE_SYS_STAT_H
| # include <sys/stat.h>
| #endif
| #if STDC_HEADERS
| # include <stdlib.h>
| # include <stddef.h>
| #else
| # if HAVE_STDLIB_H
| #  include <stdlib.h>
| # endif
| #endif
| #if HAVE_STRING_H
| # if !STDC_HEADERS && HAVE_MEMORY_H
| #  include <memory.h>
| # endif
| # include <string.h>
| #endif
| #if HAVE_STRINGS_H
| # include <strings.h>
| #endif
| #if HAVE_INTTYPES_H
| # include <inttypes.h>
| #else
| # if HAVE_STDINT_H
| #  include <stdint.h>
| # endif
| #endif
| #if HAVE_UNISTD_H
| # include <unistd.h>
| #endif
| #include <sys/conf.h>
configure:3947: result: no
configure:3951: checking sys/conf.h presence
configure:3962: gcc -E  conftest.c
configure:3980:22: sys/conf.h: No such file or directory
configure:3968: $? = 1
configure: failed program was:
| #line 3953 "configure"
| /* confdefs.h.  */
| 
| #define PACKAGE_NAME "quagga"
| #define PACKAGE_TARNAME "quagga"
| #define PACKAGE_VERSION "0.96.5"
| #define PACKAGE_STRING "quagga 0.96.5"
| #define PACKAGE_BUGREPORT "http://bugzilla.quagga.net"
| #define PACKAGE "quagga"
| #define VERSION "0.96.5"
| #define HAVE_RTADV
| #define QUAGGA_USER "root"
| #define QUAGGA_GROUP "root"
| #define CONFIGFILE_MASK 0600
| #define LOGFILE_MASK 0600
| #define STDC_HEADERS 1
| #define HAVE_SYS_TYPES_H 1
| #define HAVE_SYS_STAT_H 1
| #define HAVE_STDLIB_H 1
| #define HAVE_STRING_H 1
| #define HAVE_MEMORY_H 1
| #define HAVE_STRINGS_H 1
| #define HAVE_INTTYPES_H 1
| #define HAVE_STDINT_H 1
| #define HAVE_UNISTD_H 1
| #define HAVE_STRING_H 1
| #define HAVE_STROPTS_H 1
| /* end confdefs.h.  */
| #include <sys/conf.h>
configure:3987: result: no
configure:4023: checking for sys/conf.h
configure:4030: result: no
configure:3915: checking sys/ksym.h usability
configure:3928: gcc -c -g -O2 -Wall  conftest.c >&5
configure:3978:22: sys/ksym.h: No such file or directory
configure:3931: $? = 1
configure: failed program was:
| #line 3917 "configure"
| /* confdefs.h.  */
| 
| #define PACKAGE_NAME "quagga"
| #define PACKAGE_TARNAME "quagga"
| #define PACKAGE_VERSION "0.96.5"
| #define PACKAGE_STRING "quagga 0.96.5"
| #define PACKAGE_BUGREPORT "http://bugzilla.quagga.net"
| #define PACKAGE "quagga"
| #define VERSION "0.96.5"
| #define HAVE_RTADV
| #define QUAGGA_USER "root"
| #define QUAGGA_GROUP "root"
| #define CONFIGFILE_MASK 0600
| #define LOGFILE_MASK 0600
| #define STDC_HEADERS 1
| #define HAVE_SYS_TYPES_H 1
| #define HAVE_SYS_STAT_H 1
| #define HAVE_STDLIB_H 1
| #define HAVE_STRING_H 1
| #define HAVE_MEMORY_H 1
| #define HAVE_STRINGS_H 1
| #define HAVE_INTTYPES_H 1
| #define HAVE_STDINT_H 1
| #define HAVE_UNISTD_H 1
| #define HAVE_STRING_H 1
| #define HAVE_STROPTS_H 1
| /* end confdefs.h.  */
| #include <stdio.h>
| #if HAVE_SYS_TYPES_H
| # include <sys/types.h>
| #endif
| #if HAVE_SYS_STAT_H
| # include <sys/stat.h>
| #endif
| #if STDC_HEADERS
| # include <stdlib.h>
| # include <stddef.h>
| #else
| # if HAVE_STDLIB_H
| #  include <stdlib.h>
| # endif
| #endif
| #if HAVE_STRING_H
| # if !STDC_HEADERS && HAVE_MEMORY_H
| #  include <memory.h>
| # endif
| # include <string.h>
| #endif
| #if HAVE_STRINGS_H
| # include <strings.h>
| #endif
| #if HAVE_INTTYPES_H
| # include <inttypes.h>
| #else
| # if HAVE_STDINT_H
| #  include <stdint.h>
| # endif
| #endif
| #if HAVE_UNISTD_H
| # include <unistd.h>
| #endif
| #include <sys/ksym.h>
configure:3947: result: no
configure:3951: checking sys/ksym.h presence
configure:3962: gcc -E  conftest.c
configure:3980:22: sys/ksym.h: No such file or directory
configure:3968: $? = 1
configure: failed program was:
| #line 3953 "configure"
| /* confdefs.h.  */
| 
| #define PACKAGE_NAME "quagga"
| #define PACKAGE_TARNAME "quagga"
| #define PACKAGE_VERSION "0.96.5"
| #define PACKAGE_STRING "quagga 0.96.5"
| #define PACKAGE_BUGREPORT "http://bugzilla.quagga.net"
| #define PACKAGE "quagga"
| #define VERSION "0.96.5"
| #define HAVE_RTADV
| #define QUAGGA_USER "root"
| #define QUAGGA_GROUP "root"
| #define CONFIGFILE_MASK 0600
| #define LOGFILE_MASK 0600
| #define STDC_HEADERS 1
| #define HAVE_SYS_TYPES_H 1
| #define HAVE_SYS_STAT_H 1
| #define HAVE_STDLIB_H 1
| #define HAVE_STRING_H 1
| #define HAVE_MEMORY_H 1
| #define HAVE_STRINGS_H 1
| #define HAVE_INTTYPES_H 1
| #define HAVE_STDINT_H 1
| #define HAVE_UNISTD_H 1
| #define HAVE_STRING_H 1
| #define HAVE_STROPTS_H 1
| /* end confdefs.h.  */
| #include <sys/ksym.h>
configure:3987: result: no
configure:4023: checking for sys/ksym.h
configure:4030: result: no
configure:3915: checking sys/time.h usability
configure:3928: gcc -c -g -O2 -Wall  conftest.c >&5
configure:3931: $? = 0
configure:3934: test -s conftest.o
configure:3937: $? = 0
configure:3947: result: yes
configure:3951: checking sys/time.h presence
configure:3962: gcc -E  conftest.c
configure:3968: $? = 0
configure:3987: result: yes
configure:4023: checking for sys/time.h
configure:4030: result: yes
configure:3915: checking sys/times.h usability
configure:3928: gcc -c -g -O2 -Wall  conftest.c >&5
configure:3931: $? = 0
configure:3934: test -s conftest.o
configure:3937: $? = 0
configure:3947: result: yes
configure:3951: checking sys/times.h presence
configure:3962: gcc -E  conftest.c
configure:3968: $? = 0
configure:3987: result: yes
configure:4023: checking for sys/times.h
configure:4030: result: yes
configure:3915: checking sys/select.h usability
configure:3928: gcc -c -g -O2 -Wall  conftest.c >&5
configure:3931: $? = 0
configure:3934: test -s conftest.o
configure:3937: $? = 0
configure:3947: result: yes
configure:3951: checking sys/select.h presence
configure:3962: gcc -E  conftest.c
configure:3968: $? = 0
configure:3987: result: yes
configure:4023: checking for sys/select.h
configure:4030: result: yes
configure:3915: checking sys/sysctl.h usability
configure:3928: gcc -c -g -O2 -Wall  conftest.c >&5
configure:3931: $? = 0
configure:3934: test -s conftest.o
configure:3937: $? = 0
configure:3947: result: yes
configure:3951: checking sys/sysctl.h presence
configure:3962: gcc -E  conftest.c
configure:3968: $? = 0
configure:3987: result: yes
configure:4023: checking for sys/sysctl.h
configure:4030: result: yes
configure:3915: checking sys/sockio.h usability
configure:3928: gcc -c -g -O2 -Wall  conftest.c >&5
configure:3982:24: sys/sockio.h: No such file or directory
configure:3931: $? = 1
configure: failed program was:
| #line 3917 "configure"
| /* confdefs.h.  */
| 
| #define PACKAGE_NAME "quagga"
| #define PACKAGE_TARNAME "quagga"
| #define PACKAGE_VERSION "0.96.5"
| #define PACKAGE_STRING "quagga 0.96.5"
| #define PACKAGE_BUGREPORT "http://bugzilla.quagga.net"
| #define PACKAGE "quagga"
| #define VERSION "0.96.5"
| #define HAVE_RTADV
| #define QUAGGA_USER "root"
| #define QUAGGA_GROUP "root"
| #define CONFIGFILE_MASK 0600
| #define LOGFILE_MASK 0600
| #define STDC_HEADERS 1
| #define HAVE_SYS_TYPES_H 1
| #define HAVE_SYS_STAT_H 1
| #define HAVE_STDLIB_H 1
| #define HAVE_STRING_H 1
| #define HAVE_MEMORY_H 1
| #define HAVE_STRINGS_H 1
| #define HAVE_INTTYPES_H 1
| #define HAVE_STDINT_H 1
| #define HAVE_UNISTD_H 1
| #define HAVE_STRING_H 1
| #define HAVE_STROPTS_H 1
| #define HAVE_SYS_TIME_H 1
| #define HAVE_SYS_TIMES_H 1
| #define HAVE_SYS_SELECT_H 1
| #define HAVE_SYS_SYSCTL_H 1
| /* end confdefs.h.  */
| #include <stdio.h>
| #if HAVE_SYS_TYPES_H
| # include <sys/types.h>
| #endif
| #if HAVE_SYS_STAT_H
| # include <sys/stat.h>
| #endif
| #if STDC_HEADERS
| # include <stdlib.h>
| # include <stddef.h>
| #else
| # if HAVE_STDLIB_H
| #  include <stdlib.h>
| # endif
| #endif
| #if HAVE_STRING_H
| # if !STDC_HEADERS && HAVE_MEMORY_H
| #  include <memory.h>
| # endif
| # include <string.h>
| #endif
| #if HAVE_STRINGS_H
| # include <strings.h>
| #endif
| #if HAVE_INTTYPES_H
| # include <inttypes.h>
| #else
| # if HAVE_STDINT_H
| #  include <stdint.h>
| # endif
| #endif
| #if HAVE_UNISTD_H
| # include <unistd.h>
| #endif
| #include <sys/sockio.h>
configure:3947: result: no
configure:3951: checking sys/sockio.h presence
configure:3962: gcc -E  conftest.c
configure:3984:24: sys/sockio.h: No such file or directory
configure:3968: $? = 1
configure: failed program was:
| #line 3953 "configure"
| /* confdefs.h.  */
| 
| #define PACKAGE_NAME "quagga"
| #define PACKAGE_TARNAME "quagga"
| #define PACKAGE_VERSION "0.96.5"
| #define PACKAGE_STRING "quagga 0.96.5"
| #define PACKAGE_BUGREPORT "http://bugzilla.quagga.net"
| #define PACKAGE "quagga"
| #define VERSION "0.96.5"
| #define HAVE_RTADV
| #define QUAGGA_USER "root"
| #define QUAGGA_GROUP "root"
| #define CONFIGFILE_MASK 0600
| #define LOGFILE_MASK 0600
| #define STDC_HEADERS 1
| #define HAVE_SYS_TYPES_H 1
| #define HAVE_SYS_STAT_H 1
| #define HAVE_STDLIB_H 1
| #define HAVE_STRING_H 1
| #define HAVE_MEMORY_H 1
| #define HAVE_STRINGS_H 1
| #define HAVE_INTTYPES_H 1
| #define HAVE_STDINT_H 1
| #define HAVE_UNISTD_H 1
| #define HAVE_STRING_H 1
| #define HAVE_STROPTS_H 1
| #define HAVE_SYS_TIME_H 1
| #define HAVE_SYS_TIMES_H 1
| #define HAVE_SYS_SELECT_H 1
| #define HAVE_SYS_SYSCTL_H 1
| /* end confdefs.h.  */
| #include <sys/sockio.h>
configure:3987: result: no
configure:4023: checking for sys/sockio.h
configure:4030: result: no
configure:3906: checking for sys/types.h
configure:3911: result: yes
configure:3915: checking linux/version.h usability
configure:3928: gcc -c -g -O2 -Wall  conftest.c >&5
configure:3931: $? = 0
configure:3934: test -s conftest.o
configure:3937: $? = 0
configure:3947: result: yes
configure:3951: checking linux/version.h presence
configure:3962: gcc -E  conftest.c
configure:3968: $? = 0
configure:3987: result: yes
configure:4023: checking for linux/version.h
configure:4030: result: yes
configure:3915: checking kvm.h usability
configure:3928: gcc -c -g -O2 -Wall  conftest.c >&5
configure:3984:17: kvm.h: No such file or directory
configure:3931: $? = 1
configure: failed program was:
| #line 3917 "configure"
| /* confdefs.h.  */
| 
| #define PACKAGE_NAME "quagga"
| #define PACKAGE_TARNAME "quagga"
| #define PACKAGE_VERSION "0.96.5"
| #define PACKAGE_STRING "quagga 0.96.5"
| #define PACKAGE_BUGREPORT "http://bugzilla.quagga.net"
| #define PACKAGE "quagga"
| #define VERSION "0.96.5"
| #define HAVE_RTADV
| #define QUAGGA_USER "root"
| #define QUAGGA_GROUP "root"
| #define CONFIGFILE_MASK 0600
| #define LOGFILE_MASK 0600
| #define STDC_HEADERS 1
| #define HAVE_SYS_TYPES_H 1
| #define HAVE_SYS_STAT_H 1
| #define HAVE_STDLIB_H 1
| #define HAVE_STRING_H 1
| #define HAVE_MEMORY_H 1
| #define HAVE_STRINGS_H 1
| #define HAVE_INTTYPES_H 1
| #define HAVE_STDINT_H 1
| #define HAVE_UNISTD_H 1
| #define HAVE_STRING_H 1
| #define HAVE_STROPTS_H 1
| #define HAVE_SYS_TIME_H 1
| #define HAVE_SYS_TIMES_H 1
| #define HAVE_SYS_SELECT_H 1
| #define HAVE_SYS_SYSCTL_H 1
| #define HAVE_SYS_TYPES_H 1
| #define HAVE_LINUX_VERSION_H 1
| /* end confdefs.h.  */
| #include <stdio.h>
| #if HAVE_SYS_TYPES_H
| # include <sys/types.h>
| #endif
| #if HAVE_SYS_STAT_H
| # include <sys/stat.h>
| #endif
| #if STDC_HEADERS
| # include <stdlib.h>
| # include <stddef.h>
| #else
| # if HAVE_STDLIB_H
| #  include <stdlib.h>
| # endif
| #endif
| #if HAVE_STRING_H
| # if !STDC_HEADERS && HAVE_MEMORY_H
| #  include <memory.h>
| # endif
| # include <string.h>
| #endif
| #if HAVE_STRINGS_H
| # include <strings.h>
| #endif
| #if HAVE_INTTYPES_H
| # include <inttypes.h>
| #else
| # if HAVE_STDINT_H
| #  include <stdint.h>
| # endif
| #endif
| #if HAVE_UNISTD_H
| # include <unistd.h>
| #endif
| #include <kvm.h>
configure:3947: result: no
configure:3951: checking kvm.h presence
configure:3962: gcc -E  conftest.c
configure:3986:17: kvm.h: No such file or directory
configure:3968: $? = 1
configure: failed program was:
| #line 3953 "configure"
| /* confdefs.h.  */
| 
| #define PACKAGE_NAME "quagga"
| #define PACKAGE_TARNAME "quagga"
| #define PACKAGE_VERSION "0.96.5"
| #define PACKAGE_STRING "quagga 0.96.5"
| #define PACKAGE_BUGREPORT "http://bugzilla.quagga.net"
| #define PACKAGE "quagga"
| #define VERSION "0.96.5"
| #define HAVE_RTADV
| #define QUAGGA_USER "root"
| #define QUAGGA_GROUP "root"
| #define CONFIGFILE_MASK 0600
| #define LOGFILE_MASK 0600
| #define STDC_HEADERS 1
| #define HAVE_SYS_TYPES_H 1
| #define HAVE_SYS_STAT_H 1
| #define HAVE_STDLIB_H 1
| #define HAVE_STRING_H 1
| #define HAVE_MEMORY_H 1
| #define HAVE_STRINGS_H 1
| #define HAVE_INTTYPES_H 1
| #define HAVE_STDINT_H 1
| #define HAVE_UNISTD_H 1
| #define HAVE_STRING_H 1
| #define HAVE_STROPTS_H 1
| #define HAVE_SYS_TIME_H 1
| #define HAVE_SYS_TIMES_H 1
| #define HAVE_SYS_SELECT_H 1
| #define HAVE_SYS_SYSCTL_H 1
| #define HAVE_SYS_TYPES_H 1
| #define HAVE_LINUX_VERSION_H 1
| /* end confdefs.h.  */
| #include <kvm.h>
configure:3987: result: no
configure:4023: checking for kvm.h
configure:4030: result: no
configure:3915: checking netdb.h usability
configure:3928: gcc -c -g -O2 -Wall  conftest.c >&5
configure:3931: $? = 0
configure:3934: test -s conftest.o
configure:3937: $? = 0
configure:3947: result: yes
configure:3951: checking netdb.h presence
configure:3962: gcc -E  conftest.c
configure:3968: $? = 0
configure:3987: result: yes
configure:4023: checking for netdb.h
configure:4030: result: yes
configure:3915: checking asm/types.h usability
configure:3928: gcc -c -g -O2 -Wall  conftest.c >&5
configure:3931: $? = 0
configure:3934: test -s conftest.o
configure:3937: $? = 0
configure:3947: result: yes
configure:3951: checking asm/types.h presence
configure:3962: gcc -E  conftest.c
configure:3968: $? = 0
configure:3987: result: yes
configure:4023: checking for asm/types.h
configure:4030: result: yes
configure:3915: checking libutil.h usability
configure:3928: gcc -c -g -O2 -Wall  conftest.c >&5
configure:3986:21: libutil.h: No such file or directory
configure:3931: $? = 1
configure: failed program was:
| #line 3917 "configure"
| /* confdefs.h.  */
| 
| #define PACKAGE_NAME "quagga"
| #define PACKAGE_TARNAME "quagga"
| #define PACKAGE_VERSION "0.96.5"
| #define PACKAGE_STRING "quagga 0.96.5"
| #define PACKAGE_BUGREPORT "http://bugzilla.quagga.net"
| #define PACKAGE "quagga"
| #define VERSION "0.96.5"
| #define HAVE_RTADV
| #define QUAGGA_USER "root"
| #define QUAGGA_GROUP "root"
| #define CONFIGFILE_MASK 0600
| #define LOGFILE_MASK 0600
| #define STDC_HEADERS 1
| #define HAVE_SYS_TYPES_H 1
| #define HAVE_SYS_STAT_H 1
| #define HAVE_STDLIB_H 1
| #define HAVE_STRING_H 1
| #define HAVE_MEMORY_H 1
| #define HAVE_STRINGS_H 1
| #define HAVE_INTTYPES_H 1
| #define HAVE_STDINT_H 1
| #define HAVE_UNISTD_H 1
| #define HAVE_STRING_H 1
| #define HAVE_STROPTS_H 1
| #define HAVE_SYS_TIME_H 1
| #define HAVE_SYS_TIMES_H 1
| #define HAVE_SYS_SELECT_H 1
| #define HAVE_SYS_SYSCTL_H 1
| #define HAVE_SYS_TYPES_H 1
| #define HAVE_LINUX_VERSION_H 1
| #define HAVE_NETDB_H 1
| #define HAVE_ASM_TYPES_H 1
| /* end confdefs.h.  */
| #include <stdio.h>
| #if HAVE_SYS_TYPES_H
| # include <sys/types.h>
| #endif
| #if HAVE_SYS_STAT_H
| # include <sys/stat.h>
| #endif
| #if STDC_HEADERS
| # include <stdlib.h>
| # include <stddef.h>
| #else
| # if HAVE_STDLIB_H
| #  include <stdlib.h>
| # endif
| #endif
| #if HAVE_STRING_H
| # if !STDC_HEADERS && HAVE_MEMORY_H
| #  include <memory.h>
| # endif
| # include <string.h>
| #endif
| #if HAVE_STRINGS_H
| # include <strings.h>
| #endif
| #if HAVE_INTTYPES_H
| # include <inttypes.h>
| #else
| # if HAVE_STDINT_H
| #  include <stdint.h>
| # endif
| #endif
| #if HAVE_UNISTD_H
| # include <unistd.h>
| #endif
| #include <libutil.h>
configure:3947: result: no
configure:3951: checking libutil.h presence
configure:3962: gcc -E  conftest.c
configure:3988:21: libutil.h: No such file or directory
configure:3968: $? = 1
configure: failed program was:
| #line 3953 "configure"
| /* confdefs.h.  */
| 
| #define PACKAGE_NAME "quagga"
| #define PACKAGE_TARNAME "quagga"
| #define PACKAGE_VERSION "0.96.5"
| #define PACKAGE_STRING "quagga 0.96.5"
| #define PACKAGE_BUGREPORT "http://bugzilla.quagga.net"
| #define PACKAGE "quagga"
| #define VERSION "0.96.5"
| #define HAVE_RTADV
| #define QUAGGA_USER "root"
| #define QUAGGA_GROUP "root"
| #define CONFIGFILE_MASK 0600
| #define LOGFILE_MASK 0600
| #define STDC_HEADERS 1
| #define HAVE_SYS_TYPES_H 1
| #define HAVE_SYS_STAT_H 1
| #define HAVE_STDLIB_H 1
| #define HAVE_STRING_H 1
| #define HAVE_MEMORY_H 1
| #define HAVE_STRINGS_H 1
| #define HAVE_INTTYPES_H 1
| #define HAVE_STDINT_H 1
| #define HAVE_UNISTD_H 1
| #define HAVE_STRING_H 1
| #define HAVE_STROPTS_H 1
| #define HAVE_SYS_TIME_H 1
| #define HAVE_SYS_TIMES_H 1
| #define HAVE_SYS_SELECT_H 1
| #define HAVE_SYS_SYSCTL_H 1
| #define HAVE_SYS_TYPES_H 1
| #define HAVE_LINUX_VERSION_H 1
| #define HAVE_NETDB_H 1
| #define HAVE_ASM_TYPES_H 1
| /* end confdefs.h.  */
| #include <libutil.h>
configure:3987: result: no
configure:4023: checking for libutil.h
configure:4030: result: no
configure:3915: checking limits.h usability
configure:3928: gcc -c -g -O2 -Wall  conftest.c >&5
configure:3931: $? = 0
configure:3934: test -s conftest.o
configure:3937: $? = 0
configure:3947: result: yes
configure:3951: checking limits.h presence
configure:3962: gcc -E  conftest.c
configure:3968: $? = 0
configure:3987: result: yes
configure:4023: checking for limits.h
configure:4030: result: yes
configure:4069: checking sys/socket.h usability
configure:4082: gcc -c -g -O2 -Wall  conftest.c >&5
configure:4085: $? = 0
configure:4088: test -s conftest.o
configure:4091: $? = 0
configure:4101: result: yes
configure:4105: checking sys/socket.h presence
configure:4116: gcc -E  conftest.c
configure:4122: $? = 0
configure:4141: result: yes
configure:4177: checking for sys/socket.h
configure:4184: result: yes
configure:4069: checking netinet/in_systm.h usability
configure:4082: gcc -c -g -O2 -Wall  conftest.c >&5
configure:4085: $? = 0
configure:4088: test -s conftest.o
configure:4091: $? = 0
configure:4101: result: yes
configure:4105: checking netinet/in_systm.h presence
configure:4116: gcc -E  conftest.c
configure:4122: $? = 0
configure:4141: result: yes
configure:4177: checking for netinet/in_systm.h
configure:4184: result: yes
configure:4069: checking netinet/in.h usability
configure:4082: gcc -c -g -O2 -Wall  conftest.c >&5
configure:4085: $? = 0
configure:4088: test -s conftest.o
configure:4091: $? = 0
configure:4101: result: yes
configure:4105: checking netinet/in.h presence
configure:4116: gcc -E  conftest.c
configure:4122: $? = 0
configure:4141: result: yes
configure:4177: checking for netinet/in.h
configure:4184: result: yes
configure:4069: checking net/if_dl.h usability
configure:4082: gcc -c -g -O2 -Wall  conftest.c >&5
configure:4144:23: net/if_dl.h: No such file or directory
configure:4085: $? = 1
configure: failed program was:
| #line 4071 "configure"
| /* confdefs.h.  */
| 
| #define PACKAGE_NAME "quagga"
| #define PACKAGE_TARNAME "quagga"
| #define PACKAGE_VERSION "0.96.5"
| #define PACKAGE_STRING "quagga 0.96.5"
| #define PACKAGE_BUGREPORT "http://bugzilla.quagga.net"
| #define PACKAGE "quagga"
| #define VERSION "0.96.5"
| #define HAVE_RTADV
| #define QUAGGA_USER "root"
| #define QUAGGA_GROUP "root"
| #define CONFIGFILE_MASK 0600
| #define LOGFILE_MASK 0600
| #define STDC_HEADERS 1
| #define HAVE_SYS_TYPES_H 1
| #define HAVE_SYS_STAT_H 1
| #define HAVE_STDLIB_H 1
| #define HAVE_STRING_H 1
| #define HAVE_MEMORY_H 1
| #define HAVE_STRINGS_H 1
| #define HAVE_INTTYPES_H 1
| #define HAVE_STDINT_H 1
| #define HAVE_UNISTD_H 1
| #define HAVE_STRING_H 1
| #define HAVE_STROPTS_H 1
| #define HAVE_SYS_TIME_H 1
| #define HAVE_SYS_TIMES_H 1
| #define HAVE_SYS_SELECT_H 1
| #define HAVE_SYS_SYSCTL_H 1
| #define HAVE_SYS_TYPES_H 1
| #define HAVE_LINUX_VERSION_H 1
| #define HAVE_NETDB_H 1
| #define HAVE_ASM_TYPES_H 1
| #define HAVE_LIMITS_H 1
| #define HAVE_SYS_SOCKET_H 1
| #define HAVE_NETINET_IN_SYSTM_H 1
| #define HAVE_NETINET_IN_H 1
| /* end confdefs.h.  */
| #include <stdio.h>
| #if HAVE_SYS_TYPES_H
| # include <sys/types.h>
| #endif
| #if HAVE_SYS_STAT_H
| # include <sys/stat.h>
| #endif
| #if STDC_HEADERS
| # include <stdlib.h>
| # include <stddef.h>
| #else
| # if HAVE_STDLIB_H
| #  include <stdlib.h>
| # endif
| #endif
| #if HAVE_STRING_H
| # if !STDC_HEADERS && HAVE_MEMORY_H
| #  include <memory.h>
| # endif
| # include <string.h>
| #endif
| #if HAVE_STRINGS_H
| # include <strings.h>
| #endif
| #if HAVE_INTTYPES_H
| # include <inttypes.h>
| #else
| # if HAVE_STDINT_H
| #  include <stdint.h>
| # endif
| #endif
| #if HAVE_UNISTD_H
| # include <unistd.h>
| #endif
| #include <net/if_dl.h>
configure:4101: result: no
configure:4105: checking net/if_dl.h presence
configure:4116: gcc -E  conftest.c
configure:4146:23: net/if_dl.h: No such file or directory
configure:4122: $? = 1
configure: failed program was:
| #line 4107 "configure"
| /* confdefs.h.  */
| 
| #define PACKAGE_NAME "quagga"
| #define PACKAGE_TARNAME "quagga"
| #define PACKAGE_VERSION "0.96.5"
| #define PACKAGE_STRING "quagga 0.96.5"
| #define PACKAGE_BUGREPORT "http://bugzilla.quagga.net"
| #define PACKAGE "quagga"
| #define VERSION "0.96.5"
| #define HAVE_RTADV
| #define QUAGGA_USER "root"
| #define QUAGGA_GROUP "root"
| #define CONFIGFILE_MASK 0600
| #define LOGFILE_MASK 0600
| #define STDC_HEADERS 1
| #define HAVE_SYS_TYPES_H 1
| #define HAVE_SYS_STAT_H 1
| #define HAVE_STDLIB_H 1
| #define HAVE_STRING_H 1
| #define HAVE_MEMORY_H 1
| #define HAVE_STRINGS_H 1
| #define HAVE_INTTYPES_H 1
| #define HAVE_STDINT_H 1
| #define HAVE_UNISTD_H 1
| #define HAVE_STRING_H 1
| #define HAVE_STROPTS_H 1
| #define HAVE_SYS_TIME_H 1
| #define HAVE_SYS_TIMES_H 1
| #define HAVE_SYS_SELECT_H 1
| #define HAVE_SYS_SYSCTL_H 1
| #define HAVE_SYS_TYPES_H 1
| #define HAVE_LINUX_VERSION_H 1
| #define HAVE_NETDB_H 1
| #define HAVE_ASM_TYPES_H 1
| #define HAVE_LIMITS_H 1
| #define HAVE_SYS_SOCKET_H 1
| #define HAVE_NETINET_IN_SYSTM_H 1
| #define HAVE_NETINET_IN_H 1
| /* end confdefs.h.  */
| #include <net/if_dl.h>
configure:4141: result: no
configure:4177: checking for net/if_dl.h
configure:4184: result: no
configure:4069: checking net/netopt.h usability
configure:4082: gcc -c -g -O2 -Wall  conftest.c >&5
configure:4144:24: net/netopt.h: No such file or directory
configure:4085: $? = 1
configure: failed program was:
| #line 4071 "configure"
| /* confdefs.h.  */
| 
| #define PACKAGE_NAME "quagga"
| #define PACKAGE_TARNAME "quagga"
| #define PACKAGE_VERSION "0.96.5"
| #define PACKAGE_STRING "quagga 0.96.5"
| #define PACKAGE_BUGREPORT "http://bugzilla.quagga.net"
| #define PACKAGE "quagga"
| #define VERSION "0.96.5"
| #define HAVE_RTADV
| #define QUAGGA_USER "root"
| #define QUAGGA_GROUP "root"
| #define CONFIGFILE_MASK 0600
| #define LOGFILE_MASK 0600
| #define STDC_HEADERS 1
| #define HAVE_SYS_TYPES_H 1
| #define HAVE_SYS_STAT_H 1
| #define HAVE_STDLIB_H 1
| #define HAVE_STRING_H 1
| #define HAVE_MEMORY_H 1
| #define HAVE_STRINGS_H 1
| #define HAVE_INTTYPES_H 1
| #define HAVE_STDINT_H 1
| #define HAVE_UNISTD_H 1
| #define HAVE_STRING_H 1
| #define HAVE_STROPTS_H 1
| #define HAVE_SYS_TIME_H 1
| #define HAVE_SYS_TIMES_H 1
| #define HAVE_SYS_SELECT_H 1
| #define HAVE_SYS_SYSCTL_H 1
| #define HAVE_SYS_TYPES_H 1
| #define HAVE_LINUX_VERSION_H 1
| #define HAVE_NETDB_H 1
| #define HAVE_ASM_TYPES_H 1
| #define HAVE_LIMITS_H 1
| #define HAVE_SYS_SOCKET_H 1
| #define HAVE_NETINET_IN_SYSTM_H 1
| #define HAVE_NETINET_IN_H 1
| /* end confdefs.h.  */
| #include <stdio.h>
| #if HAVE_SYS_TYPES_H
| # include <sys/types.h>
| #endif
| #if HAVE_SYS_STAT_H
| # include <sys/stat.h>
| #endif
| #if STDC_HEADERS
| # include <stdlib.h>
| # include <stddef.h>
| #else
| # if HAVE_STDLIB_H
| #  include <stdlib.h>
| # endif
| #endif
| #if HAVE_STRING_H
| # if !STDC_HEADERS && HAVE_MEMORY_H
| #  include <memory.h>
| # endif
| # include <string.h>
| #endif
| #if HAVE_STRINGS_H
| # include <strings.h>
| #endif
| #if HAVE_INTTYPES_H
| # include <inttypes.h>
| #else
| # if HAVE_STDINT_H
| #  include <stdint.h>
| # endif
| #endif
| #if HAVE_UNISTD_H
| # include <unistd.h>
| #endif
| #include <net/netopt.h>
configure:4101: result: no
configure:4105: checking net/netopt.h presence
configure:4116: gcc -E  conftest.c
configure:4146:24: net/netopt.h: No such file or directory
configure:4122: $? = 1
configure: failed program was:
| #line 4107 "configure"
| /* confdefs.h.  */
| 
| #define PACKAGE_NAME "quagga"
| #define PACKAGE_TARNAME "quagga"
| #define PACKAGE_VERSION "0.96.5"
| #define PACKAGE_STRING "quagga 0.96.5"
| #define PACKAGE_BUGREPORT "http://bugzilla.quagga.net"
| #define PACKAGE "quagga"
| #define VERSION "0.96.5"
| #define HAVE_RTADV
| #define QUAGGA_USER "root"
| #define QUAGGA_GROUP "root"
| #define CONFIGFILE_MASK 0600
| #define LOGFILE_MASK 0600
| #define STDC_HEADERS 1
| #define HAVE_SYS_TYPES_H 1
| #define HAVE_SYS_STAT_H 1
| #define HAVE_STDLIB_H 1
| #define HAVE_STRING_H 1
| #define HAVE_MEMORY_H 1
| #define HAVE_STRINGS_H 1
| #define HAVE_INTTYPES_H 1
| #define HAVE_STDINT_H 1
| #define HAVE_UNISTD_H 1
| #define HAVE_STRING_H 1
| #define HAVE_STROPTS_H 1
| #define HAVE_SYS_TIME_H 1
| #define HAVE_SYS_TIMES_H 1
| #define HAVE_SYS_SELECT_H 1
| #define HAVE_SYS_SYSCTL_H 1
| #define HAVE_SYS_TYPES_H 1
| #define HAVE_LINUX_VERSION_H 1
| #define HAVE_NETDB_H 1
| #define HAVE_ASM_TYPES_H 1
| #define HAVE_LIMITS_H 1
| #define HAVE_SYS_SOCKET_H 1
| #define HAVE_NETINET_IN_SYSTM_H 1
| #define HAVE_NETINET_IN_H 1
| /* end confdefs.h.  */
| #include <net/netopt.h>
configure:4141: result: no
configure:4177: checking for net/netopt.h
configure:4184: result: no
configure:4069: checking inet/nd.h usability
configure:4082: gcc -c -g -O2 -Wall  conftest.c >&5
configure:4144:21: inet/nd.h: No such file or directory
configure:4085: $? = 1
configure: failed program was:
| #line 4071 "configure"
| /* confdefs.h.  */
| 
| #define PACKAGE_NAME "quagga"
| #define PACKAGE_TARNAME "quagga"
| #define PACKAGE_VERSION "0.96.5"
| #define PACKAGE_STRING "quagga 0.96.5"
| #define PACKAGE_BUGREPORT "http://bugzilla.quagga.net"
| #define PACKAGE "quagga"
| #define VERSION "0.96.5"
| #define HAVE_RTADV
| #define QUAGGA_USER "root"
| #define QUAGGA_GROUP "root"
| #define CONFIGFILE_MASK 0600
| #define LOGFILE_MASK 0600
| #define STDC_HEADERS 1
| #define HAVE_SYS_TYPES_H 1
| #define HAVE_SYS_STAT_H 1
| #define HAVE_STDLIB_H 1
| #define HAVE_STRING_H 1
| #define HAVE_MEMORY_H 1
| #define HAVE_STRINGS_H 1
| #define HAVE_INTTYPES_H 1
| #define HAVE_STDINT_H 1
| #define HAVE_UNISTD_H 1
| #define HAVE_STRING_H 1
| #define HAVE_STROPTS_H 1
| #define HAVE_SYS_TIME_H 1
| #define HAVE_SYS_TIMES_H 1
| #define HAVE_SYS_SELECT_H 1
| #define HAVE_SYS_SYSCTL_H 1
| #define HAVE_SYS_TYPES_H 1
| #define HAVE_LINUX_VERSION_H 1
| #define HAVE_NETDB_H 1
| #define HAVE_ASM_TYPES_H 1
| #define HAVE_LIMITS_H 1
| #define HAVE_SYS_SOCKET_H 1
| #define HAVE_NETINET_IN_SYSTM_H 1
| #define HAVE_NETINET_IN_H 1
| /* end confdefs.h.  */
| #include <stdio.h>
| #if HAVE_SYS_TYPES_H
| # include <sys/types.h>
| #endif
| #if HAVE_SYS_STAT_H
| # include <sys/stat.h>
| #endif
| #if STDC_HEADERS
| # include <stdlib.h>
| # include <stddef.h>
| #else
| # if HAVE_STDLIB_H
| #  include <stdlib.h>
| # endif
| #endif
| #if HAVE_STRING_H
| # if !STDC_HEADERS && HAVE_MEMORY_H
| #  include <memory.h>
| # endif
| # include <string.h>
| #endif
| #if HAVE_STRINGS_H
| # include <strings.h>
| #endif
| #if HAVE_INTTYPES_H
| # include <inttypes.h>
| #else
| # if HAVE_STDINT_H
| #  include <stdint.h>
| # endif
| #endif
| #if HAVE_UNISTD_H
| # include <unistd.h>
| #endif
| #include <inet/nd.h>
configure:4101: result: no
configure:4105: checking inet/nd.h presence
configure:4116: gcc -E  conftest.c
configure:4146:21: inet/nd.h: No such file or directory
configure:4122: $? = 1
configure: failed program was:
| #line 4107 "configure"
| /* confdefs.h.  */
| 
| #define PACKAGE_NAME "quagga"
| #define PACKAGE_TARNAME "quagga"
| #define PACKAGE_VERSION "0.96.5"
| #define PACKAGE_STRING "quagga 0.96.5"
| #define PACKAGE_BUGREPORT "http://bugzilla.quagga.net"
| #define PACKAGE "quagga"
| #define VERSION "0.96.5"
| #define HAVE_RTADV
| #define QUAGGA_USER "root"
| #define QUAGGA_GROUP "root"
| #define CONFIGFILE_MASK 0600
| #define LOGFILE_MASK 0600
| #define STDC_HEADERS 1
| #define HAVE_SYS_TYPES_H 1
| #define HAVE_SYS_STAT_H 1
| #define HAVE_STDLIB_H 1
| #define HAVE_STRING_H 1
| #define HAVE_MEMORY_H 1
| #define HAVE_STRINGS_H 1
| #define HAVE_INTTYPES_H 1
| #define HAVE_STDINT_H 1
| #define HAVE_UNISTD_H 1
| #define HAVE_STRING_H 1
| #define HAVE_STROPTS_H 1
| #define HAVE_SYS_TIME_H 1
| #define HAVE_SYS_TIMES_H 1
| #define HAVE_SYS_SELECT_H 1
| #define HAVE_SYS_SYSCTL_H 1
| #define HAVE_SYS_TYPES_H 1
| #define HAVE_LINUX_VERSION_H 1
| #define HAVE_NETDB_H 1
| #define HAVE_ASM_TYPES_H 1
| #define HAVE_LIMITS_H 1
| #define HAVE_SYS_SOCKET_H 1
| #define HAVE_NETINET_IN_SYSTM_H 1
| #define HAVE_NETINET_IN_H 1
| /* end confdefs.h.  */
| #include <inet/nd.h>
configure:4141: result: no
configure:4177: checking for inet/nd.h
configure:4184: result: no
configure:4069: checking net/route.h usability
configure:4082: gcc -c -g -O2 -Wall  conftest.c >&5
configure:4085: $? = 0
configure:4088: test -s conftest.o
configure:4091: $? = 0
configure:4101: result: yes
configure:4105: checking net/route.h presence
configure:4116: gcc -E  conftest.c
configure:4122: $? = 0
configure:4141: result: yes
configure:4177: checking for net/route.h
configure:4184: result: yes
configure:4069: checking net/if.h usability
configure:4082: gcc -c -g -O2 -Wall  conftest.c >&5
configure:4085: $? = 0
configure:4088: test -s conftest.o
configure:4091: $? = 0
configure:4101: result: yes
configure:4105: checking net/if.h presence
configure:4116: gcc -E  conftest.c
configure:4122: $? = 0
configure:4141: result: yes
configure:4177: checking for net/if.h
configure:4184: result: yes
configure:4069: checking net/if_var.h usability
configure:4082: gcc -c -g -O2 -Wall  conftest.c >&5
configure:4146:24: net/if_var.h: No such file or directory
configure:4085: $? = 1
configure: failed program was:
| #line 4071 "configure"
| /* confdefs.h.  */
| 
| #define PACKAGE_NAME "quagga"
| #define PACKAGE_TARNAME "quagga"
| #define PACKAGE_VERSION "0.96.5"
| #define PACKAGE_STRING "quagga 0.96.5"
| #define PACKAGE_BUGREPORT "http://bugzilla.quagga.net"
| #define PACKAGE "quagga"
| #define VERSION "0.96.5"
| #define HAVE_RTADV
| #define QUAGGA_USER "root"
| #define QUAGGA_GROUP "root"
| #define CONFIGFILE_MASK 0600
| #define LOGFILE_MASK 0600
| #define STDC_HEADERS 1
| #define HAVE_SYS_TYPES_H 1
| #define HAVE_SYS_STAT_H 1
| #define HAVE_STDLIB_H 1
| #define HAVE_STRING_H 1
| #define HAVE_MEMORY_H 1
| #define HAVE_STRINGS_H 1
| #define HAVE_INTTYPES_H 1
| #define HAVE_STDINT_H 1
| #define HAVE_UNISTD_H 1
| #define HAVE_STRING_H 1
| #define HAVE_STROPTS_H 1
| #define HAVE_SYS_TIME_H 1
| #define HAVE_SYS_TIMES_H 1
| #define HAVE_SYS_SELECT_H 1
| #define HAVE_SYS_SYSCTL_H 1
| #define HAVE_SYS_TYPES_H 1
| #define HAVE_LINUX_VERSION_H 1
| #define HAVE_NETDB_H 1
| #define HAVE_ASM_TYPES_H 1
| #define HAVE_LIMITS_H 1
| #define HAVE_SYS_SOCKET_H 1
| #define HAVE_NETINET_IN_SYSTM_H 1
| #define HAVE_NETINET_IN_H 1
| #define HAVE_NET_ROUTE_H 1
| #define HAVE_NET_IF_H 1
| /* end confdefs.h.  */
| #include <stdio.h>
| #if HAVE_SYS_TYPES_H
| # include <sys/types.h>
| #endif
| #if HAVE_SYS_STAT_H
| # include <sys/stat.h>
| #endif
| #if STDC_HEADERS
| # include <stdlib.h>
| # include <stddef.h>
| #else
| # if HAVE_STDLIB_H
| #  include <stdlib.h>
| # endif
| #endif
| #if HAVE_STRING_H
| # if !STDC_HEADERS && HAVE_MEMORY_H
| #  include <memory.h>
| # endif
| # include <string.h>
| #endif
| #if HAVE_STRINGS_H
| # include <strings.h>
| #endif
| #if HAVE_INTTYPES_H
| # include <inttypes.h>
| #else
| # if HAVE_STDINT_H
| #  include <stdint.h>
| # endif
| #endif
| #if HAVE_UNISTD_H
| # include <unistd.h>
| #endif
| #include <net/if_var.h>
configure:4101: result: no
configure:4105: checking net/if_var.h presence
configure:4116: gcc -E  conftest.c
configure:4148:24: net/if_var.h: No such file or directory
configure:4122: $? = 1
configure: failed program was:
| #line 4107 "configure"
| /* confdefs.h.  */
| 
| #define PACKAGE_NAME "quagga"
| #define PACKAGE_TARNAME "quagga"
| #define PACKAGE_VERSION "0.96.5"
| #define PACKAGE_STRING "quagga 0.96.5"
| #define PACKAGE_BUGREPORT "http://bugzilla.quagga.net"
| #define PACKAGE "quagga"
| #define VERSION "0.96.5"
| #define HAVE_RTADV
| #define QUAGGA_USER "root"
| #define QUAGGA_GROUP "root"
| #define CONFIGFILE_MASK 0600
| #define LOGFILE_MASK 0600
| #define STDC_HEADERS 1
| #define HAVE_SYS_TYPES_H 1
| #define HAVE_SYS_STAT_H 1
| #define HAVE_STDLIB_H 1
| #define HAVE_STRING_H 1
| #define HAVE_MEMORY_H 1
| #define HAVE_STRINGS_H 1
| #define HAVE_INTTYPES_H 1
| #define HAVE_STDINT_H 1
| #define HAVE_UNISTD_H 1
| #define HAVE_STRING_H 1
| #define HAVE_STROPTS_H 1
| #define HAVE_SYS_TIME_H 1
| #define HAVE_SYS_TIMES_H 1
| #define HAVE_SYS_SELECT_H 1
| #define HAVE_SYS_SYSCTL_H 1
| #define HAVE_SYS_TYPES_H 1
| #define HAVE_LINUX_VERSION_H 1
| #define HAVE_NETDB_H 1
| #define HAVE_ASM_TYPES_H 1
| #define HAVE_LIMITS_H 1
| #define HAVE_SYS_SOCKET_H 1
| #define HAVE_NETINET_IN_SYSTM_H 1
| #define HAVE_NETINET_IN_H 1
| #define HAVE_NET_ROUTE_H 1
| #define HAVE_NET_IF_H 1
| /* end confdefs.h.  */
| #include <net/if_var.h>
configure:4141: result: no
configure:4177: checking for net/if_var.h
configure:4184: result: no
configure:4069: checking netinet/in_var.h usability
configure:4082: gcc -c -g -O2 -Wall  conftest.c >&5
configure:4146:28: netinet/in_var.h: No such file or directory
configure:4085: $? = 1
configure: failed program was:
| #line 4071 "configure"
| /* confdefs.h.  */
| 
| #define PACKAGE_NAME "quagga"
| #define PACKAGE_TARNAME "quagga"
| #define PACKAGE_VERSION "0.96.5"
| #define PACKAGE_STRING "quagga 0.96.5"
| #define PACKAGE_BUGREPORT "http://bugzilla.quagga.net"
| #define PACKAGE "quagga"
| #define VERSION "0.96.5"
| #define HAVE_RTADV
| #define QUAGGA_USER "root"
| #define QUAGGA_GROUP "root"
| #define CONFIGFILE_MASK 0600
| #define LOGFILE_MASK 0600
| #define STDC_HEADERS 1
| #define HAVE_SYS_TYPES_H 1
| #define HAVE_SYS_STAT_H 1
| #define HAVE_STDLIB_H 1
| #define HAVE_STRING_H 1
| #define HAVE_MEMORY_H 1
| #define HAVE_STRINGS_H 1
| #define HAVE_INTTYPES_H 1
| #define HAVE_STDINT_H 1
| #define HAVE_UNISTD_H 1
| #define HAVE_STRING_H 1
| #define HAVE_STROPTS_H 1
| #define HAVE_SYS_TIME_H 1
| #define HAVE_SYS_TIMES_H 1
| #define HAVE_SYS_SELECT_H 1
| #define HAVE_SYS_SYSCTL_H 1
| #define HAVE_SYS_TYPES_H 1
| #define HAVE_LINUX_VERSION_H 1
| #define HAVE_NETDB_H 1
| #define HAVE_ASM_TYPES_H 1
| #define HAVE_LIMITS_H 1
| #define HAVE_SYS_SOCKET_H 1
| #define HAVE_NETINET_IN_SYSTM_H 1
| #define HAVE_NETINET_IN_H 1
| #define HAVE_NET_ROUTE_H 1
| #define HAVE_NET_IF_H 1
| /* end confdefs.h.  */
| #include <stdio.h>
| #if HAVE_SYS_TYPES_H
| # include <sys/types.h>
| #endif
| #if HAVE_SYS_STAT_H
| # include <sys/stat.h>
| #endif
| #if STDC_HEADERS
| # include <stdlib.h>
| # include <stddef.h>
| #else
| # if HAVE_STDLIB_H
| #  include <stdlib.h>
| # endif
| #endif
| #if HAVE_STRING_H
| # if !STDC_HEADERS && HAVE_MEMORY_H
| #  include <memory.h>
| # endif
| # include <string.h>
| #endif
| #if HAVE_STRINGS_H
| # include <strings.h>
| #endif
| #if HAVE_INTTYPES_H
| # include <inttypes.h>
| #else
| # if HAVE_STDINT_H
| #  include <stdint.h>
| # endif
| #endif
| #if HAVE_UNISTD_H
| # include <unistd.h>
| #endif
| #include <netinet/in_var.h>
configure:4101: result: no
configure:4105: checking netinet/in_var.h presence
configure:4116: gcc -E  conftest.c
configure:4148:28: netinet/in_var.h: No such file or directory
configure:4122: $? = 1
configure: failed program was:
| #line 4107 "configure"
| /* confdefs.h.  */
| 
| #define PACKAGE_NAME "quagga"
| #define PACKAGE_TARNAME "quagga"
| #define PACKAGE_VERSION "0.96.5"
| #define PACKAGE_STRING "quagga 0.96.5"
| #define PACKAGE_BUGREPORT "http://bugzilla.quagga.net"
| #define PACKAGE "quagga"
| #define VERSION "0.96.5"
| #define HAVE_RTADV
| #define QUAGGA_USER "root"
| #define QUAGGA_GROUP "root"
| #define CONFIGFILE_MASK 0600
| #define LOGFILE_MASK 0600
| #define STDC_HEADERS 1
| #define HAVE_SYS_TYPES_H 1
| #define HAVE_SYS_STAT_H 1
| #define HAVE_STDLIB_H 1
| #define HAVE_STRING_H 1
| #define HAVE_MEMORY_H 1
| #define HAVE_STRINGS_H 1
| #define HAVE_INTTYPES_H 1
| #define HAVE_STDINT_H 1
| #define HAVE_UNISTD_H 1
| #define HAVE_STRING_H 1
| #define HAVE_STROPTS_H 1
| #define HAVE_SYS_TIME_H 1
| #define HAVE_SYS_TIMES_H 1
| #define HAVE_SYS_SELECT_H 1
| #define HAVE_SYS_SYSCTL_H 1
| #define HAVE_SYS_TYPES_H 1
| #define HAVE_LINUX_VERSION_H 1
| #define HAVE_NETDB_H 1
| #define HAVE_ASM_TYPES_H 1
| #define HAVE_LIMITS_H 1
| #define HAVE_SYS_SOCKET_H 1
| #define HAVE_NETINET_IN_SYSTM_H 1
| #define HAVE_NETINET_IN_H 1
| #define HAVE_NET_ROUTE_H 1
| #define HAVE_NET_IF_H 1
| /* end confdefs.h.  */
| #include <netinet/in_var.h>
configure:4141: result: no
configure:4177: checking for netinet/in_var.h
configure:4184: result: no
configure:4199: checking for an ANSI C-conforming const
configure:4267: gcc -c -g -O2 -Wall  conftest.c >&5
configure: In function `main':
configure:4272: warning: unused variable `s'
configure:4292: warning: unused variable `foo'
configure:4253: warning: unused variable `x'
configure:4259: warning: unused variable `zero'
configure:4271: warning: `t' might be used uninitialized in this function
configure:4289: warning: `b' might be used uninitialized in this function
configure:4270: $? = 0
configure:4273: test -s conftest.o
configure:4276: $? = 0
configure:4287: result: yes
configure:4297: checking return type of signal handlers
configure:4329: gcc -c -g -O2 -Wall  conftest.c >&5
configure: In function `main':
configure:4357: warning: unused variable `i'
configure:4332: $? = 0
configure:4335: test -s conftest.o
configure:4338: $? = 0
configure:4349: result: void
configure:5752: checking whether byte ordering is bigendian
configure:5780: gcc -c -g -O2 -Wall  conftest.c >&5
configure:5783: $? = 0
configure:5786: test -s conftest.o
configure:5789: $? = 0
configure:5814: gcc -c -g -O2 -Wall  conftest.c >&5
configure: In function `main':
configure:5842: `not' undeclared (first use in this function)
configure:5842: (Each undeclared identifier is reported only once
configure:5842: for each function it appears in.)
configure:5842: parse error before "big"
configure:5817: $? = 1
configure: failed program was:
| #line 5792 "configure"
| /* confdefs.h.  */
| 
| #define PACKAGE_NAME "quagga"
| #define PACKAGE_TARNAME "quagga"
| #define PACKAGE_VERSION "0.96.5"
| #define PACKAGE_STRING "quagga 0.96.5"
| #define PACKAGE_BUGREPORT "http://bugzilla.quagga.net"
| #define PACKAGE "quagga"
| #define VERSION "0.96.5"
| #define HAVE_RTADV
| #define QUAGGA_USER "root"
| #define QUAGGA_GROUP "root"
| #define CONFIGFILE_MASK 0600
| #define LOGFILE_MASK 0600
| #define STDC_HEADERS 1
| #define HAVE_SYS_TYPES_H 1
| #define HAVE_SYS_STAT_H 1
| #define HAVE_STDLIB_H 1
| #define HAVE_STRING_H 1
| #define HAVE_MEMORY_H 1
| #define HAVE_STRINGS_H 1
| #define HAVE_INTTYPES_H 1
| #define HAVE_STDINT_H 1
| #define HAVE_UNISTD_H 1
| #define HAVE_STRING_H 1
| #define HAVE_STROPTS_H 1
| #define HAVE_SYS_TIME_H 1
| #define HAVE_SYS_TIMES_H 1
| #define HAVE_SYS_SELECT_H 1
| #define HAVE_SYS_SYSCTL_H 1
| #define HAVE_SYS_TYPES_H 1
| #define HAVE_LINUX_VERSION_H 1
| #define HAVE_NETDB_H 1
| #define HAVE_ASM_TYPES_H 1
| #define HAVE_LIMITS_H 1
| #define HAVE_SYS_SOCKET_H 1
| #define HAVE_NETINET_IN_SYSTM_H 1
| #define HAVE_NETINET_IN_H 1
| #define HAVE_NET_ROUTE_H 1
| #define HAVE_NET_IF_H 1
| #define RETSIGTYPE void
| #define GNU_LINUX
| /* end confdefs.h.  */
| #include <sys/types.h>
| #include <sys/param.h>
| 
| int
| main ()
| {
| #if BYTE_ORDER != BIG_ENDIAN
|  not big endian
| #endif
| 
|   ;
|   return 0;
| }
configure:5937: result: no
configure:5976: checking for memset
configure:6026: gcc -o conftest -g -O2 -Wall   conftest.c  >&5
configure:6040: warning: conflicting types for built-in function `memset'
configure:6029: $? = 0
configure:6032: test -s conftest
configure:6035: $? = 0
configure:6046: result: yes
configure:5976: checking for memcpy
configure:6026: gcc -o conftest -g -O2 -Wall   conftest.c  >&5
configure:6041: warning: conflicting types for built-in function `memcpy'
configure:6029: $? = 0
configure:6032: test -s conftest
configure:6035: $? = 0
configure:6046: result: yes
configure:5976: checking for strerror
configure:6026: gcc -o conftest -g -O2 -Wall   conftest.c  >&5
configure:6029: $? = 0
configure:6032: test -s conftest
configure:6035: $? = 0
configure:6046: result: yes
configure:5976: checking for inet_aton
configure:6026: gcc -o conftest -g -O2 -Wall   conftest.c  >&5
configure:6029: $? = 0
configure:6032: test -s conftest
configure:6035: $? = 0
configure:6046: result: yes
configure:5976: checking for daemon
configure:6026: gcc -o conftest -g -O2 -Wall   conftest.c  >&5
configure:6029: $? = 0
configure:6032: test -s conftest
configure:6035: $? = 0
configure:6046: result: yes
configure:5976: checking for snprintf
configure:6026: gcc -o conftest -g -O2 -Wall   conftest.c  >&5
configure:6029: $? = 0
configure:6032: test -s conftest
configure:6035: $? = 0
configure:6046: result: yes
configure:5976: checking for vsnprintf
configure:6026: gcc -o conftest -g -O2 -Wall   conftest.c  >&5
configure:6029: $? = 0
configure:6032: test -s conftest
configure:6035: $? = 0
configure:6046: result: yes
configure:5976: checking for strlcat
configure:6026: gcc -o conftest -g -O2 -Wall   conftest.c  >&5
configure:6029: $? = 0
configure:6032: test -s conftest
configure:6035: $? = 0
configure:6046: result: yes
configure:5976: checking for strlcpy
configure:6026: gcc -o conftest -g -O2 -Wall   conftest.c  >&5
configure:6029: $? = 0
configure:6032: test -s conftest
configure:6035: $? = 0
configure:6046: result: yes
configure:5976: checking for if_nametoindex
configure:6026: gcc -o conftest -g -O2 -Wall   conftest.c  >&5
configure:6029: $? = 0
configure:6032: test -s conftest
configure:6035: $? = 0
configure:6046: result: yes
configure:5976: checking for if_indextoname
configure:6026: gcc -o conftest -g -O2 -Wall   conftest.c  >&5
configure:6029: $? = 0
configure:6032: test -s conftest
configure:6035: $? = 0
configure:6046: result: yes
configure:5976: checking for getifaddrs
configure:6026: gcc -o conftest -g -O2 -Wall   conftest.c  >&5
/tmp/ccQaQeB1.o: In function `main':
/home/vincent/work/usb-router-buildroot/build/quagga-0.96.5/configure:6067: undefined reference to `getifaddrs'
/home/vincent/work/usb-router-buildroot/build/quagga-0.96.5/configure:6066: undefined reference to `getifaddrs'
collect2: ld returned 1 exit status
configure:6029: $? = 1
configure: failed program was:
| #line 5981 "configure"
| /* confdefs.h.  */
| 
| #define PACKAGE_NAME "quagga"
| #define PACKAGE_TARNAME "quagga"
| #define PACKAGE_VERSION "0.96.5"
| #define PACKAGE_STRING "quagga 0.96.5"
| #define PACKAGE_BUGREPORT "http://bugzilla.quagga.net"
| #define PACKAGE "quagga"
| #define VERSION "0.96.5"
| #define HAVE_RTADV
| #define QUAGGA_USER "root"
| #define QUAGGA_GROUP "root"
| #define CONFIGFILE_MASK 0600
| #define LOGFILE_MASK 0600
| #define STDC_HEADERS 1
| #define HAVE_SYS_TYPES_H 1
| #define HAVE_SYS_STAT_H 1
| #define HAVE_STDLIB_H 1
| #define HAVE_STRING_H 1
| #define HAVE_MEMORY_H 1
| #define HAVE_STRINGS_H 1
| #define HAVE_INTTYPES_H 1
| #define HAVE_STDINT_H 1
| #define HAVE_UNISTD_H 1
| #define HAVE_STRING_H 1
| #define HAVE_STROPTS_H 1
| #define HAVE_SYS_TIME_H 1
| #define HAVE_SYS_TIMES_H 1
| #define HAVE_SYS_SELECT_H 1
| #define HAVE_SYS_SYSCTL_H 1
| #define HAVE_SYS_TYPES_H 1
| #define HAVE_LINUX_VERSION_H 1
| #define HAVE_NETDB_H 1
| #define HAVE_ASM_TYPES_H 1
| #define HAVE_LIMITS_H 1
| #define HAVE_SYS_SOCKET_H 1
| #define HAVE_NETINET_IN_SYSTM_H 1
| #define HAVE_NETINET_IN_H 1
| #define HAVE_NET_ROUTE_H 1
| #define HAVE_NET_IF_H 1
| #define RETSIGTYPE void
| #define GNU_LINUX
| #define HAVE_MEMSET 1
| #define HAVE_MEMCPY 1
| #define HAVE_STRERROR 1
| #define HAVE_INET_ATON 1
| #define HAVE_DAEMON 1
| #define HAVE_SNPRINTF 1
| #define HAVE_VSNPRINTF 1
| #define HAVE_STRLCAT 1
| #define HAVE_STRLCPY 1
| #define HAVE_IF_NAMETOINDEX 1
| #define HAVE_IF_INDEXTONAME 1
| /* end confdefs.h.  */
| /* System header to define __stub macros and hopefully few prototypes,
|     which can conflict with char getifaddrs (); below.
|     Prefer <limits.h> to <assert.h> if __STDC__ is defined, since
|     <limits.h> exists even on freestanding compilers.  */
| #ifdef __STDC__
| # include <limits.h>
| #else
| # include <assert.h>
| #endif
| /* Override any gcc2 internal prototype to avoid an error.  */
| #ifdef __cplusplus
| extern "C"
| {
| #endif
| /* We use char because int might match the return type of a gcc2
|    builtin and then its argument prototype would still apply.  */
| char getifaddrs ();
| /* The GNU C library defines this for functions which it implements
|     to always fail with ENOSYS.  Some functions are actually named
|     something starting with __ and the normal name is an alias.  */
| #if defined (__stub_getifaddrs) || defined (__stub___getifaddrs)
| choke me
| #else
| char (*f) () = getifaddrs;
| #endif
| #ifdef __cplusplus
| }
| #endif
| 
| int
| main ()
| {
| return f != getifaddrs;
|   ;
|   return 0;
| }
configure:6046: result: no
configure:5976: checking for fcntl
configure:6026: gcc -o conftest -g -O2 -Wall   conftest.c  >&5
configure:6029: $? = 0
configure:6032: test -s conftest
configure:6035: $? = 0
configure:6046: result: yes
configure:6060: checking for setproctitle
configure:6110: gcc -o conftest -g -O2 -Wall   conftest.c  >&5
/tmp/ccurhBrf.o: In function `main':
/home/vincent/work/usb-router-buildroot/build/quagga-0.96.5/configure:6152: undefined reference to `setproctitle'
/home/vincent/work/usb-router-buildroot/build/quagga-0.96.5/configure:6151: undefined reference to `setproctitle'
collect2: ld returned 1 exit status
configure:6113: $? = 1
configure: failed program was:
| #line 6065 "configure"
| /* confdefs.h.  */
| 
| #define PACKAGE_NAME "quagga"
| #define PACKAGE_TARNAME "quagga"
| #define PACKAGE_VERSION "0.96.5"
| #define PACKAGE_STRING "quagga 0.96.5"
| #define PACKAGE_BUGREPORT "http://bugzilla.quagga.net"
| #define PACKAGE "quagga"
| #define VERSION "0.96.5"
| #define HAVE_RTADV
| #define QUAGGA_USER "root"
| #define QUAGGA_GROUP "root"
| #define CONFIGFILE_MASK 0600
| #define LOGFILE_MASK 0600
| #define STDC_HEADERS 1
| #define HAVE_SYS_TYPES_H 1
| #define HAVE_SYS_STAT_H 1
| #define HAVE_STDLIB_H 1
| #define HAVE_STRING_H 1
| #define HAVE_MEMORY_H 1
| #define HAVE_STRINGS_H 1
| #define HAVE_INTTYPES_H 1
| #define HAVE_STDINT_H 1
| #define HAVE_UNISTD_H 1
| #define HAVE_STRING_H 1
| #define HAVE_STROPTS_H 1
| #define HAVE_SYS_TIME_H 1
| #define HAVE_SYS_TIMES_H 1
| #define HAVE_SYS_SELECT_H 1
| #define HAVE_SYS_SYSCTL_H 1
| #define HAVE_SYS_TYPES_H 1
| #define HAVE_LINUX_VERSION_H 1
| #define HAVE_NETDB_H 1
| #define HAVE_ASM_TYPES_H 1
| #define HAVE_LIMITS_H 1
| #define HAVE_SYS_SOCKET_H 1
| #define HAVE_NETINET_IN_SYSTM_H 1
| #define HAVE_NETINET_IN_H 1
| #define HAVE_NET_ROUTE_H 1
| #define HAVE_NET_IF_H 1
| #define RETSIGTYPE void
| #define GNU_LINUX
| #define HAVE_MEMSET 1
| #define HAVE_MEMCPY 1
| #define HAVE_STRERROR 1
| #define HAVE_INET_ATON 1
| #define HAVE_DAEMON 1
| #define HAVE_SNPRINTF 1
| #define HAVE_VSNPRINTF 1
| #define HAVE_STRLCAT 1
| #define HAVE_STRLCPY 1
| #define HAVE_IF_NAMETOINDEX 1
| #define HAVE_IF_INDEXTONAME 1
| #define HAVE_FCNTL 1
| /* end confdefs.h.  */
| /* System header to define __stub macros and hopefully few prototypes,
|     which can conflict with char setproctitle (); below.
|     Prefer <limits.h> to <assert.h> if __STDC__ is defined, since
|     <limits.h> exists even on freestanding compilers.  */
| #ifdef __STDC__
| # include <limits.h>
| #else
| # include <assert.h>
| #endif
| /* Override any gcc2 internal prototype to avoid an error.  */
| #ifdef __cplusplus
| extern "C"
| {
| #endif
| /* We use char because int might match the return type of a gcc2
|    builtin and then its argument prototype would still apply.  */
| char setproctitle ();
| /* The GNU C library defines this for functions which it implements
|     to always fail with ENOSYS.  Some functions are actually named
|     something starting with __ and the normal name is an alias.  */
| #if defined (__stub_setproctitle) || defined (__stub___setproctitle)
| choke me
| #else
| char (*f) () = setproctitle;
| #endif
| #ifdef __cplusplus
| }
| #endif
| 
| int
| main ()
| {
| return f != setproctitle;
|   ;
|   return 0;
| }
configure:6130: result: no
configure:6138: checking for setproctitle in -lutil
configure:6169: gcc -o conftest -g -O2 -Wall   conftest.c -lutil   >&5
/tmp/cccbjE5i.o: In function `main':
/home/vincent/work/usb-router-buildroot/build/quagga-0.96.5/configure:6211: undefined reference to `setproctitle'
collect2: ld returned 1 exit status
configure:6172: $? = 1
configure: failed program was:
| #line 6145 "configure"
| /* confdefs.h.  */
| 
| #define PACKAGE_NAME "quagga"
| #define PACKAGE_TARNAME "quagga"
| #define PACKAGE_VERSION "0.96.5"
| #define PACKAGE_STRING "quagga 0.96.5"
| #define PACKAGE_BUGREPORT "http://bugzilla.quagga.net"
| #define PACKAGE "quagga"
| #define VERSION "0.96.5"
| #define HAVE_RTADV
| #define QUAGGA_USER "root"
| #define QUAGGA_GROUP "root"
| #define CONFIGFILE_MASK 0600
| #define LOGFILE_MASK 0600
| #define STDC_HEADERS 1
| #define HAVE_SYS_TYPES_H 1
| #define HAVE_SYS_STAT_H 1
| #define HAVE_STDLIB_H 1
| #define HAVE_STRING_H 1
| #define HAVE_MEMORY_H 1
| #define HAVE_STRINGS_H 1
| #define HAVE_INTTYPES_H 1
| #define HAVE_STDINT_H 1
| #define HAVE_UNISTD_H 1
| #define HAVE_STRING_H 1
| #define HAVE_STROPTS_H 1
| #define HAVE_SYS_TIME_H 1
| #define HAVE_SYS_TIMES_H 1
| #define HAVE_SYS_SELECT_H 1
| #define HAVE_SYS_SYSCTL_H 1
| #define HAVE_SYS_TYPES_H 1
| #define HAVE_LINUX_VERSION_H 1
| #define HAVE_NETDB_H 1
| #define HAVE_ASM_TYPES_H 1
| #define HAVE_LIMITS_H 1
| #define HAVE_SYS_SOCKET_H 1
| #define HAVE_NETINET_IN_SYSTM_H 1
| #define HAVE_NETINET_IN_H 1
| #define HAVE_NET_ROUTE_H 1
| #define HAVE_NET_IF_H 1
| #define RETSIGTYPE void
| #define GNU_LINUX
| #define HAVE_MEMSET 1
| #define HAVE_MEMCPY 1
| #define HAVE_STRERROR 1
| #define HAVE_INET_ATON 1
| #define HAVE_DAEMON 1
| #define HAVE_SNPRINTF 1
| #define HAVE_VSNPRINTF 1
| #define HAVE_STRLCAT 1
| #define HAVE_STRLCPY 1
| #define HAVE_IF_NAMETOINDEX 1
| #define HAVE_IF_INDEXTONAME 1
| #define HAVE_FCNTL 1
| /* end confdefs.h.  */
| 
| /* Override any gcc2 internal prototype to avoid an error.  */
| #ifdef __cplusplus
| extern "C"
| #endif
| /* We use char because int might match the return type of a gcc2
|    builtin and then its argument prototype would still apply.  */
| char setproctitle ();
| int
| main ()
| {
| setproctitle ();
|   ;
|   return 0;
| }
configure:6190: result: no
configure:6209: checking zebra between kernel interface method
configure:6223: result: ioctl
configure:6310: checking route read method check
configure:6338: result: proc
configure:6342: checking interface looking up method
configure:6371: result: ioctl
configure:6397: checking ipforward method check
configure:6422: result: proc
configure:6430: checking for getaddrinfo
configure:6480: gcc -o conftest -g -O2 -Wall   conftest.c  >&5
configure:6483: $? = 0
configure:6486: test -s conftest
configure:6489: $? = 0
configure:6500: result: yes
configure:6513: checking whether does this OS have IPv6 stack
configure:6516: result: disabled
configure:6924: checking for inet_ntop in -lc
configure:6955: gcc -o conftest -g -O2 -Wall   conftest.c -lc   >&5
configure:6958: $? = 0
configure:6961: test -s conftest
configure:6964: $? = 0
configure:6976: result: yes
configure:6986: checking for inet_pton in -lc
configure:7017: gcc -o conftest -g -O2 -Wall   conftest.c -lc   >&5
configure:7020: $? = 0
configure:7023: test -s conftest
configure:7026: $? = 0
configure:7038: result: yes
configure:7049: checking for crypt in -lcrypt
configure:7080: gcc -o conftest -g -O2 -Wall   conftest.c -lcrypt   >&5
configure:7083: $? = 0
configure:7086: test -s conftest
configure:7089: $? = 0
configure:7101: result: yes
configure:7113: checking for res_init in -lresolv
configure:7144: gcc -o conftest -g -O2 -Wall   conftest.c -lresolv  -lcrypt  >&5
/tmp/ccafatl4.o: In function `main':
/home/vincent/work/usb-router-buildroot/build/quagga-0.96.5/configure:7192: undefined reference to `res_init'
collect2: ld returned 1 exit status
configure:7147: $? = 1
configure: failed program was:
| #line 7120 "configure"
| /* confdefs.h.  */
| 
| #define PACKAGE_NAME "quagga"
| #define PACKAGE_TARNAME "quagga"
| #define PACKAGE_VERSION "0.96.5"
| #define PACKAGE_STRING "quagga 0.96.5"
| #define PACKAGE_BUGREPORT "http://bugzilla.quagga.net"
| #define PACKAGE "quagga"
| #define VERSION "0.96.5"
| #define HAVE_RTADV
| #define QUAGGA_USER "root"
| #define QUAGGA_GROUP "root"
| #define CONFIGFILE_MASK 0600
| #define LOGFILE_MASK 0600
| #define STDC_HEADERS 1
| #define HAVE_SYS_TYPES_H 1
| #define HAVE_SYS_STAT_H 1
| #define HAVE_STDLIB_H 1
| #define HAVE_STRING_H 1
| #define HAVE_MEMORY_H 1
| #define HAVE_STRINGS_H 1
| #define HAVE_INTTYPES_H 1
| #define HAVE_STDINT_H 1
| #define HAVE_UNISTD_H 1
| #define HAVE_STRING_H 1
| #define HAVE_STROPTS_H 1
| #define HAVE_SYS_TIME_H 1
| #define HAVE_SYS_TIMES_H 1
| #define HAVE_SYS_SELECT_H 1
| #define HAVE_SYS_SYSCTL_H 1
| #define HAVE_SYS_TYPES_H 1
| #define HAVE_LINUX_VERSION_H 1
| #define HAVE_NETDB_H 1
| #define HAVE_ASM_TYPES_H 1
| #define HAVE_LIMITS_H 1
| #define HAVE_SYS_SOCKET_H 1
| #define HAVE_NETINET_IN_SYSTM_H 1
| #define HAVE_NETINET_IN_H 1
| #define HAVE_NET_ROUTE_H 1
| #define HAVE_NET_IF_H 1
| #define RETSIGTYPE void
| #define GNU_LINUX
| #define HAVE_MEMSET 1
| #define HAVE_MEMCPY 1
| #define HAVE_STRERROR 1
| #define HAVE_INET_ATON 1
| #define HAVE_DAEMON 1
| #define HAVE_SNPRINTF 1
| #define HAVE_VSNPRINTF 1
| #define HAVE_STRLCAT 1
| #define HAVE_STRLCPY 1
| #define HAVE_IF_NAMETOINDEX 1
| #define HAVE_IF_INDEXTONAME 1
| #define HAVE_FCNTL 1
| #define HAVE_PROC_NET_DEV
| #define HAVE_GETADDRINFO 1
| #define DISABLE_BGP_ANNOUNCE
| #define HAVE_INET_NTOP
| #define HAVE_INET_PTON
| #define HAVE_LIBCRYPT 1
| /* end confdefs.h.  */
| 
| /* Override any gcc2 internal prototype to avoid an error.  */
| #ifdef __cplusplus
| extern "C"
| #endif
| /* We use char because int might match the return type of a gcc2
|    builtin and then its argument prototype would still apply.  */
| char res_init ();
| int
| main ()
| {
| res_init ();
|   ;
|   return 0;
| }
configure:7165: result: no
configure:7177: checking for main in -lm
configure:7202: gcc -o conftest -g -O2 -Wall   conftest.c -lm  -lcrypt  >&5
configure:7205: $? = 0
configure:7208: test -s conftest
configure:7211: $? = 0
configure:7223: result: yes
configure:7235: checking for __inet_ntop
configure:7285: gcc -o conftest -g -O2 -Wall   conftest.c -lm -lcrypt  >&5
/tmp/ccoBNTYf.o: In function `main':
/home/vincent/work/usb-router-buildroot/build/quagga-0.96.5/configure:7334: undefined reference to `__inet_ntop'
/home/vincent/work/usb-router-buildroot/build/quagga-0.96.5/configure:7333: undefined reference to `__inet_ntop'
collect2: ld returned 1 exit status
configure:7288: $? = 1
configure: failed program was:
| #line 7240 "configure"
| /* confdefs.h.  */
| 
| #define PACKAGE_NAME "quagga"
| #define PACKAGE_TARNAME "quagga"
| #define PACKAGE_VERSION "0.96.5"
| #define PACKAGE_STRING "quagga 0.96.5"
| #define PACKAGE_BUGREPORT "http://bugzilla.quagga.net"
| #define PACKAGE "quagga"
| #define VERSION "0.96.5"
| #define HAVE_RTADV
| #define QUAGGA_USER "root"
| #define QUAGGA_GROUP "root"
| #define CONFIGFILE_MASK 0600
| #define LOGFILE_MASK 0600
| #define STDC_HEADERS 1
| #define HAVE_SYS_TYPES_H 1
| #define HAVE_SYS_STAT_H 1
| #define HAVE_STDLIB_H 1
| #define HAVE_STRING_H 1
| #define HAVE_MEMORY_H 1
| #define HAVE_STRINGS_H 1
| #define HAVE_INTTYPES_H 1
| #define HAVE_STDINT_H 1
| #define HAVE_UNISTD_H 1
| #define HAVE_STRING_H 1
| #define HAVE_STROPTS_H 1
| #define HAVE_SYS_TIME_H 1
| #define HAVE_SYS_TIMES_H 1
| #define HAVE_SYS_SELECT_H 1
| #define HAVE_SYS_SYSCTL_H 1
| #define HAVE_SYS_TYPES_H 1
| #define HAVE_LINUX_VERSION_H 1
| #define HAVE_NETDB_H 1
| #define HAVE_ASM_TYPES_H 1
| #define HAVE_LIMITS_H 1
| #define HAVE_SYS_SOCKET_H 1
| #define HAVE_NETINET_IN_SYSTM_H 1
| #define HAVE_NETINET_IN_H 1
| #define HAVE_NET_ROUTE_H 1
| #define HAVE_NET_IF_H 1
| #define RETSIGTYPE void
| #define GNU_LINUX
| #define HAVE_MEMSET 1
| #define HAVE_MEMCPY 1
| #define HAVE_STRERROR 1
| #define HAVE_INET_ATON 1
| #define HAVE_DAEMON 1
| #define HAVE_SNPRINTF 1
| #define HAVE_VSNPRINTF 1
| #define HAVE_STRLCAT 1
| #define HAVE_STRLCPY 1
| #define HAVE_IF_NAMETOINDEX 1
| #define HAVE_IF_INDEXTONAME 1
| #define HAVE_FCNTL 1
| #define HAVE_PROC_NET_DEV
| #define HAVE_GETADDRINFO 1
| #define DISABLE_BGP_ANNOUNCE
| #define HAVE_INET_NTOP
| #define HAVE_INET_PTON
| #define HAVE_LIBCRYPT 1
| #define HAVE_LIBM 1
| /* end confdefs.h.  */
| /* System header to define __stub macros and hopefully few prototypes,
|     which can conflict with char __inet_ntop (); below.
|     Prefer <limits.h> to <assert.h> if __STDC__ is defined, since
|     <limits.h> exists even on freestanding compilers.  */
| #ifdef __STDC__
| # include <limits.h>
| #else
| # include <assert.h>
| #endif
| /* Override any gcc2 internal prototype to avoid an error.  */
| #ifdef __cplusplus
| extern "C"
| {
| #endif
| /* We use char because int might match the return type of a gcc2
|    builtin and then its argument prototype would still apply.  */
| char __inet_ntop ();
| /* The GNU C library defines this for functions which it implements
|     to always fail with ENOSYS.  Some functions are actually named
|     something starting with __ and the normal name is an alias.  */
| #if defined (__stub___inet_ntop) || defined (__stub_____inet_ntop)
| choke me
| #else
| char (*f) () = __inet_ntop;
| #endif
| #ifdef __cplusplus
| }
| #endif
| 
| int
| main ()
| {
| return f != __inet_ntop;
|   ;
|   return 0;
| }
configure:7305: result: no
configure:7315: checking for __inet_pton
configure:7365: gcc -o conftest -g -O2 -Wall   conftest.c -lm -lcrypt  >&5
/tmp/ccm9Qjvj.o: In function `main':
/home/vincent/work/usb-router-buildroot/build/quagga-0.96.5/configure:7414: undefined reference to `__inet_pton'
/home/vincent/work/usb-router-buildroot/build/quagga-0.96.5/configure:7413: undefined reference to `__inet_pton'
collect2: ld returned 1 exit status
configure:7368: $? = 1
configure: failed program was:
| #line 7320 "configure"
| /* confdefs.h.  */
| 
| #define PACKAGE_NAME "quagga"
| #define PACKAGE_TARNAME "quagga"
| #define PACKAGE_VERSION "0.96.5"
| #define PACKAGE_STRING "quagga 0.96.5"
| #define PACKAGE_BUGREPORT "http://bugzilla.quagga.net"
| #define PACKAGE "quagga"
| #define VERSION "0.96.5"
| #define HAVE_RTADV
| #define QUAGGA_USER "root"
| #define QUAGGA_GROUP "root"
| #define CONFIGFILE_MASK 0600
| #define LOGFILE_MASK 0600
| #define STDC_HEADERS 1
| #define HAVE_SYS_TYPES_H 1
| #define HAVE_SYS_STAT_H 1
| #define HAVE_STDLIB_H 1
| #define HAVE_STRING_H 1
| #define HAVE_MEMORY_H 1
| #define HAVE_STRINGS_H 1
| #define HAVE_INTTYPES_H 1
| #define HAVE_STDINT_H 1
| #define HAVE_UNISTD_H 1
| #define HAVE_STRING_H 1
| #define HAVE_STROPTS_H 1
| #define HAVE_SYS_TIME_H 1
| #define HAVE_SYS_TIMES_H 1
| #define HAVE_SYS_SELECT_H 1
| #define HAVE_SYS_SYSCTL_H 1
| #define HAVE_SYS_TYPES_H 1
| #define HAVE_LINUX_VERSION_H 1
| #define HAVE_NETDB_H 1
| #define HAVE_ASM_TYPES_H 1
| #define HAVE_LIMITS_H 1
| #define HAVE_SYS_SOCKET_H 1
| #define HAVE_NETINET_IN_SYSTM_H 1
| #define HAVE_NETINET_IN_H 1
| #define HAVE_NET_ROUTE_H 1
| #define HAVE_NET_IF_H 1
| #define RETSIGTYPE void
| #define GNU_LINUX
| #define HAVE_MEMSET 1
| #define HAVE_MEMCPY 1
| #define HAVE_STRERROR 1
| #define HAVE_INET_ATON 1
| #define HAVE_DAEMON 1
| #define HAVE_SNPRINTF 1
| #define HAVE_VSNPRINTF 1
| #define HAVE_STRLCAT 1
| #define HAVE_STRLCPY 1
| #define HAVE_IF_NAMETOINDEX 1
| #define HAVE_IF_INDEXTONAME 1
| #define HAVE_FCNTL 1
| #define HAVE_PROC_NET_DEV
| #define HAVE_GETADDRINFO 1
| #define DISABLE_BGP_ANNOUNCE
| #define HAVE_INET_NTOP
| #define HAVE_INET_PTON
| #define HAVE_LIBCRYPT 1
| #define HAVE_LIBM 1
| /* end confdefs.h.  */
| /* System header to define __stub macros and hopefully few prototypes,
|     which can conflict with char __inet_pton (); below.
|     Prefer <limits.h> to <assert.h> if __STDC__ is defined, since
|     <limits.h> exists even on freestanding compilers.  */
| #ifdef __STDC__
| # include <limits.h>
| #else
| # include <assert.h>
| #endif
| /* Override any gcc2 internal prototype to avoid an error.  */
| #ifdef __cplusplus
| extern "C"
| {
| #endif
| /* We use char because int might match the return type of a gcc2
|    builtin and then its argument prototype would still apply.  */
| char __inet_pton ();
| /* The GNU C library defines this for functions which it implements
|     to always fail with ENOSYS.  Some functions are actually named
|     something starting with __ and the normal name is an alias.  */
| #if defined (__stub___inet_pton) || defined (__stub_____inet_pton)
| choke me
| #else
| char (*f) () = __inet_pton;
| #endif
| #ifdef __cplusplus
| }
| #endif
| 
| int
| main ()
| {
| return f != __inet_pton;
|   ;
|   return 0;
| }
configure:7385: result: no
configure:7395: checking for __inet_aton
configure:7445: gcc -o conftest -g -O2 -Wall   conftest.c -lm -lcrypt  >&5
/tmp/ccEsDEBr.o: In function `main':
/home/vincent/work/usb-router-buildroot/build/quagga-0.96.5/configure:7494: undefined reference to `__inet_aton'
/home/vincent/work/usb-router-buildroot/build/quagga-0.96.5/configure:7493: undefined reference to `__inet_aton'
collect2: ld returned 1 exit status
configure:7448: $? = 1
configure: failed program was:
| #line 7400 "configure"
| /* confdefs.h.  */
| 
| #define PACKAGE_NAME "quagga"
| #define PACKAGE_TARNAME "quagga"
| #define PACKAGE_VERSION "0.96.5"
| #define PACKAGE_STRING "quagga 0.96.5"
| #define PACKAGE_BUGREPORT "http://bugzilla.quagga.net"
| #define PACKAGE "quagga"
| #define VERSION "0.96.5"
| #define HAVE_RTADV
| #define QUAGGA_USER "root"
| #define QUAGGA_GROUP "root"
| #define CONFIGFILE_MASK 0600
| #define LOGFILE_MASK 0600
| #define STDC_HEADERS 1
| #define HAVE_SYS_TYPES_H 1
| #define HAVE_SYS_STAT_H 1
| #define HAVE_STDLIB_H 1
| #define HAVE_STRING_H 1
| #define HAVE_MEMORY_H 1
| #define HAVE_STRINGS_H 1
| #define HAVE_INTTYPES_H 1
| #define HAVE_STDINT_H 1
| #define HAVE_UNISTD_H 1
| #define HAVE_STRING_H 1
| #define HAVE_STROPTS_H 1
| #define HAVE_SYS_TIME_H 1
| #define HAVE_SYS_TIMES_H 1
| #define HAVE_SYS_SELECT_H 1
| #define HAVE_SYS_SYSCTL_H 1
| #define HAVE_SYS_TYPES_H 1
| #define HAVE_LINUX_VERSION_H 1
| #define HAVE_NETDB_H 1
| #define HAVE_ASM_TYPES_H 1
| #define HAVE_LIMITS_H 1
| #define HAVE_SYS_SOCKET_H 1
| #define HAVE_NETINET_IN_SYSTM_H 1
| #define HAVE_NETINET_IN_H 1
| #define HAVE_NET_ROUTE_H 1
| #define HAVE_NET_IF_H 1
| #define RETSIGTYPE void
| #define GNU_LINUX
| #define HAVE_MEMSET 1
| #define HAVE_MEMCPY 1
| #define HAVE_STRERROR 1
| #define HAVE_INET_ATON 1
| #define HAVE_DAEMON 1
| #define HAVE_SNPRINTF 1
| #define HAVE_VSNPRINTF 1
| #define HAVE_STRLCAT 1
| #define HAVE_STRLCPY 1
| #define HAVE_IF_NAMETOINDEX 1
| #define HAVE_IF_INDEXTONAME 1
| #define HAVE_FCNTL 1
| #define HAVE_PROC_NET_DEV
| #define HAVE_GETADDRINFO 1
| #define DISABLE_BGP_ANNOUNCE
| #define HAVE_INET_NTOP
| #define HAVE_INET_PTON
| #define HAVE_LIBCRYPT 1
| #define HAVE_LIBM 1
| /* end confdefs.h.  */
| /* System header to define __stub macros and hopefully few prototypes,
|     which can conflict with char __inet_aton (); below.
|     Prefer <limits.h> to <assert.h> if __STDC__ is defined, since
|     <limits.h> exists even on freestanding compilers.  */
| #ifdef __STDC__
| # include <limits.h>
| #else
| # include <assert.h>
| #endif
| /* Override any gcc2 internal prototype to avoid an error.  */
| #ifdef __cplusplus
| extern "C"
| {
| #endif
| /* We use char because int might match the return type of a gcc2
|    builtin and then its argument prototype would still apply.  */
| char __inet_aton ();
| /* The GNU C library defines this for functions which it implements
|     to always fail with ENOSYS.  Some functions are actually named
|     something starting with __ and the normal name is an alias.  */
| #if defined (__stub___inet_aton) || defined (__stub_____inet_aton)
| choke me
| #else
| char (*f) () = __inet_aton;
| #endif
| #ifdef __cplusplus
| }
| #endif
| 
| int
| main ()
| {
| return f != __inet_aton;
|   ;
|   return 0;
| }
configure:7465: result: no
configure:7476: checking for regexec in -lc
configure:7507: gcc -o conftest -g -O2 -Wall   conftest.c -lc  -lm -lcrypt  >&5
configure:7510: $? = 0
configure:7513: test -s conftest
configure:7516: $? = 0
configure:7528: result: yes
configure:8155: checking whether struct sockaddr has a sa_len field
configure:8176: gcc -c -g -O2 -Wall  conftest.c >&5
configure: In function `main':
configure:8226: structure has no member named `sa_len'
configure:8226: warning: unused variable `ac_j'
configure:8179: $? = 1
configure: failed program was:
| #line 8157 "configure"
| /* confdefs.h.  */
| 
| #define PACKAGE_NAME "quagga"
| #define PACKAGE_TARNAME "quagga"
| #define PACKAGE_VERSION "0.96.5"
| #define PACKAGE_STRING "quagga 0.96.5"
| #define PACKAGE_BUGREPORT "http://bugzilla.quagga.net"
| #define PACKAGE "quagga"
| #define VERSION "0.96.5"
| #define HAVE_RTADV
| #define QUAGGA_USER "root"
| #define QUAGGA_GROUP "root"
| #define CONFIGFILE_MASK 0600
| #define LOGFILE_MASK 0600
| #define STDC_HEADERS 1
| #define HAVE_SYS_TYPES_H 1
| #define HAVE_SYS_STAT_H 1
| #define HAVE_STDLIB_H 1
| #define HAVE_STRING_H 1
| #define HAVE_MEMORY_H 1
| #define HAVE_STRINGS_H 1
| #define HAVE_INTTYPES_H 1
| #define HAVE_STDINT_H 1
| #define HAVE_UNISTD_H 1
| #define HAVE_STRING_H 1
| #define HAVE_STROPTS_H 1
| #define HAVE_SYS_TIME_H 1
| #define HAVE_SYS_TIMES_H 1
| #define HAVE_SYS_SELECT_H 1
| #define HAVE_SYS_SYSCTL_H 1
| #define HAVE_SYS_TYPES_H 1
| #define HAVE_LINUX_VERSION_H 1
| #define HAVE_NETDB_H 1
| #define HAVE_ASM_TYPES_H 1
| #define HAVE_LIMITS_H 1
| #define HAVE_SYS_SOCKET_H 1
| #define HAVE_NETINET_IN_SYSTM_H 1
| #define HAVE_NETINET_IN_H 1
| #define HAVE_NET_ROUTE_H 1
| #define HAVE_NET_IF_H 1
| #define RETSIGTYPE void
| #define GNU_LINUX
| #define HAVE_MEMSET 1
| #define HAVE_MEMCPY 1
| #define HAVE_STRERROR 1
| #define HAVE_INET_ATON 1
| #define HAVE_DAEMON 1
| #define HAVE_SNPRINTF 1
| #define HAVE_VSNPRINTF 1
| #define HAVE_STRLCAT 1
| #define HAVE_STRLCPY 1
| #define HAVE_IF_NAMETOINDEX 1
| #define HAVE_IF_INDEXTONAME 1
| #define HAVE_FCNTL 1
| #define HAVE_PROC_NET_DEV
| #define HAVE_GETADDRINFO 1
| #define DISABLE_BGP_ANNOUNCE
| #define HAVE_INET_NTOP
| #define HAVE_INET_PTON
| #define HAVE_LIBCRYPT 1
| #define HAVE_LIBM 1
| #define HAVE_GNU_REGEX
| /* end confdefs.h.  */
| #include <sys/types.h>
| #include <sys/socket.h>
| 
| int
| main ()
| {
| static struct sockaddr ac_i;int ac_j = sizeof (ac_i.sa_len);
|   ;
|   return 0;
| }
configure:8198: result: no
configure:8203: checking whether struct sockaddr_in has a sin_len field
configure:8224: gcc -c -g -O2 -Wall  conftest.c >&5
configure: In function `main':
configure:8274: structure has no member named `sin_len'
configure:8274: warning: unused variable `ac_j'
configure:8227: $? = 1
configure: failed program was:
| #line 8205 "configure"
| /* confdefs.h.  */
| 
| #define PACKAGE_NAME "quagga"
| #define PACKAGE_TARNAME "quagga"
| #define PACKAGE_VERSION "0.96.5"
| #define PACKAGE_STRING "quagga 0.96.5"
| #define PACKAGE_BUGREPORT "http://bugzilla.quagga.net"
| #define PACKAGE "quagga"
| #define VERSION "0.96.5"
| #define HAVE_RTADV
| #define QUAGGA_USER "root"
| #define QUAGGA_GROUP "root"
| #define CONFIGFILE_MASK 0600
| #define LOGFILE_MASK 0600
| #define STDC_HEADERS 1
| #define HAVE_SYS_TYPES_H 1
| #define HAVE_SYS_STAT_H 1
| #define HAVE_STDLIB_H 1
| #define HAVE_STRING_H 1
| #define HAVE_MEMORY_H 1
| #define HAVE_STRINGS_H 1
| #define HAVE_INTTYPES_H 1
| #define HAVE_STDINT_H 1
| #define HAVE_UNISTD_H 1
| #define HAVE_STRING_H 1
| #define HAVE_STROPTS_H 1
| #define HAVE_SYS_TIME_H 1
| #define HAVE_SYS_TIMES_H 1
| #define HAVE_SYS_SELECT_H 1
| #define HAVE_SYS_SYSCTL_H 1
| #define HAVE_SYS_TYPES_H 1
| #define HAVE_LINUX_VERSION_H 1
| #define HAVE_NETDB_H 1
| #define HAVE_ASM_TYPES_H 1
| #define HAVE_LIMITS_H 1
| #define HAVE_SYS_SOCKET_H 1
| #define HAVE_NETINET_IN_SYSTM_H 1
| #define HAVE_NETINET_IN_H 1
| #define HAVE_NET_ROUTE_H 1
| #define HAVE_NET_IF_H 1
| #define RETSIGTYPE void
| #define GNU_LINUX
| #define HAVE_MEMSET 1
| #define HAVE_MEMCPY 1
| #define HAVE_STRERROR 1
| #define HAVE_INET_ATON 1
| #define HAVE_DAEMON 1
| #define HAVE_SNPRINTF 1
| #define HAVE_VSNPRINTF 1
| #define HAVE_STRLCAT 1
| #define HAVE_STRLCPY 1
| #define HAVE_IF_NAMETOINDEX 1
| #define HAVE_IF_INDEXTONAME 1
| #define HAVE_FCNTL 1
| #define HAVE_PROC_NET_DEV
| #define HAVE_GETADDRINFO 1
| #define DISABLE_BGP_ANNOUNCE
| #define HAVE_INET_NTOP
| #define HAVE_INET_PTON
| #define HAVE_LIBCRYPT 1
| #define HAVE_LIBM 1
| #define HAVE_GNU_REGEX
| /* end confdefs.h.  */
| #include <sys/types.h>
| #include <netinet/in.h>
| 
| int
| main ()
| {
| static struct sockaddr_in ac_i;int ac_j = sizeof (ac_i.sin_len);
|   ;
|   return 0;
| }
configure:8246: result: no
configure:8251: checking whether struct sockaddr_un has a sun_len field
configure:8272: gcc -c -g -O2 -Wall  conftest.c >&5
configure: In function `main':
configure:8322: structure has no member named `sun_len'
configure:8322: warning: unused variable `ac_j'
configure:8275: $? = 1
configure: failed program was:
| #line 8253 "configure"
| /* confdefs.h.  */
| 
| #define PACKAGE_NAME "quagga"
| #define PACKAGE_TARNAME "quagga"
| #define PACKAGE_VERSION "0.96.5"
| #define PACKAGE_STRING "quagga 0.96.5"
| #define PACKAGE_BUGREPORT "http://bugzilla.quagga.net"
| #define PACKAGE "quagga"
| #define VERSION "0.96.5"
| #define HAVE_RTADV
| #define QUAGGA_USER "root"
| #define QUAGGA_GROUP "root"
| #define CONFIGFILE_MASK 0600
| #define LOGFILE_MASK 0600
| #define STDC_HEADERS 1
| #define HAVE_SYS_TYPES_H 1
| #define HAVE_SYS_STAT_H 1
| #define HAVE_STDLIB_H 1
| #define HAVE_STRING_H 1
| #define HAVE_MEMORY_H 1
| #define HAVE_STRINGS_H 1
| #define HAVE_INTTYPES_H 1
| #define HAVE_STDINT_H 1
| #define HAVE_UNISTD_H 1
| #define HAVE_STRING_H 1
| #define HAVE_STROPTS_H 1
| #define HAVE_SYS_TIME_H 1
| #define HAVE_SYS_TIMES_H 1
| #define HAVE_SYS_SELECT_H 1
| #define HAVE_SYS_SYSCTL_H 1
| #define HAVE_SYS_TYPES_H 1
| #define HAVE_LINUX_VERSION_H 1
| #define HAVE_NETDB_H 1
| #define HAVE_ASM_TYPES_H 1
| #define HAVE_LIMITS_H 1
| #define HAVE_SYS_SOCKET_H 1
| #define HAVE_NETINET_IN_SYSTM_H 1
| #define HAVE_NETINET_IN_H 1
| #define HAVE_NET_ROUTE_H 1
| #define HAVE_NET_IF_H 1
| #define RETSIGTYPE void
| #define GNU_LINUX
| #define HAVE_MEMSET 1
| #define HAVE_MEMCPY 1
| #define HAVE_STRERROR 1
| #define HAVE_INET_ATON 1
| #define HAVE_DAEMON 1
| #define HAVE_SNPRINTF 1
| #define HAVE_VSNPRINTF 1
| #define HAVE_STRLCAT 1
| #define HAVE_STRLCPY 1
| #define HAVE_IF_NAMETOINDEX 1
| #define HAVE_IF_INDEXTONAME 1
| #define HAVE_FCNTL 1
| #define HAVE_PROC_NET_DEV
| #define HAVE_GETADDRINFO 1
| #define DISABLE_BGP_ANNOUNCE
| #define HAVE_INET_NTOP
| #define HAVE_INET_PTON
| #define HAVE_LIBCRYPT 1
| #define HAVE_LIBM 1
| #define HAVE_GNU_REGEX
| /* end confdefs.h.  */
| #include <sys/types.h>
| #include <sys/un.h>
| 
| int
| main ()
| {
| static struct sockaddr_un ac_i;int ac_j = sizeof (ac_i.sun_len);
|   ;
|   return 0;
| }
configure:8294: result: no
configure:8349: checking whther socklen_t is defined
configure:8371: gcc -c -g -O2 -Wall  conftest.c >&5
configure: In function `main':
configure:8421: warning: unused variable `ac_x'
configure:8374: $? = 0
configure:8377: test -s conftest.o
configure:8380: $? = 0
configure:8382: result: yes
configure:8398: checking whether struct sockaddr_dl exist
configure:8464:23: net/if_dl.h: No such file or directory
configure:8420: result: no
configure:8426: checking whether struct ifaliasreq exist
configure:8448: result: no
configure:8454: checking whether struct in6_aliasreq exist
configure:8520:30: netinet6/in6_var.h: No such file or directory
configure:8476: result: no
configure:8482: checking whether in6_aliasreq.ifra_lifetime exist
configure:8503: gcc -c -g -O2 -Wall  conftest.c >&5
configure:8549:30: netinet6/in6_var.h: No such file or directory
configure: In function `main':
configure:8554: storage size of `ac_i' isn't known
configure:8554: warning: unused variable `ac_i'
configure:8554: warning: unused variable `ac_j'
configure:8554: storage size of `ac_i' isn't known
configure:8506: $? = 1
configure: failed program was:
| #line 8484 "configure"
| /* confdefs.h.  */
| 
| #define PACKAGE_NAME "quagga"
| #define PACKAGE_TARNAME "quagga"
| #define PACKAGE_VERSION "0.96.5"
| #define PACKAGE_STRING "quagga 0.96.5"
| #define PACKAGE_BUGREPORT "http://bugzilla.quagga.net"
| #define PACKAGE "quagga"
| #define VERSION "0.96.5"
| #define HAVE_RTADV
| #define QUAGGA_USER "root"
| #define QUAGGA_GROUP "root"
| #define CONFIGFILE_MASK 0600
| #define LOGFILE_MASK 0600
| #define STDC_HEADERS 1
| #define HAVE_SYS_TYPES_H 1
| #define HAVE_SYS_STAT_H 1
| #define HAVE_STDLIB_H 1
| #define HAVE_STRING_H 1
| #define HAVE_MEMORY_H 1
| #define HAVE_STRINGS_H 1
| #define HAVE_INTTYPES_H 1
| #define HAVE_STDINT_H 1
| #define HAVE_UNISTD_H 1
| #define HAVE_STRING_H 1
| #define HAVE_STROPTS_H 1
| #define HAVE_SYS_TIME_H 1
| #define HAVE_SYS_TIMES_H 1
| #define HAVE_SYS_SELECT_H 1
| #define HAVE_SYS_SYSCTL_H 1
| #define HAVE_SYS_TYPES_H 1
| #define HAVE_LINUX_VERSION_H 1
| #define HAVE_NETDB_H 1
| #define HAVE_ASM_TYPES_H 1
| #define HAVE_LIMITS_H 1
| #define HAVE_SYS_SOCKET_H 1
| #define HAVE_NETINET_IN_SYSTM_H 1
| #define HAVE_NETINET_IN_H 1
| #define HAVE_NET_ROUTE_H 1
| #define HAVE_NET_IF_H 1
| #define RETSIGTYPE void
| #define GNU_LINUX
| #define HAVE_MEMSET 1
| #define HAVE_MEMCPY 1
| #define HAVE_STRERROR 1
| #define HAVE_INET_ATON 1
| #define HAVE_DAEMON 1
| #define HAVE_SNPRINTF 1
| #define HAVE_VSNPRINTF 1
| #define HAVE_STRLCAT 1
| #define HAVE_STRLCPY 1
| #define HAVE_IF_NAMETOINDEX 1
| #define HAVE_IF_INDEXTONAME 1
| #define HAVE_FCNTL 1
| #define HAVE_PROC_NET_DEV
| #define HAVE_GETADDRINFO 1
| #define DISABLE_BGP_ANNOUNCE
| #define HAVE_INET_NTOP
| #define HAVE_INET_PTON
| #define HAVE_LIBCRYPT 1
| #define HAVE_LIBM 1
| #define HAVE_GNU_REGEX
| #define HAVE_SOCKLEN_T
| /* end confdefs.h.  */
| #include <sys/types.h>
| #include <netinet6/in6_var.h>
| 
| int
| main ()
| {
| static struct if6_aliasreq ac_i;int ac_j = sizeof (ac_i.ifra_lifetime);
|   ;
|   return 0;
| }
configure:8525: result: no
configure:8530: checking whether struct rt_addrinfo exist
configure:8552: result: no
configure:8558: checking whether struct in_pktinfo exist
configure:8578: gcc -c -g -O2 -Wall  conftest.c >&5
configure: In function `main':
configure:8629: warning: unused variable `ac_x'
configure:8581: $? = 0
configure:8584: test -s conftest.o
configure:8587: $? = 0
configure:8589: result: yes
configure:8605: checking whether getrusage is available
configure:8625: gcc -c -g -O2 -Wall  conftest.c >&5
configure:8628: $? = 0
configure:8631: test -s conftest.o
configure:8634: $? = 0
configure:8636: result: yes
configure:8653: checking whether prctl PR_SET_KEEPCAPS is available
configure:8672: gcc -c -g -O2 -Wall  conftest.c >&5
configure:8721:23: sys/prctl.h: No such file or directory
configure: In function `main':
configure:8725: warning: implicit declaration of function `prctl'
configure:8725: `PR_SET_KEEPCAPS' undeclared (first use in this function)
configure:8725: (Each undeclared identifier is reported only once
configure:8725: for each function it appears in.)
configure:8675: $? = 1
configure: failed program was:
| #line 8655 "configure"
| /* confdefs.h.  */
| 
| #define PACKAGE_NAME "quagga"
| #define PACKAGE_TARNAME "quagga"
| #define PACKAGE_VERSION "0.96.5"
| #define PACKAGE_STRING "quagga 0.96.5"
| #define PACKAGE_BUGREPORT "http://bugzilla.quagga.net"
| #define PACKAGE "quagga"
| #define VERSION "0.96.5"
| #define HAVE_RTADV
| #define QUAGGA_USER "root"
| #define QUAGGA_GROUP "root"
| #define CONFIGFILE_MASK 0600
| #define LOGFILE_MASK 0600
| #define STDC_HEADERS 1
| #define HAVE_SYS_TYPES_H 1
| #define HAVE_SYS_STAT_H 1
| #define HAVE_STDLIB_H 1
| #define HAVE_STRING_H 1
| #define HAVE_MEMORY_H 1
| #define HAVE_STRINGS_H 1
| #define HAVE_INTTYPES_H 1
| #define HAVE_STDINT_H 1
| #define HAVE_UNISTD_H 1
| #define HAVE_STRING_H 1
| #define HAVE_STROPTS_H 1
| #define HAVE_SYS_TIME_H 1
| #define HAVE_SYS_TIMES_H 1
| #define HAVE_SYS_SELECT_H 1
| #define HAVE_SYS_SYSCTL_H 1
| #define HAVE_SYS_TYPES_H 1
| #define HAVE_LINUX_VERSION_H 1
| #define HAVE_NETDB_H 1
| #define HAVE_ASM_TYPES_H 1
| #define HAVE_LIMITS_H 1
| #define HAVE_SYS_SOCKET_H 1
| #define HAVE_NETINET_IN_SYSTM_H 1
| #define HAVE_NETINET_IN_H 1
| #define HAVE_NET_ROUTE_H 1
| #define HAVE_NET_IF_H 1
| #define RETSIGTYPE void
| #define GNU_LINUX
| #define HAVE_MEMSET 1
| #define HAVE_MEMCPY 1
| #define HAVE_STRERROR 1
| #define HAVE_INET_ATON 1
| #define HAVE_DAEMON 1
| #define HAVE_SNPRINTF 1
| #define HAVE_VSNPRINTF 1
| #define HAVE_STRLCAT 1
| #define HAVE_STRLCPY 1
| #define HAVE_IF_NAMETOINDEX 1
| #define HAVE_IF_INDEXTONAME 1
| #define HAVE_FCNTL 1
| #define HAVE_PROC_NET_DEV
| #define HAVE_GETADDRINFO 1
| #define DISABLE_BGP_ANNOUNCE
| #define HAVE_INET_NTOP
| #define HAVE_INET_PTON
| #define HAVE_LIBCRYPT 1
| #define HAVE_LIBM 1
| #define HAVE_GNU_REGEX
| #define HAVE_SOCKLEN_T
| #define HAVE_INPKTINFO
| #define HAVE_RUSAGE
| /* end confdefs.h.  */
| #include <sys/prctl.h>
| int
| main ()
| {
| prctl(PR_SET_KEEPCAPS, 1, 0, 0, 0);
|   ;
|   return 0;
| }
configure:8695: result: no
configure:9155: checking directory to use for state file
configure:9157: result: /var/run
configure:9242: checking for working htonl
configure:9273: gcc -o conftest -g -O2 -Wall   conftest.c -lm -lcrypt  >&5
configure:9276: $? = 0
configure:9279: test -s conftest
configure:9282: $? = 0
configure:9294: result: yes
configure:9407: creating ./config.status

## ---------------------- ##
## Running config.status. ##
## ---------------------- ##

This file was extended by quagga config.status 0.96.5, which was
generated by GNU Autoconf 2.57.  Invocation command line was

  CONFIG_FILES    = 
  CONFIG_HEADERS  = 
  CONFIG_LINKS    = 
  CONFIG_COMMANDS = 
  $ ./config.status 

on itgserver200

config.status:704: creating Makefile
config.status:704: creating lib/Makefile
config.status:704: creating zebra/Makefile
config.status:704: creating ripd/Makefile
config.status:704: creating ripngd/Makefile
config.status:704: creating bgpd/Makefile
config.status:704: creating ospfd/Makefile
config.status:704: creating ospf6d/Makefile
config.status:704: creating isisd/Makefile
config.status:704: creating vtysh/Makefile
config.status:704: creating doc/Makefile
config.status:704: creating ospfclient/Makefile
config.status:704: creating redhat/Makefile
config.status:704: creating redhat/quagga.spec
config.status:704: creating lib/version.h
config.status:808: creating config.h
config.status:1193: executing depfiles commands

## ---------------- ##
## Cache variables. ##
## ---------------- ##

ac_cv_build=i686-pc-linux-gnu
ac_cv_build_alias=i686-pc-linux-gnu
ac_cv_c_bigendian=no
ac_cv_c_compiler_gnu=yes
ac_cv_c_const=yes
ac_cv_env_CC_set=
ac_cv_env_CC_value=
ac_cv_env_CFLAGS_set=
ac_cv_env_CFLAGS_value=
ac_cv_env_CPPFLAGS_set=
ac_cv_env_CPPFLAGS_value=
ac_cv_env_CPP_set=
ac_cv_env_CPP_value=
ac_cv_env_LDFLAGS_set=
ac_cv_env_LDFLAGS_value=
ac_cv_env_build_alias_set=set
ac_cv_env_build_alias_value=i686-pc-linux-gnu
ac_cv_env_host_alias_set=set
ac_cv_env_host_alias_value=mipsel-linux-elf
ac_cv_env_target_alias_set=
ac_cv_env_target_alias_value=
ac_cv_exeext=
ac_cv_func___inet_aton=no
ac_cv_func___inet_ntop=no
ac_cv_func___inet_pton=no
ac_cv_func_daemon=yes
ac_cv_func_fcntl=yes
ac_cv_func_getaddrinfo=yes
ac_cv_func_getifaddrs=no
ac_cv_func_if_indextoname=yes
ac_cv_func_if_nametoindex=yes
ac_cv_func_inet_aton=yes
ac_cv_func_memcpy=yes
ac_cv_func_memset=yes
ac_cv_func_setproctitle=no
ac_cv_func_snprintf=yes
ac_cv_func_strerror=yes
ac_cv_func_strlcat=yes
ac_cv_func_strlcpy=yes
ac_cv_func_vsnprintf=yes
ac_cv_header_asm_types_h=yes
ac_cv_header_inet_nd_h=no
ac_cv_header_inttypes_h=yes
ac_cv_header_kvm_h=no
ac_cv_header_libutil_h=no
ac_cv_header_limits_h=yes
ac_cv_header_linux_version_h=yes
ac_cv_header_memory_h=yes
ac_cv_header_net_if_dl_h=no
ac_cv_header_net_if_h=yes
ac_cv_header_net_if_var_h=no
ac_cv_header_net_netopt_h=no
ac_cv_header_net_route_h=yes
ac_cv_header_netdb_h=yes
ac_cv_header_netinet_in_h=yes
ac_cv_header_netinet_in_systm_h=yes
ac_cv_header_netinet_in_var_h=no
ac_cv_header_stdc=yes
ac_cv_header_stdint_h=yes
ac_cv_header_stdlib_h=yes
ac_cv_header_string_h=yes
ac_cv_header_strings_h=yes
ac_cv_header_stropts_h=yes
ac_cv_header_sys_conf_h=no
ac_cv_header_sys_ksym_h=no
ac_cv_header_sys_select_h=yes
ac_cv_header_sys_socket_h=yes
ac_cv_header_sys_sockio_h=no
ac_cv_header_sys_stat_h=yes
ac_cv_header_sys_sysctl_h=yes
ac_cv_header_sys_time_h=yes
ac_cv_header_sys_times_h=yes
ac_cv_header_sys_types_h=yes
ac_cv_header_unistd_h=yes
ac_cv_host=mipsel-linux-elf
ac_cv_host_alias=mipsel-linux-elf
ac_cv_htonl_works=yes
ac_cv_lib_c_inet_ntop=yes
ac_cv_lib_c_inet_pton=yes
ac_cv_lib_c_regexec=yes
ac_cv_lib_crypt_crypt=yes
ac_cv_lib_m_main=yes
ac_cv_lib_resolv_res_init=no
ac_cv_lib_util_setproctitle=no
ac_cv_objext=o
ac_cv_path_install='/usr/bin/install -c'
ac_cv_prog_AWK=gawk
ac_cv_prog_CPP='gcc -E'
ac_cv_prog_ac_ct_AR=ar
ac_cv_prog_ac_ct_CC=gcc
ac_cv_prog_ac_ct_RANLIB=ranlib
ac_cv_prog_ac_ct_STRIP=strip
ac_cv_prog_cc_g=yes
ac_cv_prog_cc_stdc=
ac_cv_prog_egrep='grep -E'
ac_cv_prog_make_make_set=yes
ac_cv_type_signal=void
am_cv_CC_dependencies_compiler_type=gcc3

## ----------------- ##
## Output variables. ##
## ----------------- ##

ACLOCAL='${SHELL} /home/vincent/work/usb-router-buildroot/build/quagga-0.96.5/missing --run aclocal-1.7'
AMDEPBACKSLASH='\'
AMDEP_FALSE='#'
AMDEP_TRUE=''
AMTAR='${SHELL} /home/vincent/work/usb-router-buildroot/build/quagga-0.96.5/missing --run tar'
AR='ar'
AUTOCONF='${SHELL} /home/vincent/work/usb-router-buildroot/build/quagga-0.96.5/missing --run autoconf'
AUTOHEADER='${SHELL} /home/vincent/work/usb-router-buildroot/build/quagga-0.96.5/missing --run autoheader'
AUTOMAKE='${SHELL} /home/vincent/work/usb-router-buildroot/build/quagga-0.96.5/missing --run automake-1.7'
AWK='gawk'
BGPD=''
CC='gcc'
CCDEPMODE='depmode=gcc3'
CFLAGS='-g -O2 -Wall'
CONFDATE='20050406'
CPP='gcc -E'
CPPFLAGS=''
CURSES=''
CYGPATH_W='echo'
DEFS='-DHAVE_CONFIG_H'
DEPDIR='.deps'
ECHO_C=''
ECHO_N='-n'
ECHO_T=''
EGREP='grep -E'
EXEEXT=''
IF_METHOD='if_ioctl.o'
IF_PROC='if_proc.o'
INCLUDES=''
INSTALL_DATA='${INSTALL} -m 644'
INSTALL_PROGRAM='${INSTALL}'
INSTALL_SCRIPT='${INSTALL}'
INSTALL_STRIP_PROGRAM='${SHELL} $(install_sh) -c -s'
IPFORWARD='ipforward_proc.o'
ISISD='isisd'
KERNEL_METHOD=''
LDFLAGS=''
LIBCAP=''
LIBOBJS=''
LIBPAM=''
LIBS='-lm -lcrypt '
LIB_IPV6=''
LIB_REGEX=''
LTLIBOBJS=''
MAKEINFO='${SHELL} /home/vincent/work/usb-router-buildroot/build/quagga-0.96.5/missing --run makeinfo'
MULTIPATH_NUM='1'
OBJEXT='o'
OSPF6D=''
OSPFAPI=''
OSPFCLIENT=''
OSPFD=''
OTHER_METHOD=''
PACKAGE='quagga'
PACKAGE_BUGREPORT='http://bugzilla.quagga.net'
PACKAGE_NAME='quagga'
PACKAGE_STRING='quagga 0.96.5'
PACKAGE_TARNAME='quagga'
PACKAGE_VERSION='0.96.5'
PATH_SEPARATOR=':'
RANLIB='ranlib'
RIPD='ripd'
RIPNGD=''
RTREAD_METHOD='rtread_proc.o'
RT_METHOD='rt_ioctl.o'
SET_MAKE=''
SHELL='/bin/sh'
STRIP='strip'
VERSION='0.96.5'
VTYSH=''
ZEBRA='zebra'
ac_ct_AR='ar'
ac_ct_CC='gcc'
ac_ct_RANLIB='ranlib'
ac_ct_STRIP='strip'
am__fastdepCC_FALSE='#'
am__fastdepCC_TRUE=''
am__include='include'
am__leading_dot='.'
am__quote=''
bindir='${exec_prefix}/bin'
build='i686-pc-linux-gnu'
build_alias='i686-pc-linux-gnu'
build_cpu='i686'
build_os='linux-gnu'
build_vendor='pc'
datadir='${prefix}/share'
exampledir='/etc/zebra'
exec_prefix='${prefix}'
host='mipsel-linux-elf'
host_alias='mipsel-linux-elf'
host_cpu='mipsel'
host_os='elf'
host_vendor='linux'
includedir='${prefix}/include'
infodir='${prefix}/info'
install_sh='/home/vincent/work/usb-router-buildroot/build/quagga-0.96.5/install-sh'
libdir='${exec_prefix}/lib'
libexecdir='${exec_prefix}/libexec'
localstatedir='/var/run'
mandir='${prefix}/man'
oldincludedir='/usr/include'
prefix='/usr'
program_transform_name='s,x,x,'
sbindir='${exec_prefix}/sbin'
sharedstatedir='${prefix}/com'
sysconfdir='/etc/zebra'
target_alias=''

## ----------- ##
## confdefs.h. ##
## ----------- ##

#define BGP_VTYSH_PATH "/var/run/bgpd.vty"
#define CONFIGFILE_MASK 0600
#define DISABLE_BGP_ANNOUNCE
#define GNU_LINUX
#define HAVE_ASM_TYPES_H 1
#define HAVE_DAEMON 1
#define HAVE_FCNTL 1
#define HAVE_GETADDRINFO 1
#define HAVE_GNU_REGEX
#define HAVE_IF_INDEXTONAME 1
#define HAVE_IF_NAMETOINDEX 1
#define HAVE_INET_ATON 1
#define HAVE_INET_NTOP
#define HAVE_INET_PTON
#define HAVE_INPKTINFO
#define HAVE_INTTYPES_H 1
#define HAVE_LIBCRYPT 1
#define HAVE_LIBM 1
#define HAVE_LIMITS_H 1
#define HAVE_LINUX_VERSION_H 1
#define HAVE_MEMCPY 1
#define HAVE_MEMORY_H 1
#define HAVE_MEMSET 1
#define HAVE_NETDB_H 1
#define HAVE_NETINET_IN_H 1
#define HAVE_NETINET_IN_SYSTM_H 1
#define HAVE_NET_IF_H 1
#define HAVE_NET_ROUTE_H 1
#define HAVE_PROC_NET_DEV
#define HAVE_RTADV
#define HAVE_RUSAGE
#define HAVE_SNPRINTF 1
#define HAVE_SOCKLEN_T
#define HAVE_STDINT_H 1
#define HAVE_STDLIB_H 1
#define HAVE_STRERROR 1
#define HAVE_STRINGS_H 1
#define HAVE_STRING_H 1
#define HAVE_STRING_H 1
#define HAVE_STRLCAT 1
#define HAVE_STRLCPY 1
#define HAVE_STROPTS_H 1
#define HAVE_SYS_SELECT_H 1
#define HAVE_SYS_SOCKET_H 1
#define HAVE_SYS_STAT_H 1
#define HAVE_SYS_SYSCTL_H 1
#define HAVE_SYS_TIMES_H 1
#define HAVE_SYS_TIME_H 1
#define HAVE_SYS_TYPES_H 1
#define HAVE_SYS_TYPES_H 1
#define HAVE_UNISTD_H 1
#define HAVE_VSNPRINTF 1
#define ISIS_VTYSH_PATH "/var/run/isisd.vty"
#define LOGFILE_MASK 0600
#define OSPF6_VTYSH_PATH "/var/run/ospf6d.vty"
#define OSPF_VTYSH_PATH "/var/run/ospfd.vty"
#define PACKAGE "quagga"
#define PACKAGE_BUGREPORT "http://bugzilla.quagga.net"
#define PACKAGE_NAME "quagga"
#define PACKAGE_STRING "quagga 0.96.5"
#define PACKAGE_TARNAME "quagga"
#define PACKAGE_VERSION "0.96.5"
#define PATH_BGPD_PID "/var/run/bgpd.pid"
#define PATH_ISISD_PID "/var/run/isisd.pid"
#define PATH_OSPF6D_PID "/var/run/ospf6d.pid"
#define PATH_OSPFD_PID "/var/run/ospfd.pid"
#define PATH_RIPD_PID "/var/run/ripd.pid"
#define PATH_RIPNGD_PID "/var/run/ripngd.pid"
#define PATH_ZEBRA_PID "/var/run/zebra.pid"
#define QUAGGA_GROUP "root"
#define QUAGGA_USER "root"
#define RETSIGTYPE void
#define RIPNG_VTYSH_PATH "/var/run/ripngd.vty"
#define RIP_VTYSH_PATH "/var/run/ripd.vty"
#define STDC_HEADERS 1
#define VERSION "0.96.5"
#define ZEBRA_SERV_PATH "/var/run/zserv.api"
#define ZEBRA_VTYSH_PATH "/var/run/zebra.vty"

configure: exit 0
