This file contains any messages produced by compilers while
running configure, to aid debugging if configure makes a mistake.

It was created by configure, which was
generated by GNU Autoconf 2.53.  Invocation command line was

  $ ./configure --build=i386-pc-linux-gnu --host=mipsel-elf --prefix=/usr --with-linux=/home2/vincent/work/usb-router-buildroot/build/linux-2.4.x/include

## --------- ##
## Platform. ##
## --------- ##

hostname = itgserver200
uname -m = i686
uname -r = 2.4.25-1-686
uname -s = Linux
uname -v = #1 Tue Feb 24 10:55:59 EST 2004

/usr/bin/uname -p = unknown
/bin/uname -X     = unknown

/bin/arch              = i686
/usr/bin/arch -k       = unknown
/usr/convex/getsysinfo = unknown
hostinfo               = unknown
/bin/machine           = unknown
/usr/bin/oslevel       = unknown
/bin/universe          = unknown

PATH: /home2/vincent/work/usb-router-buildroot/build/staging_dir/usr/bin
PATH: /usr/local/sbin
PATH: /usr/local/bin
PATH: /usr/sbin
PATH: /usr/bin
PATH: /sbin
PATH: /bin
PATH: /usr/bin/X11
PATH: /home/vincent/bin


## ----------- ##
## Core tests. ##
## ----------- ##

configure:1202: checking for mipsel-elf-gcc
configure:1231: result: no
configure:1240: checking for gcc
configure:1256: found /home2/vincent/work/usb-router-buildroot/build/staging_dir/usr/bin/gcc
configure:1266: result: gcc
configure:1510: checking for C compiler version
configure:1513: gcc --version </dev/null >&5
3.0
configure:1516: $? = 0
configure:1518: gcc -v </dev/null >&5
Invoked as gcc
arg[ 0] = /opt/brcm/hndtools-mipsel-linux-3.0/bin/mipsel-linux-gcc
arg[ 1] = -v
Reading specs from /opt/brcm/hndtools-mipsel-linux-3.0/bin/../lib/gcc-lib/mipsel-linux/3.0/specs
Configured with: 
gcc version 3.0 20010422 (prerelease) with bcm4710a0 modifications
configure:1521: $? = 0
configure:1523: gcc -V </dev/null >&5
mipsel-linux-gcc: argument to `-V' is missing
configure:1526: $? = 1
configure:1552: checking for C compiler default output
configure:1555: gcc    conftest.c  >&5
configure:1558: $? = 0
configure:1591: result: a.out
configure:1596: checking whether the C compiler works
configure:1620: result: yes
configure:1627: checking whether we are cross compiling
configure:1629: result: yes
configure:1632: checking for suffix of executables
configure:1634: gcc -o conftest    conftest.c  >&5
configure:1637: $? = 0
configure:1659: result: 
configure:1665: checking for suffix of object files
configure:1689: gcc -c   conftest.c >&5
configure:1692: $? = 0
configure:1711: result: o
configure:1715: checking whether we are using the GNU C compiler
configure:1742: gcc -c   conftest.c >&5
configure:1745: $? = 0
configure:1748: test -s conftest.o
configure:1751: $? = 0
configure:1763: result: yes
configure:1769: checking whether gcc accepts -g
configure:1793: gcc -c -g  conftest.c >&5
configure:1796: $? = 0
configure:1799: test -s conftest.o
configure:1802: $? = 0
configure:1812: result: yes
configure:1839: gcc -c -g -O2  conftest.c >&5
conftest.c:2: parse error before "me"
configure:1842: $? = 1
configure: failed program was:
#ifndef __cplusplus
  choke me
#endif
configure:1989: checking for a BSD-compatible install
configure:2043: result: /usr/bin/install -c
configure:2057: checking for mipsel-elf-ranlib
configure:2086: result: no
configure:2095: checking for ranlib
configure:2111: found /home2/vincent/work/usb-router-buildroot/build/staging_dir/usr/bin/ranlib
configure:2122: result: ranlib
configure:2141: checking how to run the C preprocessor
configure:2167: gcc -E  conftest.c
configure:2173: $? = 0
configure:2200: gcc -E  conftest.c
configure:2196:28: ac_nonexistent.h: No such file or directory
configure:2206: $? = 1
configure: failed program was:
#line 2195 "configure"
#include "confdefs.h"
#include <ac_nonexistent.h>
configure:2243: result: gcc -E
configure:2258: gcc -E  conftest.c
configure:2264: $? = 0
configure:2291: gcc -E  conftest.c
configure:2287:28: ac_nonexistent.h: No such file or directory
configure:2297: $? = 1
configure: failed program was:
#line 2286 "configure"
#include "confdefs.h"
#include <ac_nonexistent.h>
configure:2337: checking for ANSI C header files
configure:2351: gcc -E  conftest.c
configure:2357: $? = 0
configure:2464: result: yes
configure:2474: checking for sys/wait.h that is POSIX.1 compatible
configure:2508: gcc -c -g -O2  conftest.c >&5
configure:2511: $? = 0
configure:2514: test -s conftest.o
configure:2517: $? = 0
configure:2527: result: yes
configure:2551: checking for sys/types.h
configure:2564: gcc -c -g -O2  conftest.c >&5
configure:2567: $? = 0
configure:2570: test -s conftest.o
configure:2573: $? = 0
configure:2583: result: yes
configure:2551: checking for sys/stat.h
configure:2564: gcc -c -g -O2  conftest.c >&5
configure:2567: $? = 0
configure:2570: test -s conftest.o
configure:2573: $? = 0
configure:2583: result: yes
configure:2551: checking for stdlib.h
configure:2564: gcc -c -g -O2  conftest.c >&5
configure:2567: $? = 0
configure:2570: test -s conftest.o
configure:2573: $? = 0
configure:2583: result: yes
configure:2551: checking for string.h
configure:2564: gcc -c -g -O2  conftest.c >&5
configure:2567: $? = 0
configure:2570: test -s conftest.o
configure:2573: $? = 0
configure:2583: result: yes
configure:2551: checking for memory.h
configure:2564: gcc -c -g -O2  conftest.c >&5
configure:2567: $? = 0
configure:2570: test -s conftest.o
configure:2573: $? = 0
configure:2583: result: yes
configure:2551: checking for strings.h
configure:2564: gcc -c -g -O2  conftest.c >&5
configure:2567: $? = 0
configure:2570: test -s conftest.o
configure:2573: $? = 0
configure:2583: result: yes
configure:2551: checking for inttypes.h
configure:2564: gcc -c -g -O2  conftest.c >&5
configure:2567: $? = 0
configure:2570: test -s conftest.o
configure:2573: $? = 0
configure:2583: result: yes
configure:2551: checking for stdint.h
configure:2564: gcc -c -g -O2  conftest.c >&5
configure:2567: $? = 0
configure:2570: test -s conftest.o
configure:2573: $? = 0
configure:2583: result: yes
configure:2551: checking for unistd.h
configure:2564: gcc -c -g -O2  conftest.c >&5
configure:2567: $? = 0
configure:2570: test -s conftest.o
configure:2573: $? = 0
configure:2583: result: yes
configure:2612: checking fcntl.h usability
configure:2621: gcc -c -g -O2  conftest.c >&5
configure:2624: $? = 0
configure:2627: test -s conftest.o
configure:2630: $? = 0
configure:2639: result: yes
configure:2643: checking fcntl.h presence
configure:2650: gcc -E  conftest.c
configure:2656: $? = 0
configure:2674: result: yes
configure:2692: checking for fcntl.h
configure:2699: result: yes
configure:2612: checking sys/ioctl.h usability
configure:2621: gcc -c -g -O2  conftest.c >&5
configure:2624: $? = 0
configure:2627: test -s conftest.o
configure:2630: $? = 0
configure:2639: result: yes
configure:2643: checking sys/ioctl.h presence
configure:2650: gcc -E  conftest.c
configure:2656: $? = 0
configure:2674: result: yes
configure:2692: checking for sys/ioctl.h
configure:2699: result: yes
configure:2612: checking sys/time.h usability
configure:2621: gcc -c -g -O2  conftest.c >&5
configure:2624: $? = 0
configure:2627: test -s conftest.o
configure:2630: $? = 0
configure:2639: result: yes
configure:2643: checking sys/time.h presence
configure:2650: gcc -E  conftest.c
configure:2656: $? = 0
configure:2674: result: yes
configure:2692: checking for sys/time.h
configure:2699: result: yes
configure:2603: checking for unistd.h
configure:2608: result: yes
configure:2713: checking for gcc option to accept ANSI C
configure:2776: gcc  -c -g -O2  conftest.c >&5
configure:2779: $? = 0
configure:2782: test -s conftest.o
configure:2785: $? = 0
configure:2802: result: none needed
configure:2810: checking for an ANSI C-conforming const
configure:2880: gcc -c -g -O2  conftest.c >&5
configure:2883: $? = 0
configure:2886: test -s conftest.o
configure:2889: $? = 0
configure:2899: result: yes
configure:2909: checking whether time.h and sys/time.h may both be included
configure:2937: gcc -c -g -O2  conftest.c >&5
configure:2940: $? = 0
configure:2943: test -s conftest.o
configure:2946: $? = 0
configure:2956: result: yes
configure:2969: checking for working alloca.h
configure:2993: gcc -o conftest -g -O2   conftest.c  >&5
configure:2996: $? = 0
configure:2999: test -s conftest
configure:3002: $? = 0
configure:3012: result: yes
configure:3022: checking for alloca
configure:3066: gcc -o conftest -g -O2   conftest.c  >&5
configure:3069: $? = 0
configure:3072: test -s conftest
configure:3075: $? = 0
configure:3085: result: yes
configure:3276: checking whether gcc needs -traditional
configure:3312: result: no
configure:3319: checking for working memcmp
configure:3391: result: no
configure:3395: checking return type of signal handlers
configure:3429: gcc -c -g -O2  conftest.c >&5
configure:3432: $? = 0
configure:3435: test -s conftest.o
configure:3438: $? = 0
configure:3448: result: void
configure:3456: checking for wait3 that fills in rusage
configure:3525: result: no
configure:3542: checking for gethostname
configure:3585: gcc -o conftest -g -O2   conftest.c  >&5
configure:3588: $? = 0
configure:3591: test -s conftest
configure:3594: $? = 0
configure:3604: result: yes
configure:3542: checking for socket
configure:3585: gcc -o conftest -g -O2   conftest.c  >&5
configure:3588: $? = 0
configure:3591: test -s conftest
configure:3594: $? = 0
configure:3604: result: yes
configure:3542: checking for strdup
configure:3585: gcc -o conftest -g -O2   conftest.c  >&5
configure:3588: $? = 0
configure:3591: test -s conftest
configure:3594: $? = 0
configure:3604: result: yes
configure:3542: checking for uname
configure:3585: gcc -o conftest -g -O2   conftest.c  >&5
configure:3588: $? = 0
configure:3591: test -s conftest
configure:3594: $? = 0
configure:3604: result: yes
configure:3615: checking for if_nametoindex
configure:3658: gcc -o conftest -g -O2   conftest.c  >&5
configure:3661: $? = 0
configure:3664: test -s conftest
configure:3667: $? = 0
configure:3677: result: yes
configure:3799: creating ./config.status

## ---------------------- ##
## Running config.status. ##
## ---------------------- ##

This file was extended by config.status, which was
generated by GNU Autoconf 2.53.  Invocation command line was

  CONFIG_FILES    = 
  CONFIG_HEADERS  = 
  CONFIG_LINKS    = 
  CONFIG_COMMANDS = 
  $ ./config.status 

on itgserver200

config.status:567: creating doc/Makefile
config.status:567: creating libbridge/Makefile
config.status:567: creating brctl/Makefile
config.status:567: creating Makefile

## ---------------- ##
## Cache variables. ##
## ---------------- ##

ac_cv_c_compiler_gnu=yes
ac_cv_c_const=yes
ac_cv_env_CC_set=
ac_cv_env_CC_value=
ac_cv_env_CFLAGS_set=
ac_cv_env_CFLAGS_value=
ac_cv_env_CPPFLAGS_set=
ac_cv_env_CPPFLAGS_value=
ac_cv_env_CPP_set=
ac_cv_env_CPP_value=
ac_cv_env_LDFLAGS_set=
ac_cv_env_LDFLAGS_value=
ac_cv_env_build_alias_set=set
ac_cv_env_build_alias_value=i386-pc-linux-gnu
ac_cv_env_host_alias_set=set
ac_cv_env_host_alias_value=mipsel-elf
ac_cv_env_target_alias_set=
ac_cv_env_target_alias_value=
ac_cv_exeext=
ac_cv_func_alloca_works=yes
ac_cv_func_gethostname=yes
ac_cv_func_if_nametoindex=yes
ac_cv_func_memcmp_working=no
ac_cv_func_socket=yes
ac_cv_func_strdup=yes
ac_cv_func_uname=yes
ac_cv_func_wait3_rusage=no
ac_cv_header_fcntl_h=yes
ac_cv_header_inttypes_h=yes
ac_cv_header_memory_h=yes
ac_cv_header_stdc=yes
ac_cv_header_stdint_h=yes
ac_cv_header_stdlib_h=yes
ac_cv_header_string_h=yes
ac_cv_header_strings_h=yes
ac_cv_header_sys_ioctl_h=yes
ac_cv_header_sys_stat_h=yes
ac_cv_header_sys_time_h=yes
ac_cv_header_sys_types_h=yes
ac_cv_header_sys_wait_h=yes
ac_cv_header_time=yes
ac_cv_header_unistd_h=yes
ac_cv_objext=o
ac_cv_path_install='/usr/bin/install -c'
ac_cv_prog_CPP='gcc -E'
ac_cv_prog_ac_ct_CC=gcc
ac_cv_prog_ac_ct_RANLIB=ranlib
ac_cv_prog_cc_g=yes
ac_cv_prog_cc_stdc=
ac_cv_prog_gcc_traditional=no
ac_cv_type_signal=void
ac_cv_working_alloca_h=yes

## ----------- ##
## confdefs.h. ##
## ----------- ##

#define PACKAGE_NAME ""
#define PACKAGE_TARNAME ""
#define PACKAGE_VERSION ""
#define PACKAGE_STRING ""
#define PACKAGE_BUGREPORT ""
#define STDC_HEADERS 1
#define HAVE_SYS_WAIT_H 1
#define HAVE_SYS_TYPES_H 1
#define HAVE_SYS_STAT_H 1
#define HAVE_STDLIB_H 1
#define HAVE_STRING_H 1
#define HAVE_MEMORY_H 1
#define HAVE_STRINGS_H 1
#define HAVE_INTTYPES_H 1
#define HAVE_STDINT_H 1
#define HAVE_UNISTD_H 1
#define HAVE_FCNTL_H 1
#define HAVE_SYS_IOCTL_H 1
#define HAVE_SYS_TIME_H 1
#define HAVE_UNISTD_H 1
#define TIME_WITH_SYS_TIME 1
#define HAVE_ALLOCA_H 1
#define HAVE_ALLOCA 1
#define RETSIGTYPE void
#define HAVE_GETHOSTNAME 1
#define HAVE_SOCKET 1
#define HAVE_STRDUP 1
#define HAVE_UNAME 1

configure: exit 0
