This file contains any messages produced by compilers while
running configure, to aid debugging if configure makes a mistake.

It was created by configure, which was
generated by GNU Autoconf 2.57.  Invocation command line was

  $ ./configure --build=i686-pc-linux-gnu --host=mipsel-elf

## --------- ##
## Platform. ##
## --------- ##

hostname = itgserver200
uname -m = i686
uname -r = 2.4.25-1-686
uname -s = Linux
uname -v = #1 Tue Feb 24 10:55:59 EST 2004

/usr/bin/uname -p = unknown
/bin/uname -X     = unknown

/bin/arch              = i686
/usr/bin/arch -k       = unknown
/usr/convex/getsysinfo = unknown
hostinfo               = unknown
/bin/machine           = unknown
/usr/bin/oslevel       = unknown
/bin/universe          = unknown

PATH: /usr/local/bin
PATH: /usr/bin
PATH: /bin
PATH: /usr/bin/X11
PATH: /usr/games


## ----------- ##
## Core tests. ##
## ----------- ##

configure:1317: checking for a BSD-compatible install
configure:1371: result: /usr/bin/install -c
configure:1382: checking whether build environment is sane
configure:1425: result: yes
configure:1458: checking for gawk
configure:1474: found /usr/bin/gawk
configure:1484: result: gawk
configure:1494: checking whether make sets $(MAKE)
configure:1514: result: yes
configure:1584: checking for mipsel-elf-strip
configure:1613: result: no
configure:1622: checking for strip
configure:1638: found /usr/bin/strip
configure:1649: result: strip
configure:1676: checking build system type
configure:1694: result: i686-pc-linux-gnu
configure:1702: checking host system type
configure:1716: result: mipsel-unknown-elf
configure:1741: checking for mipsel-elf-gcc
configure:1770: result: no
configure:1779: checking for gcc
configure:1795: found /usr/bin/gcc
configure:1805: result: gcc
configure:2049: checking for C compiler version
configure:2052: gcc --version </dev/null >&5
2.95.4
configure:2055: $? = 0
configure:2057: gcc -v </dev/null >&5
Reading specs from /usr/lib/gcc-lib/i386-linux/2.95.4/specs
gcc version 2.95.4 20011002 (Debian prerelease)
configure:2060: $? = 0
configure:2062: gcc -V </dev/null >&5
gcc: argument to `-V' is missing
configure:2065: $? = 1
configure:2089: checking for C compiler default output
configure:2092: gcc   -s -O2 conftest.c  >&5
configure:2095: $? = 0
configure:2141: result: a.out
configure:2146: checking whether the C compiler works
configure:2172: result: yes
configure:2179: checking whether we are cross compiling
configure:2181: result: yes
configure:2184: checking for suffix of executables
configure:2186: gcc -o conftest   -s -O2 conftest.c  >&5
configure:2189: $? = 0
configure:2214: result: 
configure:2220: checking for suffix of object files
configure:2242: gcc -c   conftest.c >&5
configure:2245: $? = 0
configure:2267: result: o
configure:2271: checking whether we are using the GNU C compiler
configure:2296: gcc -c   conftest.c >&5
configure:2299: $? = 0
configure:2302: test -s conftest.o
configure:2305: $? = 0
configure:2318: result: yes
configure:2324: checking whether gcc accepts -g
configure:2346: gcc -c -g  conftest.c >&5
configure:2349: $? = 0
configure:2352: test -s conftest.o
configure:2355: $? = 0
configure:2366: result: yes
configure:2383: checking for gcc option to accept ANSI C
configure:2444: gcc  -c -g -O2  conftest.c >&5
configure:2447: $? = 0
configure:2450: test -s conftest.o
configure:2453: $? = 0
configure:2471: result: none needed
configure:2489: gcc -c -g -O2  conftest.c >&5
conftest.c:2: parse error before `me'
configure:2492: $? = 1
configure: failed program was:
| #ifndef __cplusplus
|   choke me
| #endif
configure:2620: checking for style of include used by make
configure:2648: result: GNU
configure:2676: checking dependency style of gcc
configure:2738: result: gcc
configure:2767: checking for a BSD-compatible install
configure:2821: result: /usr/bin/install -c
configure:2840: checking how to run the C preprocessor
configure:2876: gcc -E  conftest.c
configure:2882: $? = 0
configure:2914: gcc -E  conftest.c
configure:2915: ac_nonexistent.h: No such file or directory
configure:2920: $? = 1
configure: failed program was:
| #line 2905 "configure"
| /* confdefs.h.  */
| 
| #define PACKAGE_NAME ""
| #define PACKAGE_TARNAME ""
| #define PACKAGE_VERSION ""
| #define PACKAGE_STRING ""
| #define PACKAGE_BUGREPORT ""
| #define PACKAGE "dhcpcd"
| #define VERSION "1.3.22-pl4"
| /* end confdefs.h.  */
| #include <ac_nonexistent.h>
configure:2958: result: gcc -E
configure:2983: gcc -E  conftest.c
configure:2989: $? = 0
configure:3021: gcc -E  conftest.c
configure:3022: ac_nonexistent.h: No such file or directory
configure:3027: $? = 1
configure: failed program was:
| #line 3012 "configure"
| /* confdefs.h.  */
| 
| #define PACKAGE_NAME ""
| #define PACKAGE_TARNAME ""
| #define PACKAGE_VERSION ""
| #define PACKAGE_STRING ""
| #define PACKAGE_BUGREPORT ""
| #define PACKAGE "dhcpcd"
| #define VERSION "1.3.22-pl4"
| /* end confdefs.h.  */
| #include <ac_nonexistent.h>
configure:3070: checking for egrep
configure:3080: result: grep -E
configure:3085: checking for ANSI C header files
configure:3111: gcc -c -g -O2  conftest.c >&5
configure:3114: $? = 0
configure:3117: test -s conftest.o
configure:3120: $? = 0
configure:3232: result: yes
configure:3256: checking for sys/types.h
configure:3273: gcc -c -g -O2  conftest.c >&5
configure:3276: $? = 0
configure:3279: test -s conftest.o
configure:3282: $? = 0
configure:3293: result: yes
configure:3256: checking for sys/stat.h
configure:3273: gcc -c -g -O2  conftest.c >&5
configure:3276: $? = 0
configure:3279: test -s conftest.o
configure:3282: $? = 0
configure:3293: result: yes
configure:3256: checking for stdlib.h
configure:3273: gcc -c -g -O2  conftest.c >&5
configure:3276: $? = 0
configure:3279: test -s conftest.o
configure:3282: $? = 0
configure:3293: result: yes
configure:3256: checking for string.h
configure:3273: gcc -c -g -O2  conftest.c >&5
configure:3276: $? = 0
configure:3279: test -s conftest.o
configure:3282: $? = 0
configure:3293: result: yes
configure:3256: checking for memory.h
configure:3273: gcc -c -g -O2  conftest.c >&5
configure:3276: $? = 0
configure:3279: test -s conftest.o
configure:3282: $? = 0
configure:3293: result: yes
configure:3256: checking for strings.h
configure:3273: gcc -c -g -O2  conftest.c >&5
configure:3276: $? = 0
configure:3279: test -s conftest.o
configure:3282: $? = 0
configure:3293: result: yes
configure:3256: checking for inttypes.h
configure:3273: gcc -c -g -O2  conftest.c >&5
configure:3276: $? = 0
configure:3279: test -s conftest.o
configure:3282: $? = 0
configure:3293: result: yes
configure:3256: checking for stdint.h
configure:3273: gcc -c -g -O2  conftest.c >&5
configure:3276: $? = 0
configure:3279: test -s conftest.o
configure:3282: $? = 0
configure:3293: result: yes
configure:3256: checking for unistd.h
configure:3273: gcc -c -g -O2  conftest.c >&5
configure:3276: $? = 0
configure:3279: test -s conftest.o
configure:3282: $? = 0
configure:3293: result: yes
configure:3324: checking fcntl.h usability
configure:3337: gcc -c -g -O2  conftest.c >&5
configure:3340: $? = 0
configure:3343: test -s conftest.o
configure:3346: $? = 0
configure:3356: result: yes
configure:3360: checking fcntl.h presence
configure:3371: gcc -E  conftest.c
configure:3377: $? = 0
configure:3396: result: yes
configure:3432: checking for fcntl.h
configure:3439: result: yes
configure:3324: checking paths.h usability
configure:3337: gcc -c -g -O2  conftest.c >&5
configure:3340: $? = 0
configure:3343: test -s conftest.o
configure:3346: $? = 0
configure:3356: result: yes
configure:3360: checking paths.h presence
configure:3371: gcc -E  conftest.c
configure:3377: $? = 0
configure:3396: result: yes
configure:3432: checking for paths.h
configure:3439: result: yes
configure:3324: checking sys/ioctl.h usability
configure:3337: gcc -c -g -O2  conftest.c >&5
configure:3340: $? = 0
configure:3343: test -s conftest.o
configure:3346: $? = 0
configure:3356: result: yes
configure:3360: checking sys/ioctl.h presence
configure:3371: gcc -E  conftest.c
configure:3377: $? = 0
configure:3396: result: yes
configure:3432: checking for sys/ioctl.h
configure:3439: result: yes
configure:3324: checking sys/time.h usability
configure:3337: gcc -c -g -O2  conftest.c >&5
configure:3340: $? = 0
configure:3343: test -s conftest.o
configure:3346: $? = 0
configure:3356: result: yes
configure:3360: checking sys/time.h presence
configure:3371: gcc -E  conftest.c
configure:3377: $? = 0
configure:3396: result: yes
configure:3432: checking for sys/time.h
configure:3439: result: yes
configure:3324: checking syslog.h usability
configure:3337: gcc -c -g -O2  conftest.c >&5
configure:3340: $? = 0
configure:3343: test -s conftest.o
configure:3346: $? = 0
configure:3356: result: yes
configure:3360: checking syslog.h presence
configure:3371: gcc -E  conftest.c
configure:3377: $? = 0
configure:3396: result: yes
configure:3432: checking for syslog.h
configure:3439: result: yes
configure:3315: checking for unistd.h
configure:3320: result: yes
configure:3453: checking for mode_t
configure:3478: gcc -c -g -O2  conftest.c >&5
configure:3481: $? = 0
configure:3484: test -s conftest.o
configure:3487: $? = 0
configure:3498: result: yes
configure:3510: checking for pid_t
configure:3535: gcc -c -g -O2  conftest.c >&5
configure:3538: $? = 0
configure:3541: test -s conftest.o
configure:3544: $? = 0
configure:3555: result: yes
configure:3567: checking whether time.h and sys/time.h may both be included
configure:3593: gcc -c -g -O2  conftest.c >&5
configure:3596: $? = 0
configure:3599: test -s conftest.o
configure:3602: $? = 0
configure:3613: result: yes
configure:3625: checking whether gcc needs -traditional
configure:3669: result: no
configure:3676: checking for working memcmp
configure:3747: result: no
configure:3757: checking for select
configure:3807: gcc -o conftest -g -O2  -s -O2 conftest.c  >&5
configure:3810: $? = 0
configure:3813: test -s conftest
configure:3816: $? = 0
configure:3827: result: yes
configure:3757: checking for socket
configure:3807: gcc -o conftest -g -O2  -s -O2 conftest.c  >&5
configure:3810: $? = 0
configure:3813: test -s conftest
configure:3816: $? = 0
configure:3827: result: yes
configure:3757: checking for uname
configure:3807: gcc -o conftest -g -O2  -s -O2 conftest.c  >&5
configure:3810: $? = 0
configure:3813: test -s conftest
configure:3816: $? = 0
configure:3827: result: yes
configure:3979: creating ./config.status

## ---------------------- ##
## Running config.status. ##
## ---------------------- ##

This file was extended by config.status, which was
generated by GNU Autoconf 2.57.  Invocation command line was

  CONFIG_FILES    = 
  CONFIG_HEADERS  = 
  CONFIG_LINKS    = 
  CONFIG_COMMANDS = 
  $ ./config.status 

on itgserver200

config.status:655: creating Makefile
config.status:655: creating dhcpcd.spec
config.status:780: executing depfiles commands

## ---------------- ##
## Cache variables. ##
## ---------------- ##

ac_cv_build=i686-pc-linux-gnu
ac_cv_build_alias=i686-pc-linux-gnu
ac_cv_c_compiler_gnu=yes
ac_cv_env_CC_set=
ac_cv_env_CC_value=
ac_cv_env_CFLAGS_set=
ac_cv_env_CFLAGS_value=
ac_cv_env_CPPFLAGS_set=
ac_cv_env_CPPFLAGS_value=
ac_cv_env_CPP_set=
ac_cv_env_CPP_value=
ac_cv_env_LDFLAGS_set=
ac_cv_env_LDFLAGS_value=
ac_cv_env_build_alias_set=set
ac_cv_env_build_alias_value=i686-pc-linux-gnu
ac_cv_env_host_alias_set=set
ac_cv_env_host_alias_value=mipsel-elf
ac_cv_env_target_alias_set=
ac_cv_env_target_alias_value=
ac_cv_exeext=
ac_cv_func_memcmp_working=no
ac_cv_func_select=yes
ac_cv_func_socket=yes
ac_cv_func_uname=yes
ac_cv_header_fcntl_h=yes
ac_cv_header_inttypes_h=yes
ac_cv_header_memory_h=yes
ac_cv_header_paths_h=yes
ac_cv_header_stdc=yes
ac_cv_header_stdint_h=yes
ac_cv_header_stdlib_h=yes
ac_cv_header_string_h=yes
ac_cv_header_strings_h=yes
ac_cv_header_sys_ioctl_h=yes
ac_cv_header_sys_stat_h=yes
ac_cv_header_sys_time_h=yes
ac_cv_header_sys_types_h=yes
ac_cv_header_syslog_h=yes
ac_cv_header_time=yes
ac_cv_header_unistd_h=yes
ac_cv_host=mipsel-unknown-elf
ac_cv_host_alias=mipsel-elf
ac_cv_objext=o
ac_cv_path_install='/usr/bin/install -c'
ac_cv_prog_AWK=gawk
ac_cv_prog_CPP='gcc -E'
ac_cv_prog_ac_ct_CC=gcc
ac_cv_prog_ac_ct_STRIP=strip
ac_cv_prog_cc_g=yes
ac_cv_prog_cc_stdc=
ac_cv_prog_egrep='grep -E'
ac_cv_prog_gcc_traditional=no
ac_cv_prog_make_make_set=yes
ac_cv_type_mode_t=yes
ac_cv_type_pid_t=yes
am_cv_CC_dependencies_compiler_type=gcc

## ----------------- ##
## Output variables. ##
## ----------------- ##

ACLOCAL='${SHELL} /home/changcs/usb-router-buildroot/build/dhcpcd/missing --run aclocal-1.7'
AMDEPBACKSLASH='\'
AMDEP_FALSE='#'
AMDEP_TRUE=''
AMTAR='${SHELL} /home/changcs/usb-router-buildroot/build/dhcpcd/missing --run tar'
AUTOCONF='${SHELL} /home/changcs/usb-router-buildroot/build/dhcpcd/missing --run autoconf'
AUTOHEADER='${SHELL} /home/changcs/usb-router-buildroot/build/dhcpcd/missing --run autoheader'
AUTOMAKE='${SHELL} /home/changcs/usb-router-buildroot/build/dhcpcd/missing --run automake-1.7'
AWK='gawk'
CC='gcc'
CCDEPMODE='depmode=gcc'
CFLAGS='-g -O2'
CPP='gcc -E'
CPPFLAGS=''
CYGPATH_W='echo'
DEFS='-DPACKAGE_NAME=\"\" -DPACKAGE_TARNAME=\"\" -DPACKAGE_VERSION=\"\" -DPACKAGE_STRING=\"\" -DPACKAGE_BUGREPORT=\"\" -DPACKAGE=\"dhcpcd\" -DVERSION=\"1.3.22-pl4\" -DSTDC_HEADERS=1 -DHAVE_SYS_TYPES_H=1 -DHAVE_SYS_STAT_H=1 -DHAVE_STDLIB_H=1 -DHAVE_STRING_H=1 -DHAVE_MEMORY_H=1 -DHAVE_STRINGS_H=1 -DHAVE_INTTYPES_H=1 -DHAVE_STDINT_H=1 -DHAVE_UNISTD_H=1 -DHAVE_FCNTL_H=1 -DHAVE_PATHS_H=1 -DHAVE_SYS_IOCTL_H=1 -DHAVE_SYS_TIME_H=1 -DHAVE_SYSLOG_H=1 -DHAVE_UNISTD_H=1 -DTIME_WITH_SYS_TIME=1 -DHAVE_SELECT=1 -DHAVE_SOCKET=1 -DHAVE_UNAME=1 '
DEPDIR='.deps'
DHCPCD_REL='-pl4'
DHCPCD_VERSION='1.3.22'
ECHO_C=''
ECHO_N='-n'
ECHO_T=''
EGREP='grep -E'
EXEEXT=''
INSTALL_DATA='${INSTALL} -m 644'
INSTALL_PROGRAM='${INSTALL}'
INSTALL_SCRIPT='${INSTALL}'
INSTALL_STRIP_PROGRAM='${SHELL} $(install_sh) -c -s'
LDFLAGS='-s -O2'
LIBOBJS=' memcmp$U.o'
LIBS=''
LTLIBOBJS=' memcmp$U.lo'
MAKEINFO='${SHELL} /home/changcs/usb-router-buildroot/build/dhcpcd/missing --run makeinfo'
OBJEXT='o'
PACKAGE='dhcpcd'
PACKAGE_BUGREPORT=''
PACKAGE_NAME=''
PACKAGE_STRING=''
PACKAGE_TARNAME=''
PACKAGE_VERSION=''
PATH_SEPARATOR=':'
RH_VERSION='1.3.22pl4'
SET_MAKE=''
SHELL='/bin/sh'
STRIP='strip'
VERSION='1.3.22-pl4'
ac_ct_CC='gcc'
ac_ct_STRIP='strip'
am__fastdepCC_FALSE=''
am__fastdepCC_TRUE='#'
am__include='include'
am__quote=''
bindir='${exec_prefix}/bin'
build='i686-pc-linux-gnu'
build_alias='i686-pc-linux-gnu'
build_cpu='i686'
build_os='linux-gnu'
build_vendor='pc'
datadir='${prefix}/share'
exec_prefix='${prefix}'
host='mipsel-unknown-elf'
host_alias='mipsel-elf'
host_cpu='mipsel'
host_os='elf'
host_vendor='unknown'
includedir='${prefix}/include'
infodir='${prefix}/info'
install_sh='/home/changcs/usb-router-buildroot/build/dhcpcd/install-sh'
libdir='${exec_prefix}/lib'
libexecdir='${exec_prefix}/libexec'
localstatedir='${prefix}/var'
mandir='${prefix}/man'
oldincludedir='/usr/include'
prefix='/usr/local'
program_transform_name='s,x,x,'
sbindir='${exec_prefix}/sbin'
sharedstatedir='${prefix}/com'
sysconfdir='${prefix}/etc'
target_alias=''

## ----------- ##
## confdefs.h. ##
## ----------- ##

#define HAVE_FCNTL_H 1
#define HAVE_INTTYPES_H 1
#define HAVE_MEMORY_H 1
#define HAVE_PATHS_H 1
#define HAVE_SELECT 1
#define HAVE_SOCKET 1
#define HAVE_STDINT_H 1
#define HAVE_STDLIB_H 1
#define HAVE_STRINGS_H 1
#define HAVE_STRING_H 1
#define HAVE_SYSLOG_H 1
#define HAVE_SYS_IOCTL_H 1
#define HAVE_SYS_STAT_H 1
#define HAVE_SYS_TIME_H 1
#define HAVE_SYS_TYPES_H 1
#define HAVE_UNAME 1
#define HAVE_UNISTD_H 1
#define HAVE_UNISTD_H 1
#define PACKAGE "dhcpcd"
#define PACKAGE_BUGREPORT ""
#define PACKAGE_NAME ""
#define PACKAGE_STRING ""
#define PACKAGE_TARNAME ""
#define PACKAGE_VERSION ""
#define STDC_HEADERS 1
#define TIME_WITH_SYS_TIME 1
#define VERSION "1.3.22-pl4"

configure: exit 0
